2025-03-09 12:55:44,276 [INFO] - Initializing PostgresDBBot...
2025-03-09 12:55:44,368 [INFO] - Connected to Postgres @ localhost:5434/Quant_Trading
2025-03-09 12:55:44,369 [INFO] - Tables verified/created successfully.
2025-03-09 12:55:44,374 [INFO] - DB Bot running, listening to Redis Pub/Sub...
2025-03-09 12:57:59,767 [INFO] - Kline data inserted for BTCUSDT, interval=1, time=2025-03-09 01:57:00
2025-03-09 12:58:59,784 [INFO] - Kline data inserted for BTCUSDT, interval=1, time=2025-03-09 01:58:00
2025-03-09 12:59:59,773 [INFO] - Kline data inserted for BTCUSDT, interval=1, time=2025-03-09 01:59:00
2025-03-09 12:59:59,875 [INFO] - Kline data inserted for BTCUSDT, interval=5, time=2025-03-09 01:55:00
2025-03-09 12:59:59,977 [INFO] - Kline data inserted for BTCUSDT, interval=60, time=2025-03-09 01:00:00
2025-03-09 13:00:59,753 [INFO] - Kline data inserted for BTCUSDT, interval=1, time=2025-03-09 02:00:00
2025-03-09 13:01:59,745 [INFO] - Kline data inserted for BTCUSDT, interval=1, time=2025-03-09 02:01:00
2025-03-09 13:02:59,743 [INFO] - Kline data inserted for BTCUSDT, interval=1, time=2025-03-09 02:02:00
2025-03-09 13:05:59,740 [INFO] - Kline data inserted for BTCUSDT, interval=1, time=2025-03-09 02:05:00
2025-03-09 13:06:59,739 [INFO] - Kline data inserted for BTCUSDT, interval=1, time=2025-03-09 02:06:00
2025-03-09 13:07:59,753 [INFO] - Kline data inserted for BTCUSDT, interval=1, time=2025-03-09 02:07:00
2025-03-09 13:26:59,722 [INFO] - Kline data inserted for BTCUSDT, interval=1, time=2025-03-09 02:26:00
2025-03-09 13:28:59,719 [INFO] - Kline data inserted for BTCUSDT, interval=1, time=2025-03-09 02:28:00
2025-03-09 13:29:59,740 [INFO] - Kline data inserted for BTCUSDT, interval=1, time=2025-03-09 02:29:00
2025-03-09 13:29:59,841 [INFO] - Kline data inserted for BTCUSDT, interval=5, time=2025-03-09 02:25:00
2025-03-09 13:30:59,718 [INFO] - Kline data inserted for BTCUSDT, interval=1, time=2025-03-09 02:30:00
2025-03-09 13:31:59,717 [INFO] - Kline data inserted for BTCUSDT, interval=1, time=2025-03-09 02:31:00
2025-03-09 13:32:59,777 [INFO] - Kline data inserted for BTCUSDT, interval=1, time=2025-03-09 02:32:00
2025-03-09 13:33:59,811 [INFO] - Kline data inserted for BTCUSDT, interval=1, time=2025-03-09 02:33:00
2025-03-09 13:34:59,713 [INFO] - Kline data inserted for BTCUSDT, interval=1, time=2025-03-09 02:34:00
2025-03-09 13:34:59,815 [INFO] - Kline data inserted for BTCUSDT, interval=5, time=2025-03-09 02:30:00
2025-03-09 13:35:59,713 [INFO] - Kline data inserted for BTCUSDT, interval=1, time=2025-03-09 02:35:00
2025-03-09 13:36:59,712 [INFO] - Kline data inserted for BTCUSDT, interval=1, time=2025-03-09 02:36:00
2025-03-09 13:37:59,711 [INFO] - Kline data inserted for BTCUSDT, interval=1, time=2025-03-09 02:37:00
2025-03-09 13:38:59,763 [INFO] - Kline data inserted for BTCUSDT, interval=1, time=2025-03-09 02:38:00
2025-03-09 13:39:59,709 [INFO] - Kline data inserted for BTCUSDT, interval=1, time=2025-03-09 02:39:00
2025-03-09 13:39:59,811 [INFO] - Kline data inserted for BTCUSDT, interval=5, time=2025-03-09 02:35:00
2025-03-09 13:40:59,708 [INFO] - Kline data inserted for BTCUSDT, interval=1, time=2025-03-09 02:40:00
2025-03-09 13:41:59,744 [INFO] - Kline data inserted for BTCUSDT, interval=1, time=2025-03-09 02:41:00
2025-03-09 13:42:59,706 [INFO] - Kline data inserted for BTCUSDT, interval=1, time=2025-03-09 02:42:00
2025-03-09 13:43:59,705 [INFO] - Kline data inserted for BTCUSDT, interval=1, time=2025-03-09 02:43:00
2025-03-09 13:44:59,769 [INFO] - Kline data inserted for BTCUSDT, interval=1, time=2025-03-09 02:44:00
2025-03-09 13:44:59,871 [INFO] - Kline data inserted for BTCUSDT, interval=5, time=2025-03-09 02:40:00
2025-03-09 13:45:59,703 [INFO] - Kline data inserted for BTCUSDT, interval=1, time=2025-03-09 02:45:00
2025-03-09 13:46:59,785 [INFO] - Kline data inserted for BTCUSDT, interval=1, time=2025-03-09 02:46:00
2025-03-09 13:47:59,702 [INFO] - Kline data inserted for BTCUSDT, interval=1, time=2025-03-09 02:47:00
2025-03-09 13:48:59,788 [INFO] - Kline data inserted for BTCUSDT, interval=1, time=2025-03-09 02:48:00
2025-03-09 13:49:59,768 [INFO] - Kline data inserted for BTCUSDT, interval=5, time=2025-03-09 02:45:00
2025-03-09 13:49:59,871 [INFO] - Kline data inserted for BTCUSDT, interval=1, time=2025-03-09 02:49:00
2025-03-09 13:50:59,700 [INFO] - Kline data inserted for BTCUSDT, interval=1, time=2025-03-09 02:50:00
2025-03-09 13:51:59,697 [INFO] - Kline data inserted for BTCUSDT, interval=1, time=2025-03-09 02:51:00
2025-03-09 13:52:59,738 [INFO] - Kline data inserted for BTCUSDT, interval=1, time=2025-03-09 02:52:00
2025-03-09 13:53:59,761 [INFO] - Kline data inserted for BTCUSDT, interval=1, time=2025-03-09 02:53:00
2025-03-09 13:54:59,696 [INFO] - Kline data inserted for BTCUSDT, interval=1, time=2025-03-09 02:54:00
2025-03-09 13:54:59,798 [INFO] - Kline data inserted for BTCUSDT, interval=5, time=2025-03-09 02:50:00
2025-03-09 14:00:59,689 [INFO] - Kline data inserted for BTCUSDT, interval=1, time=2025-03-09 03:00:00
2025-03-09 14:14:59,676 [INFO] - Kline data inserted for BTCUSDT, interval=5, time=2025-03-09 03:10:00
2025-03-09 14:14:59,778 [INFO] - Kline data inserted for BTCUSDT, interval=1, time=2025-03-09 03:14:00
2025-03-09 14:15:59,675 [INFO] - Kline data inserted for BTCUSDT, interval=1, time=2025-03-09 03:15:00
2025-03-09 14:17:14,409 [INFO] - Kline data inserted for BTCUSDT, interval=1, time=2025-03-09 03:16:00
2025-03-09 14:17:59,675 [INFO] - Kline data inserted for BTCUSDT, interval=1, time=2025-03-09 03:17:00
2025-03-09 14:18:59,684 [INFO] - Kline data inserted for BTCUSDT, interval=1, time=2025-03-09 03:18:00
2025-03-09 14:19:59,734 [INFO] - Kline data inserted for BTCUSDT, interval=1, time=2025-03-09 03:19:00
2025-03-09 14:19:59,837 [INFO] - Kline data inserted for BTCUSDT, interval=5, time=2025-03-09 03:15:00
2025-03-09 14:20:59,670 [INFO] - Kline data inserted for BTCUSDT, interval=1, time=2025-03-09 03:20:00
2025-03-09 14:21:59,669 [INFO] - Kline data inserted for BTCUSDT, interval=1, time=2025-03-09 03:21:00
2025-03-09 14:22:59,716 [INFO] - Kline data inserted for BTCUSDT, interval=1, time=2025-03-09 03:22:00
2025-03-09 14:23:59,707 [INFO] - Kline data inserted for BTCUSDT, interval=1, time=2025-03-09 03:23:00
2025-03-09 14:24:59,738 [INFO] - Kline data inserted for BTCUSDT, interval=1, time=2025-03-09 03:24:00
2025-03-09 14:24:59,840 [INFO] - Kline data inserted for BTCUSDT, interval=5, time=2025-03-09 03:20:00
2025-03-09 14:25:59,665 [INFO] - Kline data inserted for BTCUSDT, interval=1, time=2025-03-09 03:25:00
2025-03-09 14:26:59,702 [INFO] - Kline data inserted for BTCUSDT, interval=1, time=2025-03-09 03:26:00
2025-03-09 14:27:59,716 [INFO] - Kline data inserted for BTCUSDT, interval=1, time=2025-03-09 03:27:00
2025-03-09 14:28:59,758 [INFO] - Kline data inserted for BTCUSDT, interval=1, time=2025-03-09 03:28:00
2025-03-09 14:29:59,662 [INFO] - Kline data inserted for BTCUSDT, interval=1, time=2025-03-09 03:29:00
2025-03-09 14:29:59,764 [INFO] - Kline data inserted for BTCUSDT, interval=5, time=2025-03-09 03:25:00
2025-03-09 14:30:59,663 [INFO] - Kline data inserted for BTCUSDT, interval=1, time=2025-03-09 03:30:00
2025-03-09 14:31:59,674 [INFO] - Kline data inserted for BTCUSDT, interval=1, time=2025-03-09 03:31:00
2025-03-09 14:32:59,721 [INFO] - Kline data inserted for BTCUSDT, interval=1, time=2025-03-09 03:32:00
2025-03-09 14:33:59,756 [INFO] - Kline data inserted for BTCUSDT, interval=1, time=2025-03-09 03:33:00
2025-03-09 14:34:59,656 [INFO] - Kline data inserted for BTCUSDT, interval=1, time=2025-03-09 03:34:00
2025-03-09 14:34:59,779 [INFO] - Kline data inserted for BTCUSDT, interval=5, time=2025-03-09 03:30:00
2025-03-09 14:35:59,655 [INFO] - Kline data inserted for BTCUSDT, interval=1, time=2025-03-09 03:35:00
2025-03-09 14:36:59,655 [INFO] - Kline data inserted for BTCUSDT, interval=1, time=2025-03-09 03:36:00
2025-03-09 14:37:59,688 [INFO] - Kline data inserted for BTCUSDT, interval=1, time=2025-03-09 03:37:00
2025-03-09 14:38:59,742 [INFO] - Kline data inserted for BTCUSDT, interval=1, time=2025-03-09 03:38:00
2025-03-09 14:39:59,652 [INFO] - Kline data inserted for BTCUSDT, interval=1, time=2025-03-09 03:39:00
2025-03-09 14:39:59,754 [INFO] - Kline data inserted for BTCUSDT, interval=5, time=2025-03-09 03:35:00
2025-03-09 14:40:59,652 [INFO] - Kline data inserted for BTCUSDT, interval=1, time=2025-03-09 03:40:00
2025-03-09 14:41:59,694 [INFO] - Kline data inserted for BTCUSDT, interval=1, time=2025-03-09 03:41:00
2025-03-09 14:42:59,746 [INFO] - Kline data inserted for BTCUSDT, interval=1, time=2025-03-09 03:42:00
2025-03-09 14:43:59,648 [INFO] - Kline data inserted for BTCUSDT, interval=1, time=2025-03-09 03:43:00
2025-03-09 14:44:59,703 [INFO] - Kline data inserted for BTCUSDT, interval=1, time=2025-03-09 03:44:00
2025-03-09 14:44:59,805 [INFO] - Kline data inserted for BTCUSDT, interval=5, time=2025-03-09 03:40:00
2025-03-09 14:45:59,650 [INFO] - Kline data inserted for BTCUSDT, interval=1, time=2025-03-09 03:45:00
2025-03-09 14:46:59,674 [INFO] - Kline data inserted for BTCUSDT, interval=1, time=2025-03-09 03:46:00
2025-03-09 14:47:59,756 [INFO] - Kline data inserted for BTCUSDT, interval=1, time=2025-03-09 03:47:00
2025-03-09 14:48:59,659 [INFO] - Kline data inserted for BTCUSDT, interval=1, time=2025-03-09 03:48:00
2025-03-09 14:49:59,671 [INFO] - Kline data inserted for BTCUSDT, interval=1, time=2025-03-09 03:49:00
2025-03-09 14:49:59,773 [INFO] - Kline data inserted for BTCUSDT, interval=5, time=2025-03-09 03:45:00
2025-03-09 14:50:59,668 [INFO] - Kline data inserted for BTCUSDT, interval=1, time=2025-03-09 03:50:00
2025-03-09 14:51:59,697 [INFO] - Kline data inserted for BTCUSDT, interval=1, time=2025-03-09 03:51:00
2025-03-09 14:52:59,765 [INFO] - Kline data inserted for BTCUSDT, interval=1, time=2025-03-09 03:52:00
2025-03-09 14:53:59,674 [INFO] - Kline data inserted for BTCUSDT, interval=1, time=2025-03-09 03:53:00
2025-03-09 14:54:59,676 [INFO] - Kline data inserted for BTCUSDT, interval=1, time=2025-03-09 03:54:00
2025-03-09 14:54:59,778 [INFO] - Kline data inserted for BTCUSDT, interval=5, time=2025-03-09 03:50:00
2025-03-09 14:55:59,680 [INFO] - Kline data inserted for BTCUSDT, interval=1, time=2025-03-09 03:55:00
2025-03-09 14:56:59,715 [INFO] - Kline data inserted for BTCUSDT, interval=1, time=2025-03-09 03:56:00
2025-03-09 14:57:59,780 [INFO] - Kline data inserted for BTCUSDT, interval=1, time=2025-03-09 03:57:00
2025-03-09 14:58:59,690 [INFO] - Kline data inserted for BTCUSDT, interval=1, time=2025-03-09 03:58:00
2025-03-09 14:59:59,748 [INFO] - Kline data inserted for BTCUSDT, interval=1, time=2025-03-09 03:59:00
2025-03-09 14:59:59,850 [INFO] - Kline data inserted for BTCUSDT, interval=5, time=2025-03-09 03:55:00
2025-03-09 14:59:59,952 [INFO] - Kline data inserted for BTCUSDT, interval=60, time=2025-03-09 03:00:00
2025-03-09 15:00:59,695 [INFO] - Kline data inserted for BTCUSDT, interval=1, time=2025-03-09 04:00:00
2025-03-09 15:01:59,699 [INFO] - Kline data inserted for BTCUSDT, interval=1, time=2025-03-09 04:01:00
2025-03-09 15:02:59,703 [INFO] - Kline data inserted for BTCUSDT, interval=1, time=2025-03-09 04:02:00
2025-03-09 15:03:59,715 [INFO] - Kline data inserted for BTCUSDT, interval=1, time=2025-03-09 04:03:00
2025-03-09 15:04:59,734 [INFO] - Kline data inserted for BTCUSDT, interval=1, time=2025-03-09 04:04:00
2025-03-09 15:04:59,836 [INFO] - Kline data inserted for BTCUSDT, interval=5, time=2025-03-09 04:00:00
2025-03-09 15:05:59,710 [INFO] - Kline data inserted for BTCUSDT, interval=1, time=2025-03-09 04:05:00
2025-03-09 15:06:59,712 [INFO] - Kline data inserted for BTCUSDT, interval=1, time=2025-03-09 04:06:00
2025-03-09 15:07:59,792 [INFO] - Kline data inserted for BTCUSDT, interval=1, time=2025-03-09 04:07:00
2025-03-09 15:08:59,719 [INFO] - Kline data inserted for BTCUSDT, interval=1, time=2025-03-09 04:08:00
2025-03-09 15:09:59,722 [INFO] - Kline data inserted for BTCUSDT, interval=1, time=2025-03-09 04:09:00
2025-03-09 15:09:59,824 [INFO] - Kline data inserted for BTCUSDT, interval=5, time=2025-03-09 04:05:00
2025-03-09 15:10:59,725 [INFO] - Kline data inserted for BTCUSDT, interval=1, time=2025-03-09 04:10:00
2025-03-09 15:11:59,765 [INFO] - Kline data inserted for BTCUSDT, interval=1, time=2025-03-09 04:11:00
2025-03-09 15:12:59,795 [INFO] - Kline data inserted for BTCUSDT, interval=1, time=2025-03-09 04:12:00
2025-03-09 15:13:59,791 [INFO] - Kline data inserted for BTCUSDT, interval=1, time=2025-03-09 04:13:00
2025-03-09 15:14:59,736 [INFO] - Kline data inserted for BTCUSDT, interval=1, time=2025-03-09 04:14:00
2025-03-09 15:14:59,839 [INFO] - Kline data inserted for BTCUSDT, interval=5, time=2025-03-09 04:10:00
2025-03-09 15:15:59,741 [INFO] - Kline data inserted for BTCUSDT, interval=1, time=2025-03-09 04:15:00
2025-03-09 15:16:59,827 [INFO] - Kline data inserted for BTCUSDT, interval=1, time=2025-03-09 04:16:00
2025-03-09 15:17:59,746 [INFO] - Kline data inserted for BTCUSDT, interval=1, time=2025-03-09 04:17:00
2025-03-09 15:18:59,753 [INFO] - Kline data inserted for BTCUSDT, interval=1, time=2025-03-09 04:18:00
2025-03-09 15:19:59,785 [INFO] - Kline data inserted for BTCUSDT, interval=1, time=2025-03-09 04:19:00
2025-03-09 15:19:59,887 [INFO] - Kline data inserted for BTCUSDT, interval=5, time=2025-03-09 04:15:00
2025-03-09 15:20:59,755 [INFO] - Kline data inserted for BTCUSDT, interval=1, time=2025-03-09 04:20:00
2025-03-09 16:06:59,858 [INFO] - Kline data inserted for BTCUSDT, interval=1, time=2025-03-09 05:06:00
2025-03-09 16:06:59,960 [INFO] - Kline data inserted for ETHUSDT, interval=1, time=2025-03-09 05:06:00
2025-03-09 16:07:00,172 [INFO] - Kline data inserted for SOLUSDT, interval=1, time=2025-03-09 05:06:00
2025-03-09 16:07:59,856 [INFO] - Kline data inserted for BTCUSDT, interval=1, time=2025-03-09 05:07:00
2025-03-09 16:07:59,959 [INFO] - Kline data inserted for ETHUSDT, interval=1, time=2025-03-09 05:07:00
2025-03-09 16:08:00,175 [INFO] - Kline data inserted for SOLUSDT, interval=1, time=2025-03-09 05:07:00
2025-03-09 16:08:59,857 [INFO] - Kline data inserted for BTCUSDT, interval=1, time=2025-03-09 05:08:00
2025-03-09 16:08:59,959 [INFO] - Kline data inserted for ETHUSDT, interval=1, time=2025-03-09 05:08:00
2025-03-09 16:09:00,175 [INFO] - Kline data inserted for SOLUSDT, interval=1, time=2025-03-09 05:08:00
2025-03-09 16:09:59,857 [INFO] - Kline data inserted for BTCUSDT, interval=5, time=2025-03-09 05:05:00
2025-03-09 16:09:59,960 [INFO] - Kline data inserted for BTCUSDT, interval=1, time=2025-03-09 05:09:00
2025-03-09 16:10:00,062 [INFO] - Kline data inserted for ETHUSDT, interval=5, time=2025-03-09 05:05:00
2025-03-09 16:10:00,164 [INFO] - Kline data inserted for ETHUSDT, interval=1, time=2025-03-09 05:09:00
2025-03-09 16:10:00,266 [INFO] - Kline data inserted for SOLUSDT, interval=1, time=2025-03-09 05:09:00
2025-03-09 16:10:00,368 [INFO] - Kline data inserted for SOLUSDT, interval=5, time=2025-03-09 05:05:00
2025-03-09 16:10:59,860 [INFO] - Kline data inserted for BTCUSDT, interval=1, time=2025-03-09 05:10:00
2025-03-09 16:10:59,962 [INFO] - Kline data inserted for ETHUSDT, interval=1, time=2025-03-09 05:10:00
2025-03-09 16:11:00,177 [INFO] - Kline data inserted for SOLUSDT, interval=1, time=2025-03-09 05:10:00
2025-03-09 16:11:59,861 [INFO] - Kline data inserted for BTCUSDT, interval=1, time=2025-03-09 05:11:00
2025-03-09 16:11:59,962 [INFO] - Kline data inserted for ETHUSDT, interval=1, time=2025-03-09 05:11:00
2025-03-09 16:12:00,179 [INFO] - Kline data inserted for SOLUSDT, interval=1, time=2025-03-09 05:11:00
2025-03-09 16:12:59,862 [INFO] - Kline data inserted for BTCUSDT, interval=1, time=2025-03-09 05:12:00
2025-03-09 16:12:59,963 [INFO] - Kline data inserted for ETHUSDT, interval=1, time=2025-03-09 05:12:00
2025-03-09 16:13:00,180 [INFO] - Kline data inserted for SOLUSDT, interval=1, time=2025-03-09 05:12:00
2025-03-09 16:13:59,864 [INFO] - Kline data inserted for BTCUSDT, interval=1, time=2025-03-09 05:13:00
2025-03-09 16:13:59,966 [INFO] - Kline data inserted for ETHUSDT, interval=1, time=2025-03-09 05:13:00
2025-03-09 16:14:00,181 [INFO] - Kline data inserted for SOLUSDT, interval=1, time=2025-03-09 05:13:00
2025-03-09 16:14:59,864 [INFO] - Kline data inserted for BTCUSDT, interval=1, time=2025-03-09 05:14:00
2025-03-09 16:14:59,966 [INFO] - Kline data inserted for BTCUSDT, interval=5, time=2025-03-09 05:10:00
2025-03-09 16:15:00,068 [INFO] - Kline data inserted for ETHUSDT, interval=1, time=2025-03-09 05:14:00
2025-03-09 16:15:00,171 [INFO] - Kline data inserted for ETHUSDT, interval=5, time=2025-03-09 05:10:00
2025-03-09 16:15:00,274 [INFO] - Kline data inserted for SOLUSDT, interval=1, time=2025-03-09 05:14:00
2025-03-09 16:15:00,376 [INFO] - Kline data inserted for SOLUSDT, interval=5, time=2025-03-09 05:10:00
2025-03-09 16:15:59,866 [INFO] - Kline data inserted for BTCUSDT, interval=1, time=2025-03-09 05:15:00
2025-03-09 16:15:59,968 [INFO] - Kline data inserted for ETHUSDT, interval=1, time=2025-03-09 05:15:00
2025-03-09 16:16:00,201 [INFO] - Kline data inserted for SOLUSDT, interval=1, time=2025-03-09 05:15:00
2025-03-09 16:16:59,946 [INFO] - Kline data inserted for ETHUSDT, interval=1, time=2025-03-09 05:16:00
2025-03-09 16:17:00,185 [INFO] - Kline data inserted for SOLUSDT, interval=1, time=2025-03-09 05:16:00
2025-03-09 16:17:00,867 [INFO] - Kline data inserted for BTCUSDT, interval=1, time=2025-03-09 05:16:00
2025-03-09 16:17:59,868 [INFO] - Kline data inserted for BTCUSDT, interval=1, time=2025-03-09 05:17:00
2025-03-09 16:17:59,971 [INFO] - Kline data inserted for ETHUSDT, interval=1, time=2025-03-09 05:17:00
2025-03-09 16:18:00,186 [INFO] - Kline data inserted for SOLUSDT, interval=1, time=2025-03-09 05:17:00
2025-03-09 16:18:59,872 [INFO] - Kline data inserted for BTCUSDT, interval=1, time=2025-03-09 05:18:00
2025-03-09 16:18:59,974 [INFO] - Kline data inserted for ETHUSDT, interval=1, time=2025-03-09 05:18:00
2025-03-09 16:19:00,186 [INFO] - Kline data inserted for SOLUSDT, interval=1, time=2025-03-09 05:18:00
2025-03-09 16:19:59,871 [INFO] - Kline data inserted for BTCUSDT, interval=5, time=2025-03-09 05:15:00
2025-03-09 16:19:59,973 [INFO] - Kline data inserted for BTCUSDT, interval=1, time=2025-03-09 05:19:00
2025-03-09 16:20:00,075 [INFO] - Kline data inserted for ETHUSDT, interval=1, time=2025-03-09 05:19:00
2025-03-09 16:20:00,177 [INFO] - Kline data inserted for ETHUSDT, interval=5, time=2025-03-09 05:15:00
2025-03-09 16:20:00,279 [INFO] - Kline data inserted for SOLUSDT, interval=5, time=2025-03-09 05:15:00
2025-03-09 16:20:00,382 [INFO] - Kline data inserted for SOLUSDT, interval=1, time=2025-03-09 05:19:00
2025-03-09 16:20:59,873 [INFO] - Kline data inserted for BTCUSDT, interval=1, time=2025-03-09 05:20:00
2025-03-09 16:20:59,975 [INFO] - Kline data inserted for ETHUSDT, interval=1, time=2025-03-09 05:20:00
2025-03-09 16:21:00,190 [INFO] - Kline data inserted for SOLUSDT, interval=1, time=2025-03-09 05:20:00
2025-03-09 16:22:59,875 [INFO] - Kline data inserted for BTCUSDT, interval=1, time=2025-03-09 05:22:00
2025-03-09 16:22:59,978 [INFO] - Kline data inserted for ETHUSDT, interval=1, time=2025-03-09 05:22:00
2025-03-09 16:23:00,080 [INFO] - Kline data inserted for ATOMUSDT, interval=1, time=2025-03-09 05:22:00
2025-03-09 16:23:00,182 [INFO] - Kline data inserted for XRPUSDT, interval=1, time=2025-03-09 05:22:00
2025-03-09 16:23:00,284 [INFO] - Kline data inserted for BNBUSDT, interval=1, time=2025-03-09 05:22:00
2025-03-09 16:23:00,386 [INFO] - Kline data inserted for AVAXUSDT, interval=1, time=2025-03-09 05:22:00
2025-03-09 16:23:00,488 [INFO] - Kline data inserted for SOLUSDT, interval=1, time=2025-03-09 05:22:00
2025-03-09 16:23:00,590 [INFO] - Kline data inserted for ICPUSDT, interval=1, time=2025-03-09 05:22:00
2025-03-09 16:23:00,693 [INFO] - Kline data inserted for LINKUSDT, interval=1, time=2025-03-09 05:22:00
2025-03-09 16:23:00,795 [INFO] - Kline data inserted for NEARUSDT, interval=1, time=2025-03-09 05:22:00
2025-03-09 16:23:00,897 [INFO] - Kline data inserted for XLMUSDT, interval=1, time=2025-03-09 05:22:00
2025-03-09 16:23:00,999 [INFO] - Kline data inserted for UNIUSDT, interval=1, time=2025-03-09 05:22:00
2025-03-09 16:23:01,101 [INFO] - Kline data inserted for DOGEUSDT, interval=1, time=2025-03-09 05:22:00
2025-03-09 16:23:01,203 [INFO] - Kline data inserted for TRXUSDT, interval=1, time=2025-03-09 05:22:00
2025-03-09 16:23:01,306 [INFO] - Kline data inserted for ADAUSDT, interval=1, time=2025-03-09 05:22:00
2025-03-09 16:23:01,408 [INFO] - Kline data inserted for LTCUSDT, interval=1, time=2025-03-09 05:22:00
2025-03-09 16:23:01,510 [INFO] - Kline data inserted for ALGOUSDT, interval=1, time=2025-03-09 05:22:00
2025-03-09 16:23:01,612 [INFO] - Kline data inserted for DOTUSDT, interval=1, time=2025-03-09 05:22:00
2025-03-09 16:23:59,877 [INFO] - Kline data inserted for BTCUSDT, interval=1, time=2025-03-09 05:23:00
2025-03-09 16:23:59,978 [INFO] - Kline data inserted for ETHUSDT, interval=1, time=2025-03-09 05:23:00
2025-03-09 16:24:00,080 [INFO] - Kline data inserted for ATOMUSDT, interval=1, time=2025-03-09 05:23:00
2025-03-09 16:24:00,183 [INFO] - Kline data inserted for XRPUSDT, interval=1, time=2025-03-09 05:23:00
2025-03-09 16:24:00,285 [INFO] - Kline data inserted for BNBUSDT, interval=1, time=2025-03-09 05:23:00
2025-03-09 16:24:00,387 [INFO] - Kline data inserted for AVAXUSDT, interval=1, time=2025-03-09 05:23:00
2025-03-09 16:24:00,489 [INFO] - Kline data inserted for SOLUSDT, interval=1, time=2025-03-09 05:23:00
2025-03-09 16:24:00,592 [INFO] - Kline data inserted for ICPUSDT, interval=1, time=2025-03-09 05:23:00
2025-03-09 16:24:00,694 [INFO] - Kline data inserted for LINKUSDT, interval=1, time=2025-03-09 05:23:00
2025-03-09 16:24:00,797 [INFO] - Kline data inserted for NEARUSDT, interval=1, time=2025-03-09 05:23:00
2025-03-09 16:24:00,899 [INFO] - Kline data inserted for XLMUSDT, interval=1, time=2025-03-09 05:23:00
2025-03-09 16:24:01,002 [INFO] - Kline data inserted for UNIUSDT, interval=1, time=2025-03-09 05:23:00
2025-03-09 16:24:01,104 [INFO] - Kline data inserted for DOGEUSDT, interval=1, time=2025-03-09 05:23:00
2025-03-09 16:24:01,206 [INFO] - Kline data inserted for TRXUSDT, interval=1, time=2025-03-09 05:23:00
2025-03-09 16:24:01,308 [INFO] - Kline data inserted for ADAUSDT, interval=1, time=2025-03-09 05:23:00
2025-03-09 16:24:01,410 [INFO] - Kline data inserted for LTCUSDT, interval=1, time=2025-03-09 05:23:00
2025-03-09 16:24:01,512 [INFO] - Kline data inserted for ALGOUSDT, interval=1, time=2025-03-09 05:23:00
2025-03-09 16:24:01,614 [INFO] - Kline data inserted for DOTUSDT, interval=1, time=2025-03-09 05:23:00
2025-03-09 16:24:59,877 [INFO] - Kline data inserted for BTCUSDT, interval=1, time=2025-03-09 05:24:00
2025-03-09 16:24:59,980 [INFO] - Kline data inserted for BTCUSDT, interval=5, time=2025-03-09 05:20:00
2025-03-09 16:25:00,082 [INFO] - Kline data inserted for ETHUSDT, interval=1, time=2025-03-09 05:24:00
2025-03-09 16:25:00,184 [INFO] - Kline data inserted for ETHUSDT, interval=5, time=2025-03-09 05:20:00
2025-03-09 16:25:00,286 [INFO] - Kline data inserted for ATOMUSDT, interval=5, time=2025-03-09 05:20:00
2025-03-09 16:25:00,389 [INFO] - Kline data inserted for ATOMUSDT, interval=1, time=2025-03-09 05:24:00
2025-03-09 16:25:00,491 [INFO] - Kline data inserted for XRPUSDT, interval=1, time=2025-03-09 05:24:00
2025-03-09 16:25:00,593 [INFO] - Kline data inserted for XRPUSDT, interval=5, time=2025-03-09 05:20:00
2025-03-09 16:25:00,695 [INFO] - Kline data inserted for BNBUSDT, interval=1, time=2025-03-09 05:24:00
2025-03-09 16:25:00,800 [INFO] - Kline data inserted for BNBUSDT, interval=5, time=2025-03-09 05:20:00
2025-03-09 16:25:00,902 [INFO] - Kline data inserted for AVAXUSDT, interval=5, time=2025-03-09 05:20:00
2025-03-09 16:25:01,004 [INFO] - Kline data inserted for AVAXUSDT, interval=1, time=2025-03-09 05:24:00
2025-03-09 16:25:01,107 [INFO] - Kline data inserted for SOLUSDT, interval=5, time=2025-03-09 05:20:00
2025-03-09 16:25:01,209 [INFO] - Kline data inserted for SOLUSDT, interval=1, time=2025-03-09 05:24:00
2025-03-09 16:25:01,311 [INFO] - Kline data inserted for ICPUSDT, interval=1, time=2025-03-09 05:24:00
2025-03-09 16:25:01,413 [INFO] - Kline data inserted for ICPUSDT, interval=5, time=2025-03-09 05:20:00
2025-03-09 16:25:01,515 [INFO] - Kline data inserted for LINKUSDT, interval=1, time=2025-03-09 05:24:00
2025-03-09 16:25:01,623 [INFO] - Kline data inserted for LINKUSDT, interval=5, time=2025-03-09 05:20:00
2025-03-09 16:25:01,725 [INFO] - Kline data inserted for NEARUSDT, interval=5, time=2025-03-09 05:20:00
2025-03-09 16:25:01,827 [INFO] - Kline data inserted for NEARUSDT, interval=1, time=2025-03-09 05:24:00
2025-03-09 16:25:01,929 [INFO] - Kline data inserted for XLMUSDT, interval=1, time=2025-03-09 05:24:00
2025-03-09 16:25:02,031 [INFO] - Kline data inserted for XLMUSDT, interval=5, time=2025-03-09 05:20:00
2025-03-09 16:25:02,133 [INFO] - Kline data inserted for UNIUSDT, interval=1, time=2025-03-09 05:24:00
2025-03-09 16:25:02,235 [INFO] - Kline data inserted for UNIUSDT, interval=5, time=2025-03-09 05:20:00
2025-03-09 16:25:02,337 [INFO] - Kline data inserted for DOGEUSDT, interval=1, time=2025-03-09 05:24:00
2025-03-09 16:25:02,439 [INFO] - Kline data inserted for DOGEUSDT, interval=5, time=2025-03-09 05:20:00
2025-03-09 16:25:02,542 [INFO] - Kline data inserted for TRXUSDT, interval=1, time=2025-03-09 05:24:00
2025-03-09 16:25:02,644 [INFO] - Kline data inserted for TRXUSDT, interval=5, time=2025-03-09 05:20:00
2025-03-09 16:25:02,746 [INFO] - Kline data inserted for ADAUSDT, interval=1, time=2025-03-09 05:24:00
2025-03-09 16:25:02,848 [INFO] - Kline data inserted for ADAUSDT, interval=5, time=2025-03-09 05:20:00
2025-03-09 16:25:02,950 [INFO] - Kline data inserted for LTCUSDT, interval=1, time=2025-03-09 05:24:00
2025-03-09 16:25:03,052 [INFO] - Kline data inserted for LTCUSDT, interval=5, time=2025-03-09 05:20:00
2025-03-09 16:25:03,154 [INFO] - Kline data inserted for ALGOUSDT, interval=5, time=2025-03-09 05:20:00
2025-03-09 16:25:03,256 [INFO] - Kline data inserted for ALGOUSDT, interval=1, time=2025-03-09 05:24:00
2025-03-09 16:25:03,358 [INFO] - Kline data inserted for DOTUSDT, interval=5, time=2025-03-09 05:20:00
2025-03-09 16:25:03,460 [INFO] - Kline data inserted for DOTUSDT, interval=1, time=2025-03-09 05:24:00
2025-03-09 16:25:59,879 [INFO] - Kline data inserted for BTCUSDT, interval=1, time=2025-03-09 05:25:00
2025-03-09 16:25:59,981 [INFO] - Kline data inserted for ETHUSDT, interval=1, time=2025-03-09 05:25:00
2025-03-09 16:26:00,083 [INFO] - Kline data inserted for ATOMUSDT, interval=1, time=2025-03-09 05:25:00
2025-03-09 16:26:00,185 [INFO] - Kline data inserted for XRPUSDT, interval=1, time=2025-03-09 05:25:00
2025-03-09 16:26:00,287 [INFO] - Kline data inserted for BNBUSDT, interval=1, time=2025-03-09 05:25:00
2025-03-09 16:26:00,389 [INFO] - Kline data inserted for AVAXUSDT, interval=1, time=2025-03-09 05:25:00
2025-03-09 16:26:00,491 [INFO] - Kline data inserted for SOLUSDT, interval=1, time=2025-03-09 05:25:00
2025-03-09 16:26:00,594 [INFO] - Kline data inserted for ICPUSDT, interval=1, time=2025-03-09 05:25:00
2025-03-09 16:26:00,696 [INFO] - Kline data inserted for LINKUSDT, interval=1, time=2025-03-09 05:25:00
2025-03-09 16:26:00,798 [INFO] - Kline data inserted for NEARUSDT, interval=1, time=2025-03-09 05:25:00
2025-03-09 16:26:00,901 [INFO] - Kline data inserted for XLMUSDT, interval=1, time=2025-03-09 05:25:00
2025-03-09 16:26:01,002 [INFO] - Kline data inserted for UNIUSDT, interval=1, time=2025-03-09 05:25:00
2025-03-09 16:26:01,105 [INFO] - Kline data inserted for DOGEUSDT, interval=1, time=2025-03-09 05:25:00
2025-03-09 16:26:01,207 [INFO] - Kline data inserted for TRXUSDT, interval=1, time=2025-03-09 05:25:00
2025-03-09 16:26:01,309 [INFO] - Kline data inserted for ADAUSDT, interval=1, time=2025-03-09 05:25:00
2025-03-09 16:26:01,411 [INFO] - Kline data inserted for LTCUSDT, interval=1, time=2025-03-09 05:25:00
2025-03-09 16:26:01,514 [INFO] - Kline data inserted for ALGOUSDT, interval=1, time=2025-03-09 05:25:00
2025-03-09 16:26:01,616 [INFO] - Kline data inserted for DOTUSDT, interval=1, time=2025-03-09 05:25:00
2025-03-09 16:26:59,888 [INFO] - Kline data inserted for BTCUSDT, interval=1, time=2025-03-09 05:26:00
2025-03-09 16:26:59,989 [INFO] - Kline data inserted for ETHUSDT, interval=1, time=2025-03-09 05:26:00
2025-03-09 16:27:00,092 [INFO] - Kline data inserted for ATOMUSDT, interval=1, time=2025-03-09 05:26:00
2025-03-09 16:27:00,194 [INFO] - Kline data inserted for XRPUSDT, interval=1, time=2025-03-09 05:26:00
2025-03-09 16:27:00,296 [INFO] - Kline data inserted for BNBUSDT, interval=1, time=2025-03-09 05:26:00
2025-03-09 16:27:00,398 [INFO] - Kline data inserted for AVAXUSDT, interval=1, time=2025-03-09 05:26:00
2025-03-09 16:27:00,501 [INFO] - Kline data inserted for SOLUSDT, interval=1, time=2025-03-09 05:26:00
2025-03-09 16:27:00,603 [INFO] - Kline data inserted for ICPUSDT, interval=1, time=2025-03-09 05:26:00
2025-03-09 16:27:00,705 [INFO] - Kline data inserted for LINKUSDT, interval=1, time=2025-03-09 05:26:00
2025-03-09 16:27:00,807 [INFO] - Kline data inserted for NEARUSDT, interval=1, time=2025-03-09 05:26:00
2025-03-09 16:27:00,909 [INFO] - Kline data inserted for XLMUSDT, interval=1, time=2025-03-09 05:26:00
2025-03-09 16:27:01,011 [INFO] - Kline data inserted for UNIUSDT, interval=1, time=2025-03-09 05:26:00
2025-03-09 16:27:01,113 [INFO] - Kline data inserted for DOGEUSDT, interval=1, time=2025-03-09 05:26:00
2025-03-09 16:27:01,216 [INFO] - Kline data inserted for TRXUSDT, interval=1, time=2025-03-09 05:26:00
2025-03-09 16:27:01,318 [INFO] - Kline data inserted for ADAUSDT, interval=1, time=2025-03-09 05:26:00
2025-03-09 16:27:01,420 [INFO] - Kline data inserted for LTCUSDT, interval=1, time=2025-03-09 05:26:00
2025-03-09 16:27:01,522 [INFO] - Kline data inserted for ALGOUSDT, interval=1, time=2025-03-09 05:26:00
2025-03-09 16:27:01,624 [INFO] - Kline data inserted for DOTUSDT, interval=1, time=2025-03-09 05:26:00
2025-03-09 16:27:59,881 [INFO] - Kline data inserted for BTCUSDT, interval=1, time=2025-03-09 05:27:00
2025-03-09 16:27:59,983 [INFO] - Kline data inserted for ETHUSDT, interval=1, time=2025-03-09 05:27:00
2025-03-09 16:28:00,085 [INFO] - Kline data inserted for ATOMUSDT, interval=1, time=2025-03-09 05:27:00
2025-03-09 16:28:00,187 [INFO] - Kline data inserted for XRPUSDT, interval=1, time=2025-03-09 05:27:00
2025-03-09 16:28:00,289 [INFO] - Kline data inserted for BNBUSDT, interval=1, time=2025-03-09 05:27:00
2025-03-09 16:28:00,391 [INFO] - Kline data inserted for AVAXUSDT, interval=1, time=2025-03-09 05:27:00
2025-03-09 16:28:00,493 [INFO] - Kline data inserted for SOLUSDT, interval=1, time=2025-03-09 05:27:00
2025-03-09 16:28:00,595 [INFO] - Kline data inserted for ICPUSDT, interval=1, time=2025-03-09 05:27:00
2025-03-09 16:28:00,697 [INFO] - Kline data inserted for LINKUSDT, interval=1, time=2025-03-09 05:27:00
2025-03-09 16:28:00,798 [INFO] - Kline data inserted for NEARUSDT, interval=1, time=2025-03-09 05:27:00
2025-03-09 16:28:00,900 [INFO] - Kline data inserted for XLMUSDT, interval=1, time=2025-03-09 05:27:00
2025-03-09 16:28:01,002 [INFO] - Kline data inserted for UNIUSDT, interval=1, time=2025-03-09 05:27:00
2025-03-09 16:28:01,105 [INFO] - Kline data inserted for DOGEUSDT, interval=1, time=2025-03-09 05:27:00
2025-03-09 16:28:01,207 [INFO] - Kline data inserted for TRXUSDT, interval=1, time=2025-03-09 05:27:00
2025-03-09 16:28:01,309 [INFO] - Kline data inserted for ADAUSDT, interval=1, time=2025-03-09 05:27:00
2025-03-09 16:28:01,411 [INFO] - Kline data inserted for LTCUSDT, interval=1, time=2025-03-09 05:27:00
2025-03-09 16:28:01,514 [INFO] - Kline data inserted for ALGOUSDT, interval=1, time=2025-03-09 05:27:00
2025-03-09 16:28:01,616 [INFO] - Kline data inserted for DOTUSDT, interval=1, time=2025-03-09 05:27:00
2025-03-09 16:28:59,882 [INFO] - Kline data inserted for BTCUSDT, interval=1, time=2025-03-09 05:28:00
2025-03-09 16:28:59,983 [INFO] - Kline data inserted for ETHUSDT, interval=1, time=2025-03-09 05:28:00
2025-03-09 16:29:00,093 [INFO] - Kline data inserted for ATOMUSDT, interval=1, time=2025-03-09 05:28:00
2025-03-09 16:29:00,195 [INFO] - Kline data inserted for XRPUSDT, interval=1, time=2025-03-09 05:28:00
2025-03-09 16:29:00,297 [INFO] - Kline data inserted for BNBUSDT, interval=1, time=2025-03-09 05:28:00
2025-03-09 16:29:00,399 [INFO] - Kline data inserted for AVAXUSDT, interval=1, time=2025-03-09 05:28:00
2025-03-09 16:29:00,501 [INFO] - Kline data inserted for SOLUSDT, interval=1, time=2025-03-09 05:28:00
2025-03-09 16:29:00,603 [INFO] - Kline data inserted for ICPUSDT, interval=1, time=2025-03-09 05:28:00
2025-03-09 16:29:00,706 [INFO] - Kline data inserted for LINKUSDT, interval=1, time=2025-03-09 05:28:00
2025-03-09 16:29:00,808 [INFO] - Kline data inserted for NEARUSDT, interval=1, time=2025-03-09 05:28:00
2025-03-09 16:29:00,910 [INFO] - Kline data inserted for XLMUSDT, interval=1, time=2025-03-09 05:28:00
2025-03-09 16:29:01,012 [INFO] - Kline data inserted for UNIUSDT, interval=1, time=2025-03-09 05:28:00
2025-03-09 16:29:01,114 [INFO] - Kline data inserted for DOGEUSDT, interval=1, time=2025-03-09 05:28:00
2025-03-09 16:29:01,217 [INFO] - Kline data inserted for TRXUSDT, interval=1, time=2025-03-09 05:28:00
2025-03-09 16:29:01,319 [INFO] - Kline data inserted for ADAUSDT, interval=1, time=2025-03-09 05:28:00
2025-03-09 16:29:01,422 [INFO] - Kline data inserted for LTCUSDT, interval=1, time=2025-03-09 05:28:00
2025-03-09 16:29:01,523 [INFO] - Kline data inserted for ALGOUSDT, interval=1, time=2025-03-09 05:28:00
2025-03-09 16:29:01,625 [INFO] - Kline data inserted for DOTUSDT, interval=1, time=2025-03-09 05:28:00
2025-03-09 16:29:59,884 [INFO] - Kline data inserted for BTCUSDT, interval=1, time=2025-03-09 05:29:00
2025-03-09 16:29:59,986 [INFO] - Kline data inserted for BTCUSDT, interval=5, time=2025-03-09 05:25:00
2025-03-09 16:30:00,088 [INFO] - Kline data inserted for ETHUSDT, interval=1, time=2025-03-09 05:29:00
2025-03-09 16:30:00,190 [INFO] - Kline data inserted for ETHUSDT, interval=5, time=2025-03-09 05:25:00
2025-03-09 16:30:00,292 [INFO] - Kline data inserted for ATOMUSDT, interval=1, time=2025-03-09 05:29:00
2025-03-09 16:30:00,394 [INFO] - Kline data inserted for ATOMUSDT, interval=5, time=2025-03-09 05:25:00
2025-03-09 16:30:00,496 [INFO] - Kline data inserted for XRPUSDT, interval=5, time=2025-03-09 05:25:00
2025-03-09 16:30:00,598 [INFO] - Kline data inserted for XRPUSDT, interval=1, time=2025-03-09 05:29:00
2025-03-09 16:30:00,700 [INFO] - Kline data inserted for BNBUSDT, interval=1, time=2025-03-09 05:29:00
2025-03-09 16:30:00,803 [INFO] - Kline data inserted for BNBUSDT, interval=5, time=2025-03-09 05:25:00
2025-03-09 16:30:00,905 [INFO] - Kline data inserted for AVAXUSDT, interval=5, time=2025-03-09 05:25:00
2025-03-09 16:30:01,007 [INFO] - Kline data inserted for AVAXUSDT, interval=1, time=2025-03-09 05:29:00
2025-03-09 16:30:01,109 [INFO] - Kline data inserted for SOLUSDT, interval=1, time=2025-03-09 05:29:00
2025-03-09 16:30:01,211 [INFO] - Kline data inserted for SOLUSDT, interval=5, time=2025-03-09 05:25:00
2025-03-09 16:30:01,313 [INFO] - Kline data inserted for ICPUSDT, interval=1, time=2025-03-09 05:29:00
2025-03-09 16:30:01,415 [INFO] - Kline data inserted for ICPUSDT, interval=5, time=2025-03-09 05:25:00
2025-03-09 16:30:01,518 [INFO] - Kline data inserted for LINKUSDT, interval=1, time=2025-03-09 05:29:00
2025-03-09 16:30:01,620 [INFO] - Kline data inserted for LINKUSDT, interval=5, time=2025-03-09 05:25:00
2025-03-09 16:30:01,722 [INFO] - Kline data inserted for NEARUSDT, interval=1, time=2025-03-09 05:29:00
2025-03-09 16:30:01,824 [INFO] - Kline data inserted for NEARUSDT, interval=5, time=2025-03-09 05:25:00
2025-03-09 16:30:01,926 [INFO] - Kline data inserted for XLMUSDT, interval=5, time=2025-03-09 05:25:00
2025-03-09 16:30:02,028 [INFO] - Kline data inserted for XLMUSDT, interval=1, time=2025-03-09 05:29:00
2025-03-09 16:30:02,131 [INFO] - Kline data inserted for UNIUSDT, interval=5, time=2025-03-09 05:25:00
2025-03-09 16:30:02,232 [INFO] - Kline data inserted for UNIUSDT, interval=1, time=2025-03-09 05:29:00
2025-03-09 16:30:02,335 [INFO] - Kline data inserted for DOGEUSDT, interval=1, time=2025-03-09 05:29:00
2025-03-09 16:30:02,437 [INFO] - Kline data inserted for DOGEUSDT, interval=5, time=2025-03-09 05:25:00
2025-03-09 16:30:02,539 [INFO] - Kline data inserted for TRXUSDT, interval=5, time=2025-03-09 05:25:00
2025-03-09 16:30:02,640 [INFO] - Kline data inserted for TRXUSDT, interval=1, time=2025-03-09 05:29:00
2025-03-09 16:30:02,743 [INFO] - Kline data inserted for ADAUSDT, interval=5, time=2025-03-09 05:25:00
2025-03-09 16:30:02,844 [INFO] - Kline data inserted for ADAUSDT, interval=1, time=2025-03-09 05:29:00
2025-03-09 16:30:02,946 [INFO] - Kline data inserted for LTCUSDT, interval=1, time=2025-03-09 05:29:00
2025-03-09 16:30:03,048 [INFO] - Kline data inserted for LTCUSDT, interval=5, time=2025-03-09 05:25:00
2025-03-09 16:30:03,150 [INFO] - Kline data inserted for ALGOUSDT, interval=5, time=2025-03-09 05:25:00
2025-03-09 16:30:03,252 [INFO] - Kline data inserted for ALGOUSDT, interval=1, time=2025-03-09 05:29:00
2025-03-09 16:30:03,354 [INFO] - Kline data inserted for DOTUSDT, interval=1, time=2025-03-09 05:29:00
2025-03-09 16:30:03,456 [INFO] - Kline data inserted for DOTUSDT, interval=5, time=2025-03-09 05:25:00
2025-03-09 16:30:59,893 [INFO] - Kline data inserted for BTCUSDT, interval=1, time=2025-03-09 05:30:00
2025-03-09 16:30:59,995 [INFO] - Kline data inserted for ETHUSDT, interval=1, time=2025-03-09 05:30:00
2025-03-09 16:31:00,097 [INFO] - Kline data inserted for ATOMUSDT, interval=1, time=2025-03-09 05:30:00
2025-03-09 16:31:00,199 [INFO] - Kline data inserted for XRPUSDT, interval=1, time=2025-03-09 05:30:00
2025-03-09 16:31:00,301 [INFO] - Kline data inserted for BNBUSDT, interval=1, time=2025-03-09 05:30:00
2025-03-09 16:31:00,403 [INFO] - Kline data inserted for AVAXUSDT, interval=1, time=2025-03-09 05:30:00
2025-03-09 16:31:00,505 [INFO] - Kline data inserted for SOLUSDT, interval=1, time=2025-03-09 05:30:00
2025-03-09 16:31:00,607 [INFO] - Kline data inserted for ICPUSDT, interval=1, time=2025-03-09 05:30:00
2025-03-09 16:31:00,717 [INFO] - Kline data inserted for LINKUSDT, interval=1, time=2025-03-09 05:30:00
2025-03-09 16:31:00,819 [INFO] - Kline data inserted for NEARUSDT, interval=1, time=2025-03-09 05:30:00
2025-03-09 16:31:00,921 [INFO] - Kline data inserted for XLMUSDT, interval=1, time=2025-03-09 05:30:00
2025-03-09 16:31:01,023 [INFO] - Kline data inserted for UNIUSDT, interval=1, time=2025-03-09 05:30:00
2025-03-09 16:31:01,125 [INFO] - Kline data inserted for DOGEUSDT, interval=1, time=2025-03-09 05:30:00
2025-03-09 16:31:01,253 [INFO] - Kline data inserted for TRXUSDT, interval=1, time=2025-03-09 05:30:00
2025-03-09 16:31:01,355 [INFO] - Kline data inserted for ADAUSDT, interval=1, time=2025-03-09 05:30:00
2025-03-09 16:31:01,457 [INFO] - Kline data inserted for LTCUSDT, interval=1, time=2025-03-09 05:30:00
2025-03-09 16:31:01,559 [INFO] - Kline data inserted for ALGOUSDT, interval=1, time=2025-03-09 05:30:00
2025-03-09 16:31:01,661 [INFO] - Kline data inserted for DOTUSDT, interval=1, time=2025-03-09 05:30:00
2025-03-09 16:31:59,885 [INFO] - Kline data inserted for BTCUSDT, interval=1, time=2025-03-09 05:31:00
2025-03-09 16:31:59,987 [INFO] - Kline data inserted for ETHUSDT, interval=1, time=2025-03-09 05:31:00
2025-03-09 16:32:00,089 [INFO] - Kline data inserted for ATOMUSDT, interval=1, time=2025-03-09 05:31:00
2025-03-09 16:32:00,191 [INFO] - Kline data inserted for XRPUSDT, interval=1, time=2025-03-09 05:31:00
2025-03-09 16:32:00,293 [INFO] - Kline data inserted for BNBUSDT, interval=1, time=2025-03-09 05:31:00
2025-03-09 16:32:00,395 [INFO] - Kline data inserted for AVAXUSDT, interval=1, time=2025-03-09 05:31:00
2025-03-09 16:32:00,497 [INFO] - Kline data inserted for SOLUSDT, interval=1, time=2025-03-09 05:31:00
2025-03-09 16:32:00,599 [INFO] - Kline data inserted for ICPUSDT, interval=1, time=2025-03-09 05:31:00
2025-03-09 16:32:00,701 [INFO] - Kline data inserted for NEARUSDT, interval=1, time=2025-03-09 05:31:00
2025-03-09 16:32:00,803 [INFO] - Kline data inserted for LINKUSDT, interval=1, time=2025-03-09 05:31:00
2025-03-09 16:32:00,905 [INFO] - Kline data inserted for XLMUSDT, interval=1, time=2025-03-09 05:31:00
2025-03-09 16:32:01,007 [INFO] - Kline data inserted for UNIUSDT, interval=1, time=2025-03-09 05:31:00
2025-03-09 16:32:01,109 [INFO] - Kline data inserted for DOGEUSDT, interval=1, time=2025-03-09 05:31:00
2025-03-09 16:32:01,211 [INFO] - Kline data inserted for TRXUSDT, interval=1, time=2025-03-09 05:31:00
2025-03-09 16:32:01,313 [INFO] - Kline data inserted for ADAUSDT, interval=1, time=2025-03-09 05:31:00
2025-03-09 16:32:01,457 [INFO] - Kline data inserted for LTCUSDT, interval=1, time=2025-03-09 05:31:00
2025-03-09 16:32:01,559 [INFO] - Kline data inserted for ALGOUSDT, interval=1, time=2025-03-09 05:31:00
2025-03-09 16:32:01,661 [INFO] - Kline data inserted for DOTUSDT, interval=1, time=2025-03-09 05:31:00
2025-03-09 16:32:59,887 [INFO] - Kline data inserted for BTCUSDT, interval=1, time=2025-03-09 05:32:00
2025-03-09 16:32:59,989 [INFO] - Kline data inserted for ETHUSDT, interval=1, time=2025-03-09 05:32:00
2025-03-09 16:33:00,090 [INFO] - Kline data inserted for ATOMUSDT, interval=1, time=2025-03-09 05:32:00
2025-03-09 16:33:00,193 [INFO] - Kline data inserted for XRPUSDT, interval=1, time=2025-03-09 05:32:00
2025-03-09 16:33:00,296 [INFO] - Kline data inserted for BNBUSDT, interval=1, time=2025-03-09 05:32:00
2025-03-09 16:33:00,398 [INFO] - Kline data inserted for AVAXUSDT, interval=1, time=2025-03-09 05:32:00
2025-03-09 16:33:00,500 [INFO] - Kline data inserted for SOLUSDT, interval=1, time=2025-03-09 05:32:00
2025-03-09 16:33:00,602 [INFO] - Kline data inserted for ICPUSDT, interval=1, time=2025-03-09 05:32:00
2025-03-09 16:33:00,704 [INFO] - Kline data inserted for LINKUSDT, interval=1, time=2025-03-09 05:32:00
2025-03-09 16:33:00,807 [INFO] - Kline data inserted for NEARUSDT, interval=1, time=2025-03-09 05:32:00
2025-03-09 16:33:00,908 [INFO] - Kline data inserted for XLMUSDT, interval=1, time=2025-03-09 05:32:00
2025-03-09 16:33:01,010 [INFO] - Kline data inserted for UNIUSDT, interval=1, time=2025-03-09 05:32:00
2025-03-09 16:33:01,112 [INFO] - Kline data inserted for DOGEUSDT, interval=1, time=2025-03-09 05:32:00
2025-03-09 16:33:01,214 [INFO] - Kline data inserted for TRXUSDT, interval=1, time=2025-03-09 05:32:00
2025-03-09 16:33:01,316 [INFO] - Kline data inserted for ADAUSDT, interval=1, time=2025-03-09 05:32:00
2025-03-09 16:33:01,418 [INFO] - Kline data inserted for LTCUSDT, interval=1, time=2025-03-09 05:32:00
2025-03-09 16:33:01,521 [INFO] - Kline data inserted for ALGOUSDT, interval=1, time=2025-03-09 05:32:00
2025-03-09 16:33:01,623 [INFO] - Kline data inserted for DOTUSDT, interval=1, time=2025-03-09 05:32:00
2025-03-09 16:33:59,888 [INFO] - Kline data inserted for BTCUSDT, interval=1, time=2025-03-09 05:33:00
2025-03-09 16:33:59,990 [INFO] - Kline data inserted for ETHUSDT, interval=1, time=2025-03-09 05:33:00
2025-03-09 16:34:00,092 [INFO] - Kline data inserted for ATOMUSDT, interval=1, time=2025-03-09 05:33:00
2025-03-09 16:34:00,194 [INFO] - Kline data inserted for XRPUSDT, interval=1, time=2025-03-09 05:33:00
2025-03-09 16:34:00,296 [INFO] - Kline data inserted for BNBUSDT, interval=1, time=2025-03-09 05:33:00
2025-03-09 16:34:00,398 [INFO] - Kline data inserted for AVAXUSDT, interval=1, time=2025-03-09 05:33:00
2025-03-09 16:34:00,500 [INFO] - Kline data inserted for SOLUSDT, interval=1, time=2025-03-09 05:33:00
2025-03-09 16:34:00,602 [INFO] - Kline data inserted for ICPUSDT, interval=1, time=2025-03-09 05:33:00
2025-03-09 16:34:00,704 [INFO] - Kline data inserted for LINKUSDT, interval=1, time=2025-03-09 05:33:00
2025-03-09 16:34:00,807 [INFO] - Kline data inserted for NEARUSDT, interval=1, time=2025-03-09 05:33:00
2025-03-09 16:34:00,908 [INFO] - Kline data inserted for XLMUSDT, interval=1, time=2025-03-09 05:33:00
2025-03-09 16:34:01,011 [INFO] - Kline data inserted for UNIUSDT, interval=1, time=2025-03-09 05:33:00
2025-03-09 16:34:01,112 [INFO] - Kline data inserted for DOGEUSDT, interval=1, time=2025-03-09 05:33:00
2025-03-09 16:34:01,215 [INFO] - Kline data inserted for TRXUSDT, interval=1, time=2025-03-09 05:33:00
2025-03-09 16:34:01,317 [INFO] - Kline data inserted for ADAUSDT, interval=1, time=2025-03-09 05:33:00
2025-03-09 16:34:01,419 [INFO] - Kline data inserted for LTCUSDT, interval=1, time=2025-03-09 05:33:00
2025-03-09 16:34:01,522 [INFO] - Kline data inserted for ALGOUSDT, interval=1, time=2025-03-09 05:33:00
2025-03-09 16:34:01,623 [INFO] - Kline data inserted for DOTUSDT, interval=1, time=2025-03-09 05:33:00
2025-03-09 16:35:01,469 [INFO] - Kline data inserted for BTCUSDT, interval=1, time=2025-03-09 05:34:00
2025-03-09 16:35:01,571 [INFO] - Kline data inserted for BTCUSDT, interval=5, time=2025-03-09 05:30:00
2025-03-09 16:35:01,673 [INFO] - Kline data inserted for ETHUSDT, interval=1, time=2025-03-09 05:34:00
2025-03-09 16:35:01,774 [INFO] - Kline data inserted for ETHUSDT, interval=5, time=2025-03-09 05:30:00
2025-03-09 16:35:01,876 [INFO] - Kline data inserted for ATOMUSDT, interval=1, time=2025-03-09 05:34:00
2025-03-09 16:35:01,978 [INFO] - Kline data inserted for ATOMUSDT, interval=5, time=2025-03-09 05:30:00
2025-03-09 16:35:02,080 [INFO] - Kline data inserted for XRPUSDT, interval=5, time=2025-03-09 05:30:00
2025-03-09 16:35:02,182 [INFO] - Kline data inserted for XRPUSDT, interval=1, time=2025-03-09 05:34:00
2025-03-09 16:35:02,284 [INFO] - Kline data inserted for BNBUSDT, interval=1, time=2025-03-09 05:34:00
2025-03-09 16:35:02,385 [INFO] - Kline data inserted for BNBUSDT, interval=5, time=2025-03-09 05:30:00
2025-03-09 16:35:02,487 [INFO] - Kline data inserted for AVAXUSDT, interval=5, time=2025-03-09 05:30:00
2025-03-09 16:35:02,589 [INFO] - Kline data inserted for AVAXUSDT, interval=1, time=2025-03-09 05:34:00
2025-03-09 16:35:02,692 [INFO] - Kline data inserted for SOLUSDT, interval=5, time=2025-03-09 05:30:00
2025-03-09 16:35:02,794 [INFO] - Kline data inserted for SOLUSDT, interval=1, time=2025-03-09 05:34:00
2025-03-09 16:35:02,896 [INFO] - Kline data inserted for ICPUSDT, interval=1, time=2025-03-09 05:34:00
2025-03-09 16:35:02,999 [INFO] - Kline data inserted for ICPUSDT, interval=5, time=2025-03-09 05:30:00
2025-03-09 16:35:03,100 [INFO] - Kline data inserted for LINKUSDT, interval=1, time=2025-03-09 05:34:00
2025-03-09 16:35:03,202 [INFO] - Kline data inserted for LINKUSDT, interval=5, time=2025-03-09 05:30:00
2025-03-09 16:35:03,304 [INFO] - Kline data inserted for NEARUSDT, interval=5, time=2025-03-09 05:30:00
2025-03-09 16:35:03,406 [INFO] - Kline data inserted for NEARUSDT, interval=1, time=2025-03-09 05:34:00
2025-03-09 16:35:03,508 [INFO] - Kline data inserted for XLMUSDT, interval=5, time=2025-03-09 05:30:00
2025-03-09 16:35:03,610 [INFO] - Kline data inserted for XLMUSDT, interval=1, time=2025-03-09 05:34:00
2025-03-09 16:35:03,712 [INFO] - Kline data inserted for UNIUSDT, interval=5, time=2025-03-09 05:30:00
2025-03-09 16:35:03,815 [INFO] - Kline data inserted for UNIUSDT, interval=1, time=2025-03-09 05:34:00
2025-03-09 16:35:03,917 [INFO] - Kline data inserted for DOGEUSDT, interval=1, time=2025-03-09 05:34:00
2025-03-09 16:35:04,019 [INFO] - Kline data inserted for DOGEUSDT, interval=5, time=2025-03-09 05:30:00
2025-03-09 16:35:04,121 [INFO] - Kline data inserted for TRXUSDT, interval=1, time=2025-03-09 05:34:00
2025-03-09 16:35:04,223 [INFO] - Kline data inserted for TRXUSDT, interval=5, time=2025-03-09 05:30:00
2025-03-09 16:35:04,324 [INFO] - Kline data inserted for ADAUSDT, interval=5, time=2025-03-09 05:30:00
2025-03-09 16:35:04,426 [INFO] - Kline data inserted for ADAUSDT, interval=1, time=2025-03-09 05:34:00
2025-03-09 16:35:04,528 [INFO] - Kline data inserted for LTCUSDT, interval=1, time=2025-03-09 05:34:00
2025-03-09 16:35:04,630 [INFO] - Kline data inserted for LTCUSDT, interval=5, time=2025-03-09 05:30:00
2025-03-09 16:35:04,732 [INFO] - Kline data inserted for ALGOUSDT, interval=5, time=2025-03-09 05:30:00
2025-03-09 16:35:04,834 [INFO] - Kline data inserted for ALGOUSDT, interval=1, time=2025-03-09 05:34:00
2025-03-09 16:35:04,936 [INFO] - Kline data inserted for DOTUSDT, interval=5, time=2025-03-09 05:30:00
2025-03-09 16:35:05,038 [INFO] - Kline data inserted for DOTUSDT, interval=1, time=2025-03-09 05:34:00
2025-03-09 16:36:18,356 [INFO] - Kline data inserted for BTCUSDT, interval=1, time=2025-03-09 05:35:00
2025-03-09 16:36:18,458 [INFO] - Kline data inserted for ETHUSDT, interval=1, time=2025-03-09 05:35:00
2025-03-09 16:36:18,560 [INFO] - Kline data inserted for ATOMUSDT, interval=1, time=2025-03-09 05:35:00
2025-03-09 16:36:18,662 [INFO] - Kline data inserted for XRPUSDT, interval=1, time=2025-03-09 05:35:00
2025-03-09 16:36:18,764 [INFO] - Kline data inserted for BNBUSDT, interval=1, time=2025-03-09 05:35:00
2025-03-09 16:36:18,866 [INFO] - Kline data inserted for AVAXUSDT, interval=1, time=2025-03-09 05:35:00
2025-03-09 16:36:18,968 [INFO] - Kline data inserted for SOLUSDT, interval=1, time=2025-03-09 05:35:00
2025-03-09 16:36:19,070 [INFO] - Kline data inserted for ICPUSDT, interval=1, time=2025-03-09 05:35:00
2025-03-09 16:36:19,172 [INFO] - Kline data inserted for LINKUSDT, interval=1, time=2025-03-09 05:35:00
2025-03-09 16:36:19,274 [INFO] - Kline data inserted for NEARUSDT, interval=1, time=2025-03-09 05:35:00
2025-03-09 16:36:19,376 [INFO] - Kline data inserted for XLMUSDT, interval=1, time=2025-03-09 05:35:00
2025-03-09 16:36:19,478 [INFO] - Kline data inserted for UNIUSDT, interval=1, time=2025-03-09 05:35:00
2025-03-09 16:36:19,580 [INFO] - Kline data inserted for DOGEUSDT, interval=1, time=2025-03-09 05:35:00
2025-03-09 16:36:19,682 [INFO] - Kline data inserted for TRXUSDT, interval=1, time=2025-03-09 05:35:00
2025-03-09 16:36:19,784 [INFO] - Kline data inserted for ADAUSDT, interval=1, time=2025-03-09 05:35:00
2025-03-09 16:36:19,886 [INFO] - Kline data inserted for LTCUSDT, interval=1, time=2025-03-09 05:35:00
2025-03-09 16:36:19,988 [INFO] - Kline data inserted for ALGOUSDT, interval=1, time=2025-03-09 05:35:00
2025-03-09 16:36:20,090 [INFO] - Kline data inserted for DOTUSDT, interval=1, time=2025-03-09 05:35:00
2025-03-09 16:36:59,892 [INFO] - Kline data inserted for BTCUSDT, interval=1, time=2025-03-09 05:36:00
2025-03-09 16:36:59,994 [INFO] - Kline data inserted for ETHUSDT, interval=1, time=2025-03-09 05:36:00
2025-03-09 16:37:00,096 [INFO] - Kline data inserted for ATOMUSDT, interval=1, time=2025-03-09 05:36:00
2025-03-09 16:37:00,198 [INFO] - Kline data inserted for XRPUSDT, interval=1, time=2025-03-09 05:36:00
2025-03-09 16:37:00,300 [INFO] - Kline data inserted for BNBUSDT, interval=1, time=2025-03-09 05:36:00
2025-03-09 16:37:00,403 [INFO] - Kline data inserted for AVAXUSDT, interval=1, time=2025-03-09 05:36:00
2025-03-09 16:37:00,504 [INFO] - Kline data inserted for SOLUSDT, interval=1, time=2025-03-09 05:36:00
2025-03-09 16:37:00,606 [INFO] - Kline data inserted for ICPUSDT, interval=1, time=2025-03-09 05:36:00
2025-03-09 16:37:00,708 [INFO] - Kline data inserted for LINKUSDT, interval=1, time=2025-03-09 05:36:00
2025-03-09 16:37:00,811 [INFO] - Kline data inserted for NEARUSDT, interval=1, time=2025-03-09 05:36:00
2025-03-09 16:37:00,913 [INFO] - Kline data inserted for XLMUSDT, interval=1, time=2025-03-09 05:36:00
2025-03-09 16:37:01,016 [INFO] - Kline data inserted for UNIUSDT, interval=1, time=2025-03-09 05:36:00
2025-03-09 16:37:01,117 [INFO] - Kline data inserted for DOGEUSDT, interval=1, time=2025-03-09 05:36:00
2025-03-09 16:37:01,219 [INFO] - Kline data inserted for TRXUSDT, interval=1, time=2025-03-09 05:36:00
2025-03-09 16:37:01,321 [INFO] - Kline data inserted for ADAUSDT, interval=1, time=2025-03-09 05:36:00
2025-03-09 16:37:01,424 [INFO] - Kline data inserted for LTCUSDT, interval=1, time=2025-03-09 05:36:00
2025-03-09 16:37:01,526 [INFO] - Kline data inserted for ALGOUSDT, interval=1, time=2025-03-09 05:36:00
2025-03-09 16:37:01,637 [INFO] - Kline data inserted for DOTUSDT, interval=1, time=2025-03-09 05:36:00
2025-03-09 16:37:59,966 [INFO] - Kline data inserted for ETHUSDT, interval=1, time=2025-03-09 05:37:00
2025-03-09 16:38:00,068 [INFO] - Kline data inserted for ATOMUSDT, interval=1, time=2025-03-09 05:37:00
2025-03-09 16:38:00,169 [INFO] - Kline data inserted for XRPUSDT, interval=1, time=2025-03-09 05:37:00
2025-03-09 16:38:00,272 [INFO] - Kline data inserted for BNBUSDT, interval=1, time=2025-03-09 05:37:00
2025-03-09 16:38:00,374 [INFO] - Kline data inserted for AVAXUSDT, interval=1, time=2025-03-09 05:37:00
2025-03-09 16:38:00,475 [INFO] - Kline data inserted for SOLUSDT, interval=1, time=2025-03-09 05:37:00
2025-03-09 16:38:00,577 [INFO] - Kline data inserted for ICPUSDT, interval=1, time=2025-03-09 05:37:00
2025-03-09 16:38:00,678 [INFO] - Kline data inserted for LINKUSDT, interval=1, time=2025-03-09 05:37:00
2025-03-09 16:38:00,781 [INFO] - Kline data inserted for NEARUSDT, interval=1, time=2025-03-09 05:37:00
2025-03-09 16:38:00,883 [INFO] - Kline data inserted for XLMUSDT, interval=1, time=2025-03-09 05:37:00
2025-03-09 16:38:00,985 [INFO] - Kline data inserted for UNIUSDT, interval=1, time=2025-03-09 05:37:00
2025-03-09 16:38:01,087 [INFO] - Kline data inserted for DOGEUSDT, interval=1, time=2025-03-09 05:37:00
2025-03-09 16:38:01,190 [INFO] - Kline data inserted for TRXUSDT, interval=1, time=2025-03-09 05:37:00
2025-03-09 16:38:01,292 [INFO] - Kline data inserted for ADAUSDT, interval=1, time=2025-03-09 05:37:00
2025-03-09 16:38:01,394 [INFO] - Kline data inserted for LTCUSDT, interval=1, time=2025-03-09 05:37:00
2025-03-09 16:38:01,495 [INFO] - Kline data inserted for ALGOUSDT, interval=1, time=2025-03-09 05:37:00
2025-03-09 16:38:01,598 [INFO] - Kline data inserted for DOTUSDT, interval=1, time=2025-03-09 05:37:00
2025-03-09 16:38:01,700 [INFO] - Kline data inserted for BTCUSDT, interval=1, time=2025-03-09 05:37:00
2025-03-09 16:39:59,897 [INFO] - Kline data inserted for BTCUSDT, interval=1, time=2025-03-09 05:39:00
2025-03-09 16:39:59,999 [INFO] - Kline data inserted for BTCUSDT, interval=5, time=2025-03-09 05:35:00
2025-03-09 16:40:00,101 [INFO] - Kline data inserted for ETHUSDT, interval=1, time=2025-03-09 05:39:00
2025-03-09 16:40:00,203 [INFO] - Kline data inserted for ETHUSDT, interval=5, time=2025-03-09 05:35:00
2025-03-09 16:40:00,305 [INFO] - Kline data inserted for ATOMUSDT, interval=1, time=2025-03-09 05:39:00
2025-03-09 16:40:00,407 [INFO] - Kline data inserted for ATOMUSDT, interval=5, time=2025-03-09 05:35:00
2025-03-09 16:40:00,509 [INFO] - Kline data inserted for XRPUSDT, interval=5, time=2025-03-09 05:35:00
2025-03-09 16:40:00,611 [INFO] - Kline data inserted for XRPUSDT, interval=1, time=2025-03-09 05:39:00
2025-03-09 16:40:00,713 [INFO] - Kline data inserted for BNBUSDT, interval=1, time=2025-03-09 05:39:00
2025-03-09 16:40:00,815 [INFO] - Kline data inserted for BNBUSDT, interval=5, time=2025-03-09 05:35:00
2025-03-09 16:40:00,917 [INFO] - Kline data inserted for AVAXUSDT, interval=5, time=2025-03-09 05:35:00
2025-03-09 16:40:01,019 [INFO] - Kline data inserted for AVAXUSDT, interval=1, time=2025-03-09 05:39:00
2025-03-09 16:40:01,121 [INFO] - Kline data inserted for SOLUSDT, interval=5, time=2025-03-09 05:35:00
2025-03-09 16:40:01,223 [INFO] - Kline data inserted for SOLUSDT, interval=1, time=2025-03-09 05:39:00
2025-03-09 16:40:01,326 [INFO] - Kline data inserted for ICPUSDT, interval=5, time=2025-03-09 05:35:00
2025-03-09 16:40:01,427 [INFO] - Kline data inserted for ICPUSDT, interval=1, time=2025-03-09 05:39:00
2025-03-09 16:40:01,529 [INFO] - Kline data inserted for LINKUSDT, interval=5, time=2025-03-09 05:35:00
2025-03-09 16:40:01,631 [INFO] - Kline data inserted for LINKUSDT, interval=1, time=2025-03-09 05:39:00
2025-03-09 16:40:01,732 [INFO] - Kline data inserted for NEARUSDT, interval=1, time=2025-03-09 05:39:00
2025-03-09 16:40:01,834 [INFO] - Kline data inserted for NEARUSDT, interval=5, time=2025-03-09 05:35:00
2025-03-09 16:40:01,937 [INFO] - Kline data inserted for XLMUSDT, interval=1, time=2025-03-09 05:39:00
2025-03-09 16:40:02,039 [INFO] - Kline data inserted for XLMUSDT, interval=5, time=2025-03-09 05:35:00
2025-03-09 16:40:02,141 [INFO] - Kline data inserted for UNIUSDT, interval=1, time=2025-03-09 05:39:00
2025-03-09 16:40:02,243 [INFO] - Kline data inserted for UNIUSDT, interval=5, time=2025-03-09 05:35:00
2025-03-09 16:40:02,346 [INFO] - Kline data inserted for DOGEUSDT, interval=5, time=2025-03-09 05:35:00
2025-03-09 16:40:02,447 [INFO] - Kline data inserted for DOGEUSDT, interval=1, time=2025-03-09 05:39:00
2025-03-09 16:40:02,550 [INFO] - Kline data inserted for TRXUSDT, interval=5, time=2025-03-09 05:35:00
2025-03-09 16:40:02,651 [INFO] - Kline data inserted for TRXUSDT, interval=1, time=2025-03-09 05:39:00
2025-03-09 16:40:02,753 [INFO] - Kline data inserted for ADAUSDT, interval=5, time=2025-03-09 05:35:00
2025-03-09 16:40:02,854 [INFO] - Kline data inserted for ADAUSDT, interval=1, time=2025-03-09 05:39:00
2025-03-09 16:40:02,956 [INFO] - Kline data inserted for LTCUSDT, interval=5, time=2025-03-09 05:35:00
2025-03-09 16:40:03,058 [INFO] - Kline data inserted for LTCUSDT, interval=1, time=2025-03-09 05:39:00
2025-03-09 16:40:03,161 [INFO] - Kline data inserted for ALGOUSDT, interval=1, time=2025-03-09 05:39:00
2025-03-09 16:40:03,263 [INFO] - Kline data inserted for ALGOUSDT, interval=5, time=2025-03-09 05:35:00
2025-03-09 16:40:03,365 [INFO] - Kline data inserted for DOTUSDT, interval=1, time=2025-03-09 05:39:00
2025-03-09 16:40:03,466 [INFO] - Kline data inserted for DOTUSDT, interval=5, time=2025-03-09 05:35:00
2025-03-09 16:40:59,896 [INFO] - Kline data inserted for BTCUSDT, interval=1, time=2025-03-09 05:40:00
2025-03-09 16:40:59,999 [INFO] - Kline data inserted for ETHUSDT, interval=1, time=2025-03-09 05:40:00
2025-03-09 16:41:00,101 [INFO] - Kline data inserted for ATOMUSDT, interval=1, time=2025-03-09 05:40:00
2025-03-09 16:41:00,203 [INFO] - Kline data inserted for XRPUSDT, interval=1, time=2025-03-09 05:40:00
2025-03-09 16:41:00,305 [INFO] - Kline data inserted for BNBUSDT, interval=1, time=2025-03-09 05:40:00
2025-03-09 16:41:00,407 [INFO] - Kline data inserted for PEPEUSDT, interval=1, time=2025-03-09 05:40:00
2025-03-09 16:41:00,510 [INFO] - Kline data inserted for AVAXUSDT, interval=1, time=2025-03-09 05:40:00
2025-03-09 16:41:00,612 [INFO] - Kline data inserted for SOLUSDT, interval=1, time=2025-03-09 05:40:00
2025-03-09 16:41:00,715 [INFO] - Kline data inserted for ICPUSDT, interval=1, time=2025-03-09 05:40:00
2025-03-09 16:41:00,816 [INFO] - Kline data inserted for LINKUSDT, interval=1, time=2025-03-09 05:40:00
2025-03-09 16:41:00,918 [INFO] - Kline data inserted for NEARUSDT, interval=1, time=2025-03-09 05:40:00
2025-03-09 16:41:01,020 [INFO] - Kline data inserted for XLMUSDT, interval=1, time=2025-03-09 05:40:00
2025-03-09 16:41:01,122 [INFO] - Kline data inserted for UNIUSDT, interval=1, time=2025-03-09 05:40:00
2025-03-09 16:41:01,224 [INFO] - Kline data inserted for DOGEUSDT, interval=1, time=2025-03-09 05:40:00
2025-03-09 16:41:01,326 [INFO] - Kline data inserted for TRXUSDT, interval=1, time=2025-03-09 05:40:00
2025-03-09 16:41:01,427 [INFO] - Kline data inserted for ADAUSDT, interval=1, time=2025-03-09 05:40:00
2025-03-09 16:41:01,529 [INFO] - Kline data inserted for SUSDT, interval=1, time=2025-03-09 05:40:00
2025-03-09 16:41:01,632 [INFO] - Kline data inserted for LTCUSDT, interval=1, time=2025-03-09 05:40:00
2025-03-09 16:41:01,734 [INFO] - Kline data inserted for ALGOUSDT, interval=1, time=2025-03-09 05:40:00
2025-03-09 16:41:01,836 [INFO] - Kline data inserted for DOTUSDT, interval=1, time=2025-03-09 05:40:00
2025-03-09 16:41:59,898 [INFO] - Kline data inserted for BTCUSDT, interval=1, time=2025-03-09 05:41:00
2025-03-09 16:42:00,000 [INFO] - Kline data inserted for ETHUSDT, interval=1, time=2025-03-09 05:41:00
2025-03-09 16:42:00,103 [INFO] - Kline data inserted for ATOMUSDT, interval=1, time=2025-03-09 05:41:00
2025-03-09 16:42:21,368 [INFO] - Kline data inserted for XRPUSDT, interval=1, time=2025-03-09 05:41:00
2025-03-09 16:42:21,470 [INFO] - Kline data inserted for BNBUSDT, interval=1, time=2025-03-09 05:41:00
2025-03-09 16:42:21,572 [INFO] - Kline data inserted for PEPEUSDT, interval=1, time=2025-03-09 05:41:00
2025-03-09 16:42:21,674 [INFO] - Kline data inserted for AVAXUSDT, interval=1, time=2025-03-09 05:41:00
2025-03-09 16:42:21,776 [INFO] - Kline data inserted for SOLUSDT, interval=1, time=2025-03-09 05:41:00
2025-03-09 16:42:21,878 [INFO] - Kline data inserted for ICPUSDT, interval=1, time=2025-03-09 05:41:00
2025-03-09 16:42:21,980 [INFO] - Kline data inserted for LINKUSDT, interval=1, time=2025-03-09 05:41:00
2025-03-09 16:42:22,082 [INFO] - Kline data inserted for NEARUSDT, interval=1, time=2025-03-09 05:41:00
2025-03-09 16:42:22,184 [INFO] - Kline data inserted for XLMUSDT, interval=1, time=2025-03-09 05:41:00
2025-03-09 16:42:22,286 [INFO] - Kline data inserted for UNIUSDT, interval=1, time=2025-03-09 05:41:00
2025-03-09 16:42:22,388 [INFO] - Kline data inserted for DOGEUSDT, interval=1, time=2025-03-09 05:41:00
2025-03-09 16:42:22,490 [INFO] - Kline data inserted for TRXUSDT, interval=1, time=2025-03-09 05:41:00
2025-03-09 16:42:22,592 [INFO] - Kline data inserted for ADAUSDT, interval=1, time=2025-03-09 05:41:00
2025-03-09 16:42:22,694 [INFO] - Kline data inserted for SUSDT, interval=1, time=2025-03-09 05:41:00
2025-03-09 16:42:22,796 [INFO] - Kline data inserted for LTCUSDT, interval=1, time=2025-03-09 05:41:00
2025-03-09 16:42:22,898 [INFO] - Kline data inserted for ALGOUSDT, interval=1, time=2025-03-09 05:41:00
2025-03-09 16:42:23,000 [INFO] - Kline data inserted for DOTUSDT, interval=1, time=2025-03-09 05:41:00
2025-03-09 16:43:00,018 [INFO] - Kline data inserted for BTCUSDT, interval=1, time=2025-03-09 05:42:00
2025-03-09 16:43:00,120 [INFO] - Kline data inserted for ETHUSDT, interval=1, time=2025-03-09 05:42:00
2025-03-09 16:43:00,222 [INFO] - Kline data inserted for ATOMUSDT, interval=1, time=2025-03-09 05:42:00
2025-03-09 16:43:00,324 [INFO] - Kline data inserted for XRPUSDT, interval=1, time=2025-03-09 05:42:00
2025-03-09 16:43:00,426 [INFO] - Kline data inserted for BNBUSDT, interval=1, time=2025-03-09 05:42:00
2025-03-09 16:43:00,528 [INFO] - Kline data inserted for PEPEUSDT, interval=1, time=2025-03-09 05:42:00
2025-03-09 16:43:00,630 [INFO] - Kline data inserted for AVAXUSDT, interval=1, time=2025-03-09 05:42:00
2025-03-09 16:43:00,732 [INFO] - Kline data inserted for SOLUSDT, interval=1, time=2025-03-09 05:42:00
2025-03-09 16:43:00,834 [INFO] - Kline data inserted for ICPUSDT, interval=1, time=2025-03-09 05:42:00
2025-03-09 16:43:00,936 [INFO] - Kline data inserted for LINKUSDT, interval=1, time=2025-03-09 05:42:00
2025-03-09 16:43:01,038 [INFO] - Kline data inserted for NEARUSDT, interval=1, time=2025-03-09 05:42:00
2025-03-09 16:43:01,141 [INFO] - Kline data inserted for XLMUSDT, interval=1, time=2025-03-09 05:42:00
2025-03-09 16:43:01,243 [INFO] - Kline data inserted for UNIUSDT, interval=1, time=2025-03-09 05:42:00
2025-03-09 16:43:01,345 [INFO] - Kline data inserted for DOGEUSDT, interval=1, time=2025-03-09 05:42:00
2025-03-09 16:43:01,447 [INFO] - Kline data inserted for TRXUSDT, interval=1, time=2025-03-09 05:42:00
2025-03-09 16:43:01,549 [INFO] - Kline data inserted for ADAUSDT, interval=1, time=2025-03-09 05:42:00
2025-03-09 16:43:01,651 [INFO] - Kline data inserted for SUSDT, interval=1, time=2025-03-09 05:42:00
2025-03-09 16:43:01,754 [INFO] - Kline data inserted for LTCUSDT, interval=1, time=2025-03-09 05:42:00
2025-03-09 16:43:01,856 [INFO] - Kline data inserted for ALGOUSDT, interval=1, time=2025-03-09 05:42:00
2025-03-09 16:43:01,958 [INFO] - Kline data inserted for DOTUSDT, interval=1, time=2025-03-09 05:42:00
2025-03-09 16:43:59,902 [INFO] - Kline data inserted for BTCUSDT, interval=1, time=2025-03-09 05:43:00
2025-03-09 16:44:00,004 [INFO] - Kline data inserted for ETHUSDT, interval=1, time=2025-03-09 05:43:00
2025-03-09 16:44:00,106 [INFO] - Kline data inserted for ATOMUSDT, interval=1, time=2025-03-09 05:43:00
2025-03-09 16:44:00,298 [INFO] - Kline data inserted for XRPUSDT, interval=1, time=2025-03-09 05:43:00
2025-03-09 16:44:00,400 [INFO] - Kline data inserted for BNBUSDT, interval=1, time=2025-03-09 05:43:00
2025-03-09 16:44:00,502 [INFO] - Kline data inserted for PEPEUSDT, interval=1, time=2025-03-09 05:43:00
2025-03-09 16:44:00,604 [INFO] - Kline data inserted for AVAXUSDT, interval=1, time=2025-03-09 05:43:00
2025-03-09 16:44:00,706 [INFO] - Kline data inserted for SOLUSDT, interval=1, time=2025-03-09 05:43:00
2025-03-09 16:44:00,808 [INFO] - Kline data inserted for ICPUSDT, interval=1, time=2025-03-09 05:43:00
2025-03-09 16:44:00,911 [INFO] - Kline data inserted for LINKUSDT, interval=1, time=2025-03-09 05:43:00
2025-03-09 16:44:01,013 [INFO] - Kline data inserted for NEARUSDT, interval=1, time=2025-03-09 05:43:00
2025-03-09 16:44:01,114 [INFO] - Kline data inserted for XLMUSDT, interval=1, time=2025-03-09 05:43:00
2025-03-09 16:44:01,217 [INFO] - Kline data inserted for UNIUSDT, interval=1, time=2025-03-09 05:43:00
2025-03-09 16:44:01,320 [INFO] - Kline data inserted for DOGEUSDT, interval=1, time=2025-03-09 05:43:00
2025-03-09 16:44:01,422 [INFO] - Kline data inserted for TRXUSDT, interval=1, time=2025-03-09 05:43:00
2025-03-09 16:44:01,524 [INFO] - Kline data inserted for ADAUSDT, interval=1, time=2025-03-09 05:43:00
2025-03-09 16:44:01,626 [INFO] - Kline data inserted for SUSDT, interval=1, time=2025-03-09 05:43:00
2025-03-09 16:44:01,727 [INFO] - Kline data inserted for LTCUSDT, interval=1, time=2025-03-09 05:43:00
2025-03-09 16:44:01,829 [INFO] - Kline data inserted for ALGOUSDT, interval=1, time=2025-03-09 05:43:00
2025-03-09 16:44:01,930 [INFO] - Kline data inserted for DOTUSDT, interval=1, time=2025-03-09 05:43:00
2025-03-09 16:44:59,902 [INFO] - Kline data inserted for BTCUSDT, interval=1, time=2025-03-09 05:44:00
2025-03-09 16:45:00,004 [INFO] - Kline data inserted for BTCUSDT, interval=5, time=2025-03-09 05:40:00
2025-03-09 16:45:00,106 [INFO] - Kline data inserted for ETHUSDT, interval=1, time=2025-03-09 05:44:00
2025-03-09 16:45:00,208 [INFO] - Kline data inserted for ETHUSDT, interval=5, time=2025-03-09 05:40:00
2025-03-09 16:45:00,311 [INFO] - Kline data inserted for ATOMUSDT, interval=1, time=2025-03-09 05:44:00
2025-03-09 16:45:00,413 [INFO] - Kline data inserted for ATOMUSDT, interval=5, time=2025-03-09 05:40:00
2025-03-09 16:45:00,515 [INFO] - Kline data inserted for XRPUSDT, interval=1, time=2025-03-09 05:44:00
2025-03-09 16:45:00,618 [INFO] - Kline data inserted for XRPUSDT, interval=5, time=2025-03-09 05:40:00
2025-03-09 16:45:00,720 [INFO] - Kline data inserted for BNBUSDT, interval=1, time=2025-03-09 05:44:00
2025-03-09 16:45:00,822 [INFO] - Kline data inserted for BNBUSDT, interval=5, time=2025-03-09 05:40:00
2025-03-09 16:45:00,924 [INFO] - Kline data inserted for PEPEUSDT, interval=1, time=2025-03-09 05:44:00
2025-03-09 16:45:01,025 [INFO] - Kline data inserted for PEPEUSDT, interval=5, time=2025-03-09 05:40:00
2025-03-09 16:45:01,128 [INFO] - Kline data inserted for AVAXUSDT, interval=1, time=2025-03-09 05:44:00
2025-03-09 16:45:01,230 [INFO] - Kline data inserted for AVAXUSDT, interval=5, time=2025-03-09 05:40:00
2025-03-09 16:45:01,332 [INFO] - Kline data inserted for SOLUSDT, interval=1, time=2025-03-09 05:44:00
2025-03-09 16:45:01,433 [INFO] - Kline data inserted for SOLUSDT, interval=5, time=2025-03-09 05:40:00
2025-03-09 16:45:01,536 [INFO] - Kline data inserted for ICPUSDT, interval=1, time=2025-03-09 05:44:00
2025-03-09 16:45:01,638 [INFO] - Kline data inserted for ICPUSDT, interval=5, time=2025-03-09 05:40:00
2025-03-09 16:45:01,740 [INFO] - Kline data inserted for LINKUSDT, interval=1, time=2025-03-09 05:44:00
2025-03-09 16:45:01,842 [INFO] - Kline data inserted for LINKUSDT, interval=5, time=2025-03-09 05:40:00
2025-03-09 16:45:01,944 [INFO] - Kline data inserted for NEARUSDT, interval=1, time=2025-03-09 05:44:00
2025-03-09 16:45:02,046 [INFO] - Kline data inserted for NEARUSDT, interval=5, time=2025-03-09 05:40:00
2025-03-09 16:45:02,148 [INFO] - Kline data inserted for XLMUSDT, interval=1, time=2025-03-09 05:44:00
2025-03-09 16:45:02,250 [INFO] - Kline data inserted for XLMUSDT, interval=5, time=2025-03-09 05:40:00
2025-03-09 16:45:02,352 [INFO] - Kline data inserted for UNIUSDT, interval=1, time=2025-03-09 05:44:00
2025-03-09 16:45:02,454 [INFO] - Kline data inserted for UNIUSDT, interval=5, time=2025-03-09 05:40:00
2025-03-09 16:45:02,556 [INFO] - Kline data inserted for DOGEUSDT, interval=1, time=2025-03-09 05:44:00
2025-03-09 16:45:02,658 [INFO] - Kline data inserted for DOGEUSDT, interval=5, time=2025-03-09 05:40:00
2025-03-09 16:45:02,760 [INFO] - Kline data inserted for TRXUSDT, interval=5, time=2025-03-09 05:40:00
2025-03-09 16:45:02,862 [INFO] - Kline data inserted for TRXUSDT, interval=1, time=2025-03-09 05:44:00
2025-03-09 16:45:02,964 [INFO] - Kline data inserted for ADAUSDT, interval=5, time=2025-03-09 05:40:00
2025-03-09 16:45:03,066 [INFO] - Kline data inserted for ADAUSDT, interval=1, time=2025-03-09 05:44:00
2025-03-09 16:45:03,168 [INFO] - Kline data inserted for SUSDT, interval=1, time=2025-03-09 05:44:00
2025-03-09 16:45:03,270 [INFO] - Kline data inserted for SUSDT, interval=5, time=2025-03-09 05:40:00
2025-03-09 16:45:03,373 [INFO] - Kline data inserted for LTCUSDT, interval=1, time=2025-03-09 05:44:00
2025-03-09 16:45:03,475 [INFO] - Kline data inserted for LTCUSDT, interval=5, time=2025-03-09 05:40:00
2025-03-09 16:45:03,576 [INFO] - Kline data inserted for ALGOUSDT, interval=5, time=2025-03-09 05:40:00
2025-03-09 16:45:03,679 [INFO] - Kline data inserted for ALGOUSDT, interval=1, time=2025-03-09 05:44:00
2025-03-09 16:45:03,781 [INFO] - Kline data inserted for DOTUSDT, interval=1, time=2025-03-09 05:44:00
2025-03-09 16:45:03,883 [INFO] - Kline data inserted for DOTUSDT, interval=5, time=2025-03-09 05:40:00
2025-03-09 16:46:00,082 [INFO] - Kline data inserted for BTCUSDT, interval=1, time=2025-03-09 05:45:00
2025-03-09 16:46:00,184 [INFO] - Kline data inserted for ETHUSDT, interval=1, time=2025-03-09 05:45:00
2025-03-09 16:46:00,287 [INFO] - Kline data inserted for ATOMUSDT, interval=1, time=2025-03-09 05:45:00
2025-03-09 16:46:00,389 [INFO] - Kline data inserted for XRPUSDT, interval=1, time=2025-03-09 05:45:00
2025-03-09 16:46:00,491 [INFO] - Kline data inserted for BNBUSDT, interval=1, time=2025-03-09 05:45:00
2025-03-09 16:46:00,593 [INFO] - Kline data inserted for PEPEUSDT, interval=1, time=2025-03-09 05:45:00
2025-03-09 16:46:00,695 [INFO] - Kline data inserted for AVAXUSDT, interval=1, time=2025-03-09 05:45:00
2025-03-09 16:46:00,797 [INFO] - Kline data inserted for SOLUSDT, interval=1, time=2025-03-09 05:45:00
2025-03-09 16:46:00,899 [INFO] - Kline data inserted for ICPUSDT, interval=1, time=2025-03-09 05:45:00
2025-03-09 16:46:01,001 [INFO] - Kline data inserted for LINKUSDT, interval=1, time=2025-03-09 05:45:00
2025-03-09 16:46:01,103 [INFO] - Kline data inserted for NEARUSDT, interval=1, time=2025-03-09 05:45:00
2025-03-09 16:46:01,204 [INFO] - Kline data inserted for XLMUSDT, interval=1, time=2025-03-09 05:45:00
2025-03-09 16:46:01,307 [INFO] - Kline data inserted for UNIUSDT, interval=1, time=2025-03-09 05:45:00
2025-03-09 16:46:01,409 [INFO] - Kline data inserted for DOGEUSDT, interval=1, time=2025-03-09 05:45:00
2025-03-09 16:46:01,511 [INFO] - Kline data inserted for TRXUSDT, interval=1, time=2025-03-09 05:45:00
2025-03-09 16:46:01,612 [INFO] - Kline data inserted for ADAUSDT, interval=1, time=2025-03-09 05:45:00
2025-03-09 16:46:01,714 [INFO] - Kline data inserted for SUSDT, interval=1, time=2025-03-09 05:45:00
2025-03-09 16:46:01,817 [INFO] - Kline data inserted for LTCUSDT, interval=1, time=2025-03-09 05:45:00
2025-03-09 16:46:01,919 [INFO] - Kline data inserted for ALGOUSDT, interval=1, time=2025-03-09 05:45:00
2025-03-09 16:46:02,021 [INFO] - Kline data inserted for DOTUSDT, interval=1, time=2025-03-09 05:45:00
2025-03-09 16:46:59,902 [INFO] - Kline data inserted for BTCUSDT, interval=1, time=2025-03-09 05:46:00
2025-03-09 16:47:00,005 [INFO] - Kline data inserted for ETHUSDT, interval=1, time=2025-03-09 05:46:00
2025-03-09 16:47:00,107 [INFO] - Kline data inserted for ATOMUSDT, interval=1, time=2025-03-09 05:46:00
2025-03-09 16:47:00,209 [INFO] - Kline data inserted for XRPUSDT, interval=1, time=2025-03-09 05:46:00
2025-03-09 16:47:00,311 [INFO] - Kline data inserted for BNBUSDT, interval=1, time=2025-03-09 05:46:00
2025-03-09 16:47:00,413 [INFO] - Kline data inserted for PEPEUSDT, interval=1, time=2025-03-09 05:46:00
2025-03-09 16:47:00,515 [INFO] - Kline data inserted for AVAXUSDT, interval=1, time=2025-03-09 05:46:00
2025-03-09 16:47:00,617 [INFO] - Kline data inserted for SOLUSDT, interval=1, time=2025-03-09 05:46:00
2025-03-09 16:47:00,723 [INFO] - Kline data inserted for ICPUSDT, interval=1, time=2025-03-09 05:46:00
2025-03-09 16:47:00,825 [INFO] - Kline data inserted for LINKUSDT, interval=1, time=2025-03-09 05:46:00
2025-03-09 16:47:00,927 [INFO] - Kline data inserted for NEARUSDT, interval=1, time=2025-03-09 05:46:00
2025-03-09 16:47:01,029 [INFO] - Kline data inserted for XLMUSDT, interval=1, time=2025-03-09 05:46:00
2025-03-09 16:47:01,131 [INFO] - Kline data inserted for UNIUSDT, interval=1, time=2025-03-09 05:46:00
2025-03-09 16:47:01,236 [INFO] - Kline data inserted for DOGEUSDT, interval=1, time=2025-03-09 05:46:00
2025-03-09 16:47:01,338 [INFO] - Kline data inserted for TRXUSDT, interval=1, time=2025-03-09 05:46:00
2025-03-09 16:47:01,440 [INFO] - Kline data inserted for ADAUSDT, interval=1, time=2025-03-09 05:46:00
2025-03-09 16:47:01,542 [INFO] - Kline data inserted for SUSDT, interval=1, time=2025-03-09 05:46:00
2025-03-09 16:47:01,644 [INFO] - Kline data inserted for LTCUSDT, interval=1, time=2025-03-09 05:46:00
2025-03-09 16:47:01,746 [INFO] - Kline data inserted for ALGOUSDT, interval=1, time=2025-03-09 05:46:00
2025-03-09 16:47:01,848 [INFO] - Kline data inserted for DOTUSDT, interval=1, time=2025-03-09 05:46:00
2025-03-09 16:48:59,901 [INFO] - Kline data inserted for BTCUSDT, interval=1, time=2025-03-09 05:48:00
2025-03-09 16:49:00,004 [INFO] - Kline data inserted for ETHUSDT, interval=1, time=2025-03-09 05:48:00
2025-03-09 16:49:00,106 [INFO] - Kline data inserted for ATOMUSDT, interval=1, time=2025-03-09 05:48:00
2025-03-09 16:49:00,309 [INFO] - Kline data inserted for XRPUSDT, interval=1, time=2025-03-09 05:48:00
2025-03-09 16:49:00,412 [INFO] - Kline data inserted for BNBUSDT, interval=1, time=2025-03-09 05:48:00
2025-03-09 16:49:00,514 [INFO] - Kline data inserted for PEPEUSDT, interval=1, time=2025-03-09 05:48:00
2025-03-09 16:49:00,616 [INFO] - Kline data inserted for AVAXUSDT, interval=1, time=2025-03-09 05:48:00
2025-03-09 16:49:00,718 [INFO] - Kline data inserted for SOLUSDT, interval=1, time=2025-03-09 05:48:00
2025-03-09 16:49:00,820 [INFO] - Kline data inserted for ICPUSDT, interval=1, time=2025-03-09 05:48:00
2025-03-09 16:49:00,922 [INFO] - Kline data inserted for LINKUSDT, interval=1, time=2025-03-09 05:48:00
2025-03-09 16:49:01,023 [INFO] - Kline data inserted for NEARUSDT, interval=1, time=2025-03-09 05:48:00
2025-03-09 16:49:01,125 [INFO] - Kline data inserted for XLMUSDT, interval=1, time=2025-03-09 05:48:00
2025-03-09 16:49:01,229 [INFO] - Kline data inserted for UNIUSDT, interval=1, time=2025-03-09 05:48:00
2025-03-09 16:49:01,331 [INFO] - Kline data inserted for DOGEUSDT, interval=1, time=2025-03-09 05:48:00
2025-03-09 16:49:01,433 [INFO] - Kline data inserted for TRXUSDT, interval=1, time=2025-03-09 05:48:00
2025-03-09 16:49:01,535 [INFO] - Kline data inserted for ADAUSDT, interval=1, time=2025-03-09 05:48:00
2025-03-09 16:49:01,637 [INFO] - Kline data inserted for SUSDT, interval=1, time=2025-03-09 05:48:00
2025-03-09 16:49:01,739 [INFO] - Kline data inserted for LTCUSDT, interval=1, time=2025-03-09 05:48:00
2025-03-09 16:49:01,841 [INFO] - Kline data inserted for ALGOUSDT, interval=1, time=2025-03-09 05:48:00
2025-03-09 16:49:01,943 [INFO] - Kline data inserted for DOTUSDT, interval=1, time=2025-03-09 05:48:00
2025-03-09 16:50:00,104 [INFO] - Kline data inserted for BTCUSDT, interval=1, time=2025-03-09 05:49:00
2025-03-09 16:50:00,206 [INFO] - Kline data inserted for BTCUSDT, interval=5, time=2025-03-09 05:45:00
2025-03-09 16:50:00,308 [INFO] - Kline data inserted for ETHUSDT, interval=1, time=2025-03-09 05:49:00
2025-03-09 16:50:00,410 [INFO] - Kline data inserted for ETHUSDT, interval=5, time=2025-03-09 05:45:00
2025-03-09 16:50:00,511 [INFO] - Kline data inserted for ATOMUSDT, interval=1, time=2025-03-09 05:49:00
2025-03-09 16:50:00,613 [INFO] - Kline data inserted for ATOMUSDT, interval=5, time=2025-03-09 05:45:00
2025-03-09 16:50:00,716 [INFO] - Kline data inserted for XRPUSDT, interval=5, time=2025-03-09 05:45:00
2025-03-09 16:50:00,818 [INFO] - Kline data inserted for XRPUSDT, interval=1, time=2025-03-09 05:49:00
2025-03-09 16:50:00,920 [INFO] - Kline data inserted for BNBUSDT, interval=1, time=2025-03-09 05:49:00
2025-03-09 16:50:01,022 [INFO] - Kline data inserted for BNBUSDT, interval=5, time=2025-03-09 05:45:00
2025-03-09 16:50:01,124 [INFO] - Kline data inserted for PEPEUSDT, interval=1, time=2025-03-09 05:49:00
2025-03-09 16:50:01,226 [INFO] - Kline data inserted for PEPEUSDT, interval=5, time=2025-03-09 05:45:00
2025-03-09 16:50:01,328 [INFO] - Kline data inserted for AVAXUSDT, interval=1, time=2025-03-09 05:49:00
2025-03-09 16:50:01,430 [INFO] - Kline data inserted for AVAXUSDT, interval=5, time=2025-03-09 05:45:00
2025-03-09 16:50:01,532 [INFO] - Kline data inserted for SOLUSDT, interval=1, time=2025-03-09 05:49:00
2025-03-09 16:50:01,634 [INFO] - Kline data inserted for SOLUSDT, interval=5, time=2025-03-09 05:45:00
2025-03-09 16:50:01,736 [INFO] - Kline data inserted for ICPUSDT, interval=1, time=2025-03-09 05:49:00
2025-03-09 16:50:01,838 [INFO] - Kline data inserted for ICPUSDT, interval=5, time=2025-03-09 05:45:00
2025-03-09 16:50:01,940 [INFO] - Kline data inserted for LINKUSDT, interval=5, time=2025-03-09 05:45:00
2025-03-09 16:50:02,042 [INFO] - Kline data inserted for LINKUSDT, interval=1, time=2025-03-09 05:49:00
2025-03-09 16:50:02,144 [INFO] - Kline data inserted for NEARUSDT, interval=1, time=2025-03-09 05:49:00
2025-03-09 16:50:02,246 [INFO] - Kline data inserted for NEARUSDT, interval=5, time=2025-03-09 05:45:00
2025-03-09 16:50:02,348 [INFO] - Kline data inserted for XLMUSDT, interval=1, time=2025-03-09 05:49:00
2025-03-09 16:50:02,450 [INFO] - Kline data inserted for XLMUSDT, interval=5, time=2025-03-09 05:45:00
2025-03-09 16:50:02,552 [INFO] - Kline data inserted for UNIUSDT, interval=5, time=2025-03-09 05:45:00
2025-03-09 16:50:02,654 [INFO] - Kline data inserted for UNIUSDT, interval=1, time=2025-03-09 05:49:00
2025-03-09 16:50:02,756 [INFO] - Kline data inserted for DOGEUSDT, interval=1, time=2025-03-09 05:49:00
2025-03-09 16:50:02,857 [INFO] - Kline data inserted for DOGEUSDT, interval=5, time=2025-03-09 05:45:00
2025-03-09 16:50:02,960 [INFO] - Kline data inserted for TRXUSDT, interval=5, time=2025-03-09 05:45:00
2025-03-09 16:50:03,062 [INFO] - Kline data inserted for TRXUSDT, interval=1, time=2025-03-09 05:49:00
2025-03-09 16:50:03,167 [INFO] - Kline data inserted for ADAUSDT, interval=5, time=2025-03-09 05:45:00
2025-03-09 16:50:03,269 [INFO] - Kline data inserted for ADAUSDT, interval=1, time=2025-03-09 05:49:00
2025-03-09 16:50:03,371 [INFO] - Kline data inserted for SUSDT, interval=5, time=2025-03-09 05:45:00
2025-03-09 16:50:03,473 [INFO] - Kline data inserted for SUSDT, interval=1, time=2025-03-09 05:49:00
2025-03-09 16:50:03,575 [INFO] - Kline data inserted for LTCUSDT, interval=1, time=2025-03-09 05:49:00
2025-03-09 16:50:03,677 [INFO] - Kline data inserted for LTCUSDT, interval=5, time=2025-03-09 05:45:00
2025-03-09 16:50:03,779 [INFO] - Kline data inserted for ALGOUSDT, interval=5, time=2025-03-09 05:45:00
2025-03-09 16:50:03,880 [INFO] - Kline data inserted for ALGOUSDT, interval=1, time=2025-03-09 05:49:00
2025-03-09 16:50:03,983 [INFO] - Kline data inserted for DOTUSDT, interval=5, time=2025-03-09 05:45:00
2025-03-09 16:50:04,085 [INFO] - Kline data inserted for DOTUSDT, interval=1, time=2025-03-09 05:49:00
2025-03-09 16:52:59,980 [INFO] - Kline data inserted for ETHUSDT, interval=1, time=2025-03-09 05:52:00
2025-03-09 16:53:00,082 [INFO] - Kline data inserted for ATOMUSDT, interval=1, time=2025-03-09 05:52:00
2025-03-09 16:53:00,184 [INFO] - Kline data inserted for XRPUSDT, interval=1, time=2025-03-09 05:52:00
2025-03-09 16:53:00,286 [INFO] - Kline data inserted for BNBUSDT, interval=1, time=2025-03-09 05:52:00
2025-03-09 16:53:00,387 [INFO] - Kline data inserted for PEPEUSDT, interval=1, time=2025-03-09 05:52:00
2025-03-09 16:53:00,490 [INFO] - Kline data inserted for AVAXUSDT, interval=1, time=2025-03-09 05:52:00
2025-03-09 16:53:00,593 [INFO] - Kline data inserted for SOLUSDT, interval=1, time=2025-03-09 05:52:00
2025-03-09 16:53:00,695 [INFO] - Kline data inserted for ICPUSDT, interval=1, time=2025-03-09 05:52:00
2025-03-09 16:53:00,797 [INFO] - Kline data inserted for LINKUSDT, interval=1, time=2025-03-09 05:52:00
2025-03-09 16:53:00,899 [INFO] - Kline data inserted for NEARUSDT, interval=1, time=2025-03-09 05:52:00
2025-03-09 16:53:01,002 [INFO] - Kline data inserted for XLMUSDT, interval=1, time=2025-03-09 05:52:00
2025-03-09 16:53:01,105 [INFO] - Kline data inserted for UNIUSDT, interval=1, time=2025-03-09 05:52:00
2025-03-09 16:53:01,207 [INFO] - Kline data inserted for DOGEUSDT, interval=1, time=2025-03-09 05:52:00
2025-03-09 16:53:01,308 [INFO] - Kline data inserted for TRXUSDT, interval=1, time=2025-03-09 05:52:00
2025-03-09 16:53:01,410 [INFO] - Kline data inserted for ADAUSDT, interval=1, time=2025-03-09 05:52:00
2025-03-09 16:53:01,512 [INFO] - Kline data inserted for SUSDT, interval=1, time=2025-03-09 05:52:00
2025-03-09 16:53:01,615 [INFO] - Kline data inserted for LTCUSDT, interval=1, time=2025-03-09 05:52:00
2025-03-09 16:53:01,716 [INFO] - Kline data inserted for ALGOUSDT, interval=1, time=2025-03-09 05:52:00
2025-03-09 16:53:01,818 [INFO] - Kline data inserted for DOTUSDT, interval=1, time=2025-03-09 05:52:00
2025-03-09 16:53:01,920 [INFO] - Kline data inserted for BTCUSDT, interval=1, time=2025-03-09 05:52:00
2025-03-09 16:53:59,905 [INFO] - Kline data inserted for BTCUSDT, interval=1, time=2025-03-09 05:53:00
2025-03-09 16:54:00,007 [INFO] - Kline data inserted for ETHUSDT, interval=1, time=2025-03-09 05:53:00
2025-03-09 16:54:00,109 [INFO] - Kline data inserted for ATOMUSDT, interval=1, time=2025-03-09 05:53:00
2025-03-09 16:54:00,211 [INFO] - Kline data inserted for XRPUSDT, interval=1, time=2025-03-09 05:53:00
2025-03-09 16:54:00,313 [INFO] - Kline data inserted for BNBUSDT, interval=1, time=2025-03-09 05:53:00
2025-03-09 16:54:00,415 [INFO] - Kline data inserted for PEPEUSDT, interval=1, time=2025-03-09 05:53:00
2025-03-09 16:54:00,517 [INFO] - Kline data inserted for AVAXUSDT, interval=1, time=2025-03-09 05:53:00
2025-03-09 16:54:00,619 [INFO] - Kline data inserted for SOLUSDT, interval=1, time=2025-03-09 05:53:00
2025-03-09 16:54:00,721 [INFO] - Kline data inserted for ICPUSDT, interval=1, time=2025-03-09 05:53:00
2025-03-09 16:54:00,823 [INFO] - Kline data inserted for LINKUSDT, interval=1, time=2025-03-09 05:53:00
2025-03-09 16:54:00,925 [INFO] - Kline data inserted for NEARUSDT, interval=1, time=2025-03-09 05:53:00
2025-03-09 16:54:01,028 [INFO] - Kline data inserted for XLMUSDT, interval=1, time=2025-03-09 05:53:00
2025-03-09 16:54:01,129 [INFO] - Kline data inserted for UNIUSDT, interval=1, time=2025-03-09 05:53:00
2025-03-09 16:54:01,231 [INFO] - Kline data inserted for DOGEUSDT, interval=1, time=2025-03-09 05:53:00
2025-03-09 16:54:01,334 [INFO] - Kline data inserted for TRXUSDT, interval=1, time=2025-03-09 05:53:00
2025-03-09 16:54:01,436 [INFO] - Kline data inserted for ADAUSDT, interval=1, time=2025-03-09 05:53:00
2025-03-09 16:54:01,539 [INFO] - Kline data inserted for SUSDT, interval=1, time=2025-03-09 05:53:00
2025-03-09 16:54:01,641 [INFO] - Kline data inserted for LTCUSDT, interval=1, time=2025-03-09 05:53:00
2025-03-09 16:54:01,743 [INFO] - Kline data inserted for ALGOUSDT, interval=1, time=2025-03-09 05:53:00
2025-03-09 16:54:01,846 [INFO] - Kline data inserted for DOTUSDT, interval=1, time=2025-03-09 05:53:00
2025-03-09 16:54:59,911 [INFO] - Kline data inserted for BTCUSDT, interval=1, time=2025-03-09 05:54:00
2025-03-09 16:55:00,013 [INFO] - Kline data inserted for BTCUSDT, interval=5, time=2025-03-09 05:50:00
2025-03-09 16:55:00,115 [INFO] - Kline data inserted for ETHUSDT, interval=1, time=2025-03-09 05:54:00
2025-03-09 16:55:00,218 [INFO] - Kline data inserted for ETHUSDT, interval=5, time=2025-03-09 05:50:00
2025-03-09 16:55:00,320 [INFO] - Kline data inserted for ATOMUSDT, interval=1, time=2025-03-09 05:54:00
2025-03-09 16:55:00,422 [INFO] - Kline data inserted for ATOMUSDT, interval=5, time=2025-03-09 05:50:00
2025-03-09 16:55:00,524 [INFO] - Kline data inserted for XRPUSDT, interval=5, time=2025-03-09 05:50:00
2025-03-09 16:55:00,627 [INFO] - Kline data inserted for XRPUSDT, interval=1, time=2025-03-09 05:54:00
2025-03-09 16:55:00,729 [INFO] - Kline data inserted for BNBUSDT, interval=5, time=2025-03-09 05:50:00
2025-03-09 16:55:00,832 [INFO] - Kline data inserted for BNBUSDT, interval=1, time=2025-03-09 05:54:00
2025-03-09 16:55:00,933 [INFO] - Kline data inserted for PEPEUSDT, interval=5, time=2025-03-09 05:50:00
2025-03-09 16:55:01,035 [INFO] - Kline data inserted for PEPEUSDT, interval=1, time=2025-03-09 05:54:00
2025-03-09 16:55:01,137 [INFO] - Kline data inserted for AVAXUSDT, interval=5, time=2025-03-09 05:50:00
2025-03-09 16:55:01,240 [INFO] - Kline data inserted for AVAXUSDT, interval=1, time=2025-03-09 05:54:00
2025-03-09 16:55:01,342 [INFO] - Kline data inserted for SOLUSDT, interval=1, time=2025-03-09 05:54:00
2025-03-09 16:55:01,444 [INFO] - Kline data inserted for SOLUSDT, interval=5, time=2025-03-09 05:50:00
2025-03-09 16:55:01,546 [INFO] - Kline data inserted for ICPUSDT, interval=5, time=2025-03-09 05:50:00
2025-03-09 16:55:01,647 [INFO] - Kline data inserted for ICPUSDT, interval=1, time=2025-03-09 05:54:00
2025-03-09 16:55:01,749 [INFO] - Kline data inserted for LINKUSDT, interval=1, time=2025-03-09 05:54:00
2025-03-09 16:55:01,851 [INFO] - Kline data inserted for LINKUSDT, interval=5, time=2025-03-09 05:50:00
2025-03-09 16:55:01,954 [INFO] - Kline data inserted for NEARUSDT, interval=1, time=2025-03-09 05:54:00
2025-03-09 16:55:02,064 [INFO] - Kline data inserted for NEARUSDT, interval=5, time=2025-03-09 05:50:00
2025-03-09 16:55:02,167 [INFO] - Kline data inserted for XLMUSDT, interval=1, time=2025-03-09 05:54:00
2025-03-09 16:55:02,269 [INFO] - Kline data inserted for XLMUSDT, interval=5, time=2025-03-09 05:50:00
2025-03-09 16:55:02,371 [INFO] - Kline data inserted for UNIUSDT, interval=5, time=2025-03-09 05:50:00
2025-03-09 16:55:02,473 [INFO] - Kline data inserted for UNIUSDT, interval=1, time=2025-03-09 05:54:00
2025-03-09 16:55:02,576 [INFO] - Kline data inserted for DOGEUSDT, interval=5, time=2025-03-09 05:50:00
2025-03-09 16:55:02,679 [INFO] - Kline data inserted for DOGEUSDT, interval=1, time=2025-03-09 05:54:00
2025-03-09 16:55:02,782 [INFO] - Kline data inserted for TRXUSDT, interval=5, time=2025-03-09 05:50:00
2025-03-09 16:55:02,883 [INFO] - Kline data inserted for TRXUSDT, interval=1, time=2025-03-09 05:54:00
2025-03-09 16:55:02,986 [INFO] - Kline data inserted for ADAUSDT, interval=1, time=2025-03-09 05:54:00
2025-03-09 16:55:03,088 [INFO] - Kline data inserted for ADAUSDT, interval=5, time=2025-03-09 05:50:00
2025-03-09 16:55:03,190 [INFO] - Kline data inserted for SUSDT, interval=1, time=2025-03-09 05:54:00
2025-03-09 16:55:03,292 [INFO] - Kline data inserted for SUSDT, interval=5, time=2025-03-09 05:50:00
2025-03-09 16:55:03,394 [INFO] - Kline data inserted for LTCUSDT, interval=1, time=2025-03-09 05:54:00
2025-03-09 16:55:03,496 [INFO] - Kline data inserted for LTCUSDT, interval=5, time=2025-03-09 05:50:00
2025-03-09 16:55:03,599 [INFO] - Kline data inserted for ALGOUSDT, interval=5, time=2025-03-09 05:50:00
2025-03-09 16:55:03,700 [INFO] - Kline data inserted for ALGOUSDT, interval=1, time=2025-03-09 05:54:00
2025-03-09 16:55:03,803 [INFO] - Kline data inserted for DOTUSDT, interval=5, time=2025-03-09 05:50:00
2025-03-09 16:55:03,905 [INFO] - Kline data inserted for DOTUSDT, interval=1, time=2025-03-09 05:54:00
