2025-03-09 16:40:53,076 [INFO] - Discord Message sent successfully!
2025-03-09 16:40:53,287 [INFO] - ✅ Full Order Book Snapshot Loaded for BTCUSDT
2025-03-09 16:40:53,468 [INFO] - ✅ Full Order Book Snapshot Loaded for ETHUSDT
2025-03-09 16:40:53,647 [INFO] - ✅ Full Order Book Snapshot Loaded for SOLUSDT
2025-03-09 16:40:53,833 [INFO] - ✅ Full Order Book Snapshot Loaded for ADAUSDT
2025-03-09 16:40:54,022 [INFO] - ✅ Full Order Book Snapshot Loaded for DOTUSDT
2025-03-09 16:40:54,197 [INFO] - ✅ Full Order Book Snapshot Loaded for DOGEUSDT
2025-03-09 16:40:54,383 [INFO] - ✅ Full Order Book Snapshot Loaded for XRPUSDT
2025-03-09 16:40:54,567 [INFO] - ✅ Full Order Book Snapshot Loaded for BNBUSDT
2025-03-09 16:40:54,746 [INFO] - ✅ Full Order Book Snapshot Loaded for LTCUSDT
2025-03-09 16:40:54,925 [INFO] - ✅ Full Order Book Snapshot Loaded for LINKUSDT
2025-03-09 16:40:55,110 [INFO] - ✅ Full Order Book Snapshot Loaded for TRXUSDT
2025-03-09 16:40:55,283 [INFO] - ✅ Full Order Book Snapshot Loaded for XLMUSDT
2025-03-09 16:40:55,466 [INFO] - ✅ Full Order Book Snapshot Loaded for ATOMUSDT
2025-03-09 16:40:55,641 [INFO] - ✅ Full Order Book Snapshot Loaded for ALGOUSDT
2025-03-09 16:40:55,822 [INFO] - ✅ Full Order Book Snapshot Loaded for PEPEUSDT
2025-03-09 16:40:56,002 [INFO] - ✅ Full Order Book Snapshot Loaded for AVAXUSDT
2025-03-09 16:40:56,183 [INFO] - ✅ Full Order Book Snapshot Loaded for UNIUSDT
2025-03-09 16:40:56,364 [INFO] - ✅ Full Order Book Snapshot Loaded for SUSDT
2025-03-09 16:40:56,544 [INFO] - ✅ Full Order Book Snapshot Loaded for NEARUSDT
2025-03-09 16:40:56,734 [INFO] - ✅ Full Order Book Snapshot Loaded for ICPUSDT
2025-03-09 16:40:57,236 [INFO] - ✅ subscribe_in_batches execution 1 {'trades': ['publicTrade.BTCUSDT', 'publicTrade.ETHUSDT', 'publicTrade.SOLUSDT', 'publicTrade.ADAUSDT', 'publicTrade.DOTUSDT', 'publicTrade.DOGEUSDT', 'publicTrade.XRPUSDT', 'publicTrade.BNBUSDT', 'publicTrade.LTCUSDT', 'publicTrade.LINKUSDT', 'publicTrade.TRXUSDT', 'publicTrade.XLMUSDT', 'publicTrade.ATOMUSDT', 'publicTrade.ALGOUSDT', 'publicTrade.PEPEUSDT', 'publicTrade.AVAXUSDT', 'publicTrade.UNIUSDT', 'publicTrade.SUSDT', 'publicTrade.NEARUSDT', 'publicTrade.ICPUSDT'], 'orderbook': ['orderbook.200.BTCUSDT', 'orderbook.200.ETHUSDT', 'orderbook.200.SOLUSDT', 'orderbook.200.ADAUSDT', 'orderbook.200.DOTUSDT', 'orderbook.200.DOGEUSDT', 'orderbook.200.XRPUSDT', 'orderbook.200.BNBUSDT', 'orderbook.200.LTCUSDT', 'orderbook.200.LINKUSDT', 'orderbook.200.TRXUSDT', 'orderbook.200.XLMUSDT', 'orderbook.200.ATOMUSDT', 'orderbook.200.ALGOUSDT', 'orderbook.200.PEPEUSDT', 'orderbook.200.AVAXUSDT', 'orderbook.200.UNIUSDT', 'orderbook.200.SUSDT', 'orderbook.200.NEARUSDT', 'orderbook.200.ICPUSDT'], 'kline': ['kline.1.BTCUSDT', 'kline.1.ETHUSDT', 'kline.1.SOLUSDT', 'kline.1.ADAUSDT', 'kline.1.DOTUSDT', 'kline.1.DOGEUSDT', 'kline.1.XRPUSDT', 'kline.1.BNBUSDT', 'kline.1.LTCUSDT', 'kline.1.LINKUSDT', 'kline.1.TRXUSDT', 'kline.1.XLMUSDT', 'kline.1.ATOMUSDT', 'kline.1.ALGOUSDT', 'kline.1.PEPEUSDT', 'kline.1.AVAXUSDT', 'kline.1.UNIUSDT', 'kline.1.SUSDT', 'kline.1.NEARUSDT', 'kline.1.ICPUSDT', 'kline.5.BTCUSDT', 'kline.5.ETHUSDT', 'kline.5.SOLUSDT', 'kline.5.ADAUSDT', 'kline.5.DOTUSDT', 'kline.5.DOGEUSDT', 'kline.5.XRPUSDT', 'kline.5.BNBUSDT', 'kline.5.LTCUSDT', 'kline.5.LINKUSDT', 'kline.5.TRXUSDT', 'kline.5.XLMUSDT', 'kline.5.ATOMUSDT', 'kline.5.ALGOUSDT', 'kline.5.PEPEUSDT', 'kline.5.AVAXUSDT', 'kline.5.UNIUSDT', 'kline.5.SUSDT', 'kline.5.NEARUSDT', 'kline.5.ICPUSDT', 'kline.60.BTCUSDT', 'kline.60.ETHUSDT', 'kline.60.SOLUSDT', 'kline.60.ADAUSDT', 'kline.60.DOTUSDT', 'kline.60.DOGEUSDT', 'kline.60.XRPUSDT', 'kline.60.BNBUSDT', 'kline.60.LTCUSDT', 'kline.60.LINKUSDT', 'kline.60.TRXUSDT', 'kline.60.XLMUSDT', 'kline.60.ATOMUSDT', 'kline.60.ALGOUSDT', 'kline.60.PEPEUSDT', 'kline.60.AVAXUSDT', 'kline.60.UNIUSDT', 'kline.60.SUSDT', 'kline.60.NEARUSDT', 'kline.60.ICPUSDT', 'kline.D.BTCUSDT', 'kline.D.ETHUSDT', 'kline.D.SOLUSDT', 'kline.D.ADAUSDT', 'kline.D.DOTUSDT', 'kline.D.DOGEUSDT', 'kline.D.XRPUSDT', 'kline.D.BNBUSDT', 'kline.D.LTCUSDT', 'kline.D.LINKUSDT', 'kline.D.TRXUSDT', 'kline.D.XLMUSDT', 'kline.D.ATOMUSDT', 'kline.D.ALGOUSDT', 'kline.D.PEPEUSDT', 'kline.D.AVAXUSDT', 'kline.D.UNIUSDT', 'kline.D.SUSDT', 'kline.D.NEARUSDT', 'kline.D.ICPUSDT']}
2025-03-09 16:40:57,260 [INFO] - ✅ =-=-=-=-=-=-=-=-=-=-=-=-=-=-=-=-=-=-=- Subscribed to Bybit Spot WebSocket feeds! =-=-=-=-=-=-=-=-=-=-=-=-=-=-=-=-=-=-=-
2025-03-09 16:41:28,080 [INFO] - 🟢 DOGEUSDT Trade | Price: 0.19 | Delay: 0.00s
2025-03-09 16:41:28,155 [INFO] - 🟢 XLMUSDT Trade | Price: 0.28 | Delay: 0.00s
2025-03-09 16:41:28,162 [INFO] - 🟢 LTCUSDT Trade | Price: 101.01 | Delay: 0.00s
2025-03-09 16:41:28,396 [INFO] - 🟢 TRXUSDT Trade | Price: 0.24 | Delay: 0.00s
2025-03-09 16:41:53,545 [INFO] - Refreshing snapshot for ETHUSDT
2025-03-09 16:41:53,753 [INFO] - ✅ Full Order Book Snapshot Loaded for ETHUSDT
2025-03-09 16:41:53,776 [INFO] - Refreshing snapshot for SOLUSDT
2025-03-09 16:41:53,951 [INFO] - ✅ Full Order Book Snapshot Loaded for SOLUSDT
2025-03-09 16:41:53,997 [INFO] - Refreshing snapshot for BTCUSDT
2025-03-09 16:41:54,174 [INFO] - ✅ Full Order Book Snapshot Loaded for BTCUSDT
2025-03-09 16:41:54,211 [INFO] - Refreshing snapshot for DOGEUSDT
2025-03-09 16:41:54,390 [INFO] - ✅ Full Order Book Snapshot Loaded for DOGEUSDT
2025-03-09 16:41:54,415 [INFO] - Refreshing snapshot for ADAUSDT
2025-03-09 16:41:54,587 [INFO] - ✅ Full Order Book Snapshot Loaded for ADAUSDT
2025-03-09 16:41:54,612 [INFO] - Refreshing snapshot for XRPUSDT
2025-03-09 16:41:54,788 [INFO] - ✅ Full Order Book Snapshot Loaded for XRPUSDT
2025-03-09 16:41:54,896 [INFO] - Refreshing snapshot for LTCUSDT
2025-03-09 16:41:55,073 [INFO] - ✅ Full Order Book Snapshot Loaded for LTCUSDT
2025-03-09 16:41:55,090 [INFO] - Refreshing snapshot for DOTUSDT
2025-03-09 16:41:55,452 [INFO] - ✅ Full Order Book Snapshot Loaded for DOTUSDT
2025-03-09 16:41:55,504 [INFO] - Refreshing snapshot for LINKUSDT
2025-03-09 16:41:55,677 [INFO] - ✅ Full Order Book Snapshot Loaded for LINKUSDT
2025-03-09 16:41:55,701 [INFO] - Refreshing snapshot for XLMUSDT
2025-03-09 16:41:55,883 [INFO] - ✅ Full Order Book Snapshot Loaded for XLMUSDT
2025-03-09 16:41:55,900 [INFO] - Refreshing snapshot for PEPEUSDT
2025-03-09 16:41:56,070 [INFO] - ✅ Full Order Book Snapshot Loaded for PEPEUSDT
2025-03-09 16:41:56,140 [INFO] - Refreshing snapshot for TRXUSDT
2025-03-09 16:41:56,314 [INFO] - ✅ Full Order Book Snapshot Loaded for TRXUSDT
2025-03-09 16:41:56,333 [INFO] - Refreshing snapshot for BNBUSDT
2025-03-09 16:41:56,514 [INFO] - ✅ Full Order Book Snapshot Loaded for BNBUSDT
2025-03-09 16:41:56,639 [INFO] - Refreshing snapshot for SUSDT
2025-03-09 16:41:56,828 [INFO] - ✅ Full Order Book Snapshot Loaded for SUSDT
2025-03-09 16:41:56,872 [INFO] - Refreshing snapshot for AVAXUSDT
2025-03-09 16:41:57,052 [INFO] - ✅ Full Order Book Snapshot Loaded for AVAXUSDT
2025-03-09 16:41:57,265 [INFO] - Refreshing snapshot for ALGOUSDT
2025-03-09 16:41:57,448 [INFO] - ✅ Full Order Book Snapshot Loaded for ALGOUSDT
2025-03-09 16:41:57,537 [INFO] - Refreshing snapshot for ATOMUSDT
2025-03-09 16:41:57,709 [INFO] - ✅ Full Order Book Snapshot Loaded for ATOMUSDT
2025-03-09 16:41:58,249 [INFO] - 🟢 PEPEUSDT Trade | Price: 0.00 | Delay: 0.00s
2025-03-09 16:41:58,265 [INFO] - 🟢 AVAXUSDT Trade | Price: 20.31 | Delay: 0.00s
2025-03-09 16:41:58,397 [INFO] - 🟢 SUSDT Trade | Price: 0.50 | Delay: 0.00s
2025-03-09 16:41:59,339 [INFO] - Refreshing snapshot for ICPUSDT
2025-03-09 16:41:59,513 [INFO] - ✅ Full Order Book Snapshot Loaded for ICPUSDT
2025-03-09 16:41:59,977 [INFO] - 🟢 TRXUSDT Trade | Price: 0.24 | Delay: 0.00s
2025-03-09 16:42:00,120 [INFO] - Refreshing snapshot for UNIUSDT
2025-03-09 16:42:21,323 [INFO] - ✅ Full Order Book Snapshot Loaded for UNIUSDT
2025-03-09 16:42:21,597 [INFO] - Refreshing snapshot for NEARUSDT
2025-03-09 16:42:21,776 [INFO] - ✅ Full Order Book Snapshot Loaded for NEARUSDT
2025-03-09 16:42:31,064 [INFO] - 🟢 UNIUSDT Trade | Price: 7.10 | Delay: 1.98s
2025-03-09 16:42:53,947 [INFO] - Refreshing snapshot for ETHUSDT
2025-03-09 16:42:54,150 [INFO] - ✅ Full Order Book Snapshot Loaded for ETHUSDT
2025-03-09 16:42:54,175 [INFO] - Refreshing snapshot for SOLUSDT
2025-03-09 16:42:54,350 [INFO] - ✅ Full Order Book Snapshot Loaded for SOLUSDT
2025-03-09 16:42:54,407 [INFO] - Refreshing snapshot for BTCUSDT
2025-03-09 16:42:54,583 [INFO] - ✅ Full Order Book Snapshot Loaded for BTCUSDT
2025-03-09 16:42:54,625 [INFO] - Refreshing snapshot for DOGEUSDT
2025-03-09 16:42:54,799 [INFO] - ✅ Full Order Book Snapshot Loaded for DOGEUSDT
2025-03-09 16:42:54,836 [INFO] - Refreshing snapshot for ADAUSDT
2025-03-09 16:42:55,019 [INFO] - ✅ Full Order Book Snapshot Loaded for ADAUSDT
2025-03-09 16:42:55,107 [INFO] - Refreshing snapshot for XRPUSDT
2025-03-09 16:42:55,285 [INFO] - ✅ Full Order Book Snapshot Loaded for XRPUSDT
2025-03-09 16:42:55,330 [INFO] - Refreshing snapshot for LTCUSDT
2025-03-09 16:42:55,503 [INFO] - ✅ Full Order Book Snapshot Loaded for LTCUSDT
2025-03-09 16:42:55,697 [INFO] - Refreshing snapshot for DOTUSDT
2025-03-09 16:42:55,878 [INFO] - ✅ Full Order Book Snapshot Loaded for DOTUSDT
2025-03-09 16:42:56,040 [INFO] - Refreshing snapshot for XLMUSDT
2025-03-09 16:42:56,400 [INFO] - ✅ Full Order Book Snapshot Loaded for XLMUSDT
2025-03-09 16:42:56,442 [INFO] - Refreshing snapshot for LINKUSDT
2025-03-09 16:42:56,612 [INFO] - ✅ Full Order Book Snapshot Loaded for LINKUSDT
2025-03-09 16:42:56,660 [INFO] - Refreshing snapshot for TRXUSDT
2025-03-09 16:42:56,838 [INFO] - ✅ Full Order Book Snapshot Loaded for TRXUSDT
2025-03-09 16:42:56,908 [INFO] - Refreshing snapshot for SUSDT
2025-03-09 16:42:57,081 [INFO] - ✅ Full Order Book Snapshot Loaded for SUSDT
2025-03-09 16:42:57,117 [INFO] - Refreshing snapshot for AVAXUSDT
2025-03-09 16:42:57,295 [INFO] - ✅ Full Order Book Snapshot Loaded for AVAXUSDT
2025-03-09 16:42:57,315 [INFO] - Refreshing snapshot for BNBUSDT
2025-03-09 16:42:57,672 [INFO] - ✅ Full Order Book Snapshot Loaded for BNBUSDT
2025-03-09 16:42:57,686 [INFO] - Refreshing snapshot for PEPEUSDT
2025-03-09 16:42:57,863 [INFO] - ✅ Full Order Book Snapshot Loaded for PEPEUSDT
2025-03-09 16:42:57,925 [INFO] - Refreshing snapshot for ATOMUSDT
2025-03-09 16:42:58,101 [INFO] - ✅ Full Order Book Snapshot Loaded for ATOMUSDT
2025-03-09 16:42:58,600 [INFO] - Refreshing snapshot for ALGOUSDT
2025-03-09 16:42:58,772 [INFO] - ✅ Full Order Book Snapshot Loaded for ALGOUSDT
2025-03-09 16:42:59,571 [INFO] - Refreshing snapshot for ICPUSDT
2025-03-09 16:42:59,758 [INFO] - ✅ Full Order Book Snapshot Loaded for ICPUSDT
2025-03-09 16:43:22,509 [INFO] - Refreshing snapshot for NEARUSDT
2025-03-09 16:43:22,690 [INFO] - ✅ Full Order Book Snapshot Loaded for NEARUSDT
2025-03-09 16:43:28,432 [INFO] - 🟢 DOGEUSDT Trade | Price: 0.19 | Delay: 0.00s
2025-03-09 16:43:31,347 [INFO] - 🟢 ICPUSDT Trade | Price: 5.91 | Delay: 0.00s
2025-03-09 16:43:40,005 [INFO] - 🟢 TRXUSDT Trade | Price: 0.24 | Delay: 0.00s
2025-03-09 16:43:47,113 [INFO] - Refreshing snapshot for UNIUSDT
2025-03-09 16:43:47,472 [INFO] - ✅ Full Order Book Snapshot Loaded for UNIUSDT
2025-03-09 16:43:54,774 [INFO] - Refreshing snapshot for BTCUSDT
2025-03-09 16:43:54,957 [INFO] - ✅ Full Order Book Snapshot Loaded for BTCUSDT
2025-03-09 16:43:54,965 [INFO] - Refreshing snapshot for SOLUSDT
2025-03-09 16:43:55,143 [INFO] - ✅ Full Order Book Snapshot Loaded for SOLUSDT
2025-03-09 16:43:55,170 [INFO] - Refreshing snapshot for ETHUSDT
2025-03-09 16:43:55,363 [INFO] - ✅ Full Order Book Snapshot Loaded for ETHUSDT
2025-03-09 16:43:55,372 [INFO] - Refreshing snapshot for ADAUSDT
2025-03-09 16:43:55,547 [INFO] - ✅ Full Order Book Snapshot Loaded for ADAUSDT
2025-03-09 16:43:55,557 [INFO] - Refreshing snapshot for XRPUSDT
2025-03-09 16:43:55,733 [INFO] - ✅ Full Order Book Snapshot Loaded for XRPUSDT
2025-03-09 16:43:55,758 [INFO] - Refreshing snapshot for DOGEUSDT
2025-03-09 16:43:55,925 [INFO] - ✅ Full Order Book Snapshot Loaded for DOGEUSDT
2025-03-09 16:43:56,022 [INFO] - Refreshing snapshot for LTCUSDT
2025-03-09 16:43:56,194 [INFO] - ✅ Full Order Book Snapshot Loaded for LTCUSDT
2025-03-09 16:43:56,236 [INFO] - Refreshing snapshot for DOTUSDT
2025-03-09 16:43:56,598 [INFO] - ✅ Full Order Book Snapshot Loaded for DOTUSDT
2025-03-09 16:43:56,643 [INFO] - Refreshing snapshot for LINKUSDT
2025-03-09 16:43:56,820 [INFO] - ✅ Full Order Book Snapshot Loaded for LINKUSDT
2025-03-09 16:43:56,838 [INFO] - Refreshing snapshot for XLMUSDT
2025-03-09 16:43:57,015 [INFO] - ✅ Full Order Book Snapshot Loaded for XLMUSDT
2025-03-09 16:43:57,148 [INFO] - Refreshing snapshot for SUSDT
2025-03-09 16:43:57,323 [INFO] - ✅ Full Order Book Snapshot Loaded for SUSDT
2025-03-09 16:43:57,856 [INFO] - Refreshing snapshot for BNBUSDT
2025-03-09 16:43:58,037 [INFO] - ✅ Full Order Book Snapshot Loaded for BNBUSDT
2025-03-09 16:43:58,945 [INFO] - Refreshing snapshot for PEPEUSDT
2025-03-09 16:43:59,125 [INFO] - ✅ Full Order Book Snapshot Loaded for PEPEUSDT
2025-03-09 16:44:00,123 [INFO] - Refreshing snapshot for ICPUSDT
2025-03-09 16:44:00,296 [INFO] - ✅ Full Order Book Snapshot Loaded for ICPUSDT
2025-03-09 16:44:05,799 [INFO] - Refreshing snapshot for ALGOUSDT
2025-03-09 16:44:05,974 [INFO] - ✅ Full Order Book Snapshot Loaded for ALGOUSDT
2025-03-09 16:44:07,594 [INFO] - Refreshing snapshot for ATOMUSDT
2025-03-09 16:44:07,769 [INFO] - ✅ Full Order Book Snapshot Loaded for ATOMUSDT
2025-03-09 16:44:08,786 [INFO] - Refreshing snapshot for AVAXUSDT
2025-03-09 16:44:08,958 [INFO] - ✅ Full Order Book Snapshot Loaded for AVAXUSDT
2025-03-09 16:44:18,845 [INFO] - 🟢 TRXUSDT Trade | Price: 0.24 | Delay: 0.00s
2025-03-09 16:44:23,911 [INFO] - Refreshing snapshot for NEARUSDT
2025-03-09 16:44:24,090 [INFO] - ✅ Full Order Book Snapshot Loaded for NEARUSDT
2025-03-09 16:44:28,506 [INFO] - Refreshing snapshot for TRXUSDT
2025-03-09 16:44:28,699 [INFO] - ✅ Full Order Book Snapshot Loaded for TRXUSDT
2025-03-09 16:44:28,718 [INFO] - 🟢 ETHUSDT Trade | Price: 2188.56 | Delay: 0.00s
2025-03-09 16:44:28,799 [INFO] - 🟢 ADAUSDT Trade | Price: 0.81 | Delay: 0.00s
2025-03-09 16:44:31,476 [INFO] - 🟢 SUSDT Trade | Price: 0.50 | Delay: 0.00s
2025-03-09 16:44:38,842 [INFO] - 🟢 AVAXUSDT Trade | Price: 20.31 | Delay: 0.00s
2025-03-09 16:44:53,107 [INFO] - 🟢 TRXUSDT Trade | Price: 0.24 | Delay: 0.00s
2025-03-09 16:44:54,112 [INFO] - Refreshing snapshot for UNIUSDT
2025-03-09 16:44:54,289 [INFO] - ✅ Full Order Book Snapshot Loaded for UNIUSDT
2025-03-09 16:44:54,975 [INFO] - Refreshing snapshot for BTCUSDT
2025-03-09 16:44:55,150 [INFO] - ✅ Full Order Book Snapshot Loaded for BTCUSDT
2025-03-09 16:44:55,167 [INFO] - Refreshing snapshot for SOLUSDT
2025-03-09 16:44:55,339 [INFO] - ✅ Full Order Book Snapshot Loaded for SOLUSDT
2025-03-09 16:44:55,409 [INFO] - Refreshing snapshot for ETHUSDT
2025-03-09 16:44:55,582 [INFO] - ✅ Full Order Book Snapshot Loaded for ETHUSDT
2025-03-09 16:44:55,590 [INFO] - Refreshing snapshot for ADAUSDT
2025-03-09 16:44:55,774 [INFO] - ✅ Full Order Book Snapshot Loaded for ADAUSDT
2025-03-09 16:44:55,818 [INFO] - Refreshing snapshot for XRPUSDT
2025-03-09 16:44:56,001 [INFO] - ✅ Full Order Book Snapshot Loaded for XRPUSDT
2025-03-09 16:44:56,070 [INFO] - Refreshing snapshot for DOGEUSDT
2025-03-09 16:44:56,249 [INFO] - ✅ Full Order Book Snapshot Loaded for DOGEUSDT
2025-03-09 16:44:56,311 [INFO] - Refreshing snapshot for LTCUSDT
2025-03-09 16:44:56,498 [INFO] - ✅ Full Order Book Snapshot Loaded for LTCUSDT
2025-03-09 16:44:57,928 [INFO] - Refreshing snapshot for LINKUSDT
2025-03-09 16:44:58,115 [INFO] - ✅ Full Order Book Snapshot Loaded for LINKUSDT
2025-03-09 16:44:58,189 [INFO] - Refreshing snapshot for SUSDT
2025-03-09 16:44:58,380 [INFO] - ✅ Full Order Book Snapshot Loaded for SUSDT
2025-03-09 16:44:58,917 [INFO] - Refreshing snapshot for BNBUSDT
2025-03-09 16:44:59,098 [INFO] - ✅ Full Order Book Snapshot Loaded for BNBUSDT
2025-03-09 16:44:59,559 [INFO] - Refreshing snapshot for PEPEUSDT
2025-03-09 16:44:59,733 [INFO] - ✅ Full Order Book Snapshot Loaded for PEPEUSDT
2025-03-09 16:44:59,939 [INFO] - 🟢 DOGEUSDT Trade | Price: 0.19 | Delay: 0.00s
2025-03-09 16:45:00,165 [INFO] - Refreshing snapshot for DOTUSDT
2025-03-09 16:45:00,345 [INFO] - ✅ Full Order Book Snapshot Loaded for DOTUSDT
2025-03-09 16:45:00,412 [INFO] - 🟢 NEARUSDT Trade | Price: 2.87 | Delay: 0.00s
2025-03-09 16:45:00,558 [INFO] - Refreshing snapshot for ICPUSDT
2025-03-09 16:45:00,744 [INFO] - ✅ Full Order Book Snapshot Loaded for ICPUSDT
2025-03-09 16:45:01,574 [INFO] - Refreshing snapshot for XLMUSDT
2025-03-09 16:45:01,755 [INFO] - ✅ Full Order Book Snapshot Loaded for XLMUSDT
2025-03-09 16:45:03,217 [INFO] - 🟢 ICPUSDT Trade | Price: 5.91 | Delay: 0.00s
2025-03-09 16:45:06,406 [INFO] - Refreshing snapshot for ALGOUSDT
2025-03-09 16:45:06,587 [INFO] - ✅ Full Order Book Snapshot Loaded for ALGOUSDT
2025-03-09 16:45:08,791 [INFO] - Refreshing snapshot for ATOMUSDT
2025-03-09 16:45:08,967 [INFO] - ✅ Full Order Book Snapshot Loaded for ATOMUSDT
2025-03-09 16:45:09,385 [INFO] - Refreshing snapshot for AVAXUSDT
2025-03-09 16:45:09,560 [INFO] - ✅ Full Order Book Snapshot Loaded for AVAXUSDT
2025-03-09 16:45:23,766 [INFO] - 🟢 TRXUSDT Trade | Price: 0.24 | Delay: 0.00s
2025-03-09 16:45:26,515 [INFO] - Refreshing snapshot for NEARUSDT
2025-03-09 16:45:26,692 [INFO] - ✅ Full Order Book Snapshot Loaded for NEARUSDT
2025-03-09 16:45:29,108 [INFO] - Refreshing snapshot for TRXUSDT
2025-03-09 16:45:29,294 [INFO] - ✅ Full Order Book Snapshot Loaded for TRXUSDT
2025-03-09 16:45:37,754 [INFO] - 🟢 ALGOUSDT Trade | Price: 0.22 | Delay: 0.00s
2025-03-09 16:45:53,800 [INFO] - 🟢 TRXUSDT Trade | Price: 0.24 | Delay: 0.00s
2025-03-09 16:45:55,376 [INFO] - Refreshing snapshot for BTCUSDT
2025-03-09 16:45:55,568 [INFO] - ✅ Full Order Book Snapshot Loaded for BTCUSDT
2025-03-09 16:45:55,578 [INFO] - Refreshing snapshot for SOLUSDT
2025-03-09 16:45:55,754 [INFO] - ✅ Full Order Book Snapshot Loaded for SOLUSDT
2025-03-09 16:45:55,785 [INFO] - Refreshing snapshot for ETHUSDT
2025-03-09 16:45:55,964 [INFO] - ✅ Full Order Book Snapshot Loaded for ETHUSDT
2025-03-09 16:45:55,974 [INFO] - Refreshing snapshot for ADAUSDT
2025-03-09 16:45:56,154 [INFO] - ✅ Full Order Book Snapshot Loaded for ADAUSDT
2025-03-09 16:45:56,226 [INFO] - Refreshing snapshot for UNIUSDT
2025-03-09 16:45:56,406 [INFO] - ✅ Full Order Book Snapshot Loaded for UNIUSDT
2025-03-09 16:45:56,416 [INFO] - Refreshing snapshot for DOGEUSDT
2025-03-09 16:45:56,599 [INFO] - ✅ Full Order Book Snapshot Loaded for DOGEUSDT
2025-03-09 16:45:56,608 [INFO] - Refreshing snapshot for LTCUSDT
2025-03-09 16:45:56,786 [INFO] - ✅ Full Order Book Snapshot Loaded for LTCUSDT
2025-03-09 16:45:56,860 [INFO] - Refreshing snapshot for XRPUSDT
2025-03-09 16:45:57,046 [INFO] - ✅ Full Order Book Snapshot Loaded for XRPUSDT
2025-03-09 16:45:59,316 [INFO] - Refreshing snapshot for BNBUSDT
2025-03-09 16:45:59,492 [INFO] - ✅ Full Order Book Snapshot Loaded for BNBUSDT
2025-03-09 16:45:59,907 [INFO] - Refreshing snapshot for SUSDT
2025-03-09 16:46:00,080 [INFO] - ✅ Full Order Book Snapshot Loaded for SUSDT
2025-03-09 16:46:00,927 [INFO] - Refreshing snapshot for ICPUSDT
2025-03-09 16:46:01,107 [INFO] - ✅ Full Order Book Snapshot Loaded for ICPUSDT
2025-03-09 16:46:01,966 [INFO] - Refreshing snapshot for DOTUSDT
2025-03-09 16:46:02,151 [INFO] - ✅ Full Order Book Snapshot Loaded for DOTUSDT
2025-03-09 16:46:02,351 [INFO] - Refreshing snapshot for LINKUSDT
2025-03-09 16:46:02,526 [INFO] - ✅ Full Order Book Snapshot Loaded for LINKUSDT
2025-03-09 16:46:02,542 [INFO] - Refreshing snapshot for XLMUSDT
2025-03-09 16:46:02,729 [INFO] - ✅ Full Order Book Snapshot Loaded for XLMUSDT
2025-03-09 16:46:02,751 [INFO] - Refreshing snapshot for PEPEUSDT
2025-03-09 16:46:02,931 [INFO] - ✅ Full Order Book Snapshot Loaded for PEPEUSDT
2025-03-09 16:46:08,593 [INFO] - Refreshing snapshot for ALGOUSDT
2025-03-09 16:46:08,785 [INFO] - ✅ Full Order Book Snapshot Loaded for ALGOUSDT
2025-03-09 16:46:11,798 [INFO] - Refreshing snapshot for ATOMUSDT
2025-03-09 16:46:11,970 [INFO] - ✅ Full Order Book Snapshot Loaded for ATOMUSDT
2025-03-09 16:46:12,067 [INFO] - Refreshing snapshot for AVAXUSDT
2025-03-09 16:46:12,242 [INFO] - ✅ Full Order Book Snapshot Loaded for AVAXUSDT
2025-03-09 16:46:26,712 [INFO] - Refreshing snapshot for NEARUSDT
2025-03-09 16:46:26,889 [INFO] - ✅ Full Order Book Snapshot Loaded for NEARUSDT
2025-03-09 16:46:32,262 [INFO] - 🟢 DOGEUSDT Trade | Price: 0.19 | Delay: 0.00s
2025-03-09 16:46:40,509 [INFO] - Refreshing snapshot for TRXUSDT
2025-03-09 16:46:40,725 [INFO] - ✅ Full Order Book Snapshot Loaded for TRXUSDT
2025-03-09 16:46:55,581 [INFO] - Refreshing snapshot for BTCUSDT
2025-03-09 16:46:55,768 [INFO] - ✅ Full Order Book Snapshot Loaded for BTCUSDT
2025-03-09 16:46:55,777 [INFO] - Refreshing snapshot for SOLUSDT
2025-03-09 16:46:55,963 [INFO] - ✅ Full Order Book Snapshot Loaded for SOLUSDT
2025-03-09 16:46:56,002 [INFO] - Refreshing snapshot for ETHUSDT
2025-03-09 16:46:56,180 [INFO] - ✅ Full Order Book Snapshot Loaded for ETHUSDT
2025-03-09 16:46:56,253 [INFO] - Refreshing snapshot for ADAUSDT
2025-03-09 16:46:56,436 [INFO] - ✅ Full Order Book Snapshot Loaded for ADAUSDT
2025-03-09 16:46:56,717 [INFO] - Refreshing snapshot for DOGEUSDT
2025-03-09 16:46:56,888 [INFO] - ✅ Full Order Book Snapshot Loaded for DOGEUSDT
2025-03-09 16:46:57,217 [INFO] - Refreshing snapshot for XRPUSDT
2025-03-09 16:46:57,397 [INFO] - ✅ Full Order Book Snapshot Loaded for XRPUSDT
2025-03-09 16:46:57,744 [INFO] - Refreshing snapshot for LTCUSDT
2025-03-09 16:46:57,931 [INFO] - ✅ Full Order Book Snapshot Loaded for LTCUSDT
2025-03-09 16:46:59,519 [INFO] - Refreshing snapshot for BNBUSDT
2025-03-09 16:46:59,695 [INFO] - ✅ Full Order Book Snapshot Loaded for BNBUSDT
2025-03-09 16:47:00,511 [INFO] - Refreshing snapshot for SUSDT
2025-03-09 16:47:00,693 [INFO] - ✅ Full Order Book Snapshot Loaded for SUSDT
2025-03-09 16:47:01,135 [INFO] - Refreshing snapshot for ICPUSDT
2025-03-09 16:47:01,317 [INFO] - ✅ Full Order Book Snapshot Loaded for ICPUSDT
2025-03-09 16:47:02,198 [INFO] - Refreshing snapshot for DOTUSDT
2025-03-09 16:47:02,372 [INFO] - ✅ Full Order Book Snapshot Loaded for DOTUSDT
2025-03-09 16:47:02,724 [INFO] - Refreshing snapshot for LINKUSDT
2025-03-09 16:47:02,909 [INFO] - ✅ Full Order Book Snapshot Loaded for LINKUSDT
2025-03-09 16:47:04,045 [INFO] - 🟢 TRXUSDT Trade | Price: 0.24 | Delay: 0.00s
2025-03-09 16:47:04,506 [INFO] - 🟢 SUSDT Trade | Price: 0.50 | Delay: 0.00s
2025-03-09 16:47:05,691 [INFO] - 🟢 LTCUSDT Trade | Price: 100.95 | Delay: 0.00s
2025-03-09 16:47:05,748 [INFO] - Refreshing snapshot for XLMUSDT
2025-03-09 16:47:06,112 [INFO] - ✅ Full Order Book Snapshot Loaded for XLMUSDT
2025-03-09 16:47:06,132 [INFO] - 🟢 UNIUSDT Trade | Price: 7.09 | Delay: 0.15s
2025-03-09 16:47:06,230 [INFO] - Refreshing snapshot for UNIUSDT
2025-03-09 16:47:06,602 [INFO] - ✅ Full Order Book Snapshot Loaded for UNIUSDT
2025-03-09 16:47:06,673 [INFO] - Refreshing snapshot for PEPEUSDT
2025-03-09 16:47:06,844 [INFO] - ✅ Full Order Book Snapshot Loaded for PEPEUSDT
2025-03-09 16:47:10,404 [INFO] - Refreshing snapshot for ALGOUSDT
2025-03-09 16:47:10,579 [INFO] - ✅ Full Order Book Snapshot Loaded for ALGOUSDT
2025-03-09 16:47:11,999 [INFO] - Refreshing snapshot for ATOMUSDT
2025-03-09 16:47:12,361 [INFO] - ✅ Full Order Book Snapshot Loaded for ATOMUSDT
2025-03-09 16:47:16,107 [INFO] - Refreshing snapshot for AVAXUSDT
2025-03-09 16:47:16,303 [INFO] - ✅ Full Order Book Snapshot Loaded for AVAXUSDT
2025-03-09 16:47:27,713 [INFO] - Refreshing snapshot for NEARUSDT
2025-03-09 16:47:27,889 [INFO] - ✅ Full Order Book Snapshot Loaded for NEARUSDT
2025-03-09 16:47:31,578 [INFO] - 🟢 SOLUSDT Trade | Price: 139.02 | Delay: 0.00s
2025-03-09 16:47:36,320 [INFO] - 🟢 XLMUSDT Trade | Price: 0.28 | Delay: 0.00s
2025-03-09 16:47:37,315 [INFO] - 🟢 TRXUSDT Trade | Price: 0.24 | Delay: 0.00s
2025-03-09 16:47:54,033 [INFO] - 🛑 WebSocket Bot Stopped.
2025-03-09 16:47:54,417 [INFO] - Discord Message sent successfully!
2025-03-09 16:47:57,679 [INFO] - Discord Message sent successfully!
2025-03-09 16:47:57,896 [INFO] - ✅ Full Order Book Snapshot Loaded for BTCUSDT
2025-03-09 16:47:58,083 [INFO] - ✅ Full Order Book Snapshot Loaded for ETHUSDT
2025-03-09 16:47:58,261 [INFO] - ✅ Full Order Book Snapshot Loaded for SOLUSDT
2025-03-09 16:47:58,449 [INFO] - ✅ Full Order Book Snapshot Loaded for ADAUSDT
2025-03-09 16:47:58,636 [INFO] - ✅ Full Order Book Snapshot Loaded for DOTUSDT
2025-03-09 16:47:58,817 [INFO] - ✅ Full Order Book Snapshot Loaded for DOGEUSDT
2025-03-09 16:47:58,995 [INFO] - ✅ Full Order Book Snapshot Loaded for XRPUSDT
2025-03-09 16:47:59,175 [INFO] - ✅ Full Order Book Snapshot Loaded for BNBUSDT
2025-03-09 16:47:59,369 [INFO] - ✅ Full Order Book Snapshot Loaded for LTCUSDT
2025-03-09 16:47:59,548 [INFO] - ✅ Full Order Book Snapshot Loaded for LINKUSDT
2025-03-09 16:47:59,725 [INFO] - ✅ Full Order Book Snapshot Loaded for TRXUSDT
2025-03-09 16:47:59,912 [INFO] - ✅ Full Order Book Snapshot Loaded for XLMUSDT
2025-03-09 16:48:00,093 [INFO] - ✅ Full Order Book Snapshot Loaded for ATOMUSDT
2025-03-09 16:48:00,274 [INFO] - ✅ Full Order Book Snapshot Loaded for ALGOUSDT
2025-03-09 16:48:00,450 [INFO] - ✅ Full Order Book Snapshot Loaded for PEPEUSDT
2025-03-09 16:48:00,630 [INFO] - ✅ Full Order Book Snapshot Loaded for AVAXUSDT
2025-03-09 16:48:00,807 [INFO] - ✅ Full Order Book Snapshot Loaded for UNIUSDT
2025-03-09 16:48:00,984 [INFO] - ✅ Full Order Book Snapshot Loaded for SUSDT
2025-03-09 16:48:01,166 [INFO] - ✅ Full Order Book Snapshot Loaded for NEARUSDT
2025-03-09 16:48:01,343 [INFO] - ✅ Full Order Book Snapshot Loaded for ICPUSDT
2025-03-09 16:48:01,808 [INFO] - ✅ subscribe_in_batches execution 1 {'trades': ['publicTrade.BTCUSDT', 'publicTrade.ETHUSDT', 'publicTrade.SOLUSDT', 'publicTrade.ADAUSDT', 'publicTrade.DOTUSDT', 'publicTrade.DOGEUSDT', 'publicTrade.XRPUSDT', 'publicTrade.BNBUSDT', 'publicTrade.LTCUSDT', 'publicTrade.LINKUSDT', 'publicTrade.TRXUSDT', 'publicTrade.XLMUSDT', 'publicTrade.ATOMUSDT', 'publicTrade.ALGOUSDT', 'publicTrade.PEPEUSDT', 'publicTrade.AVAXUSDT', 'publicTrade.UNIUSDT', 'publicTrade.SUSDT', 'publicTrade.NEARUSDT', 'publicTrade.ICPUSDT'], 'orderbook': ['orderbook.200.BTCUSDT', 'orderbook.200.ETHUSDT', 'orderbook.200.SOLUSDT', 'orderbook.200.ADAUSDT', 'orderbook.200.DOTUSDT', 'orderbook.200.DOGEUSDT', 'orderbook.200.XRPUSDT', 'orderbook.200.BNBUSDT', 'orderbook.200.LTCUSDT', 'orderbook.200.LINKUSDT', 'orderbook.200.TRXUSDT', 'orderbook.200.XLMUSDT', 'orderbook.200.ATOMUSDT', 'orderbook.200.ALGOUSDT', 'orderbook.200.PEPEUSDT', 'orderbook.200.AVAXUSDT', 'orderbook.200.UNIUSDT', 'orderbook.200.SUSDT', 'orderbook.200.NEARUSDT', 'orderbook.200.ICPUSDT'], 'kline': ['kline.1.BTCUSDT', 'kline.1.ETHUSDT', 'kline.1.SOLUSDT', 'kline.1.ADAUSDT', 'kline.1.DOTUSDT', 'kline.1.DOGEUSDT', 'kline.1.XRPUSDT', 'kline.1.BNBUSDT', 'kline.1.LTCUSDT', 'kline.1.LINKUSDT', 'kline.1.TRXUSDT', 'kline.1.XLMUSDT', 'kline.1.ATOMUSDT', 'kline.1.ALGOUSDT', 'kline.1.PEPEUSDT', 'kline.1.AVAXUSDT', 'kline.1.UNIUSDT', 'kline.1.SUSDT', 'kline.1.NEARUSDT', 'kline.1.ICPUSDT', 'kline.5.BTCUSDT', 'kline.5.ETHUSDT', 'kline.5.SOLUSDT', 'kline.5.ADAUSDT', 'kline.5.DOTUSDT', 'kline.5.DOGEUSDT', 'kline.5.XRPUSDT', 'kline.5.BNBUSDT', 'kline.5.LTCUSDT', 'kline.5.LINKUSDT', 'kline.5.TRXUSDT', 'kline.5.XLMUSDT', 'kline.5.ATOMUSDT', 'kline.5.ALGOUSDT', 'kline.5.PEPEUSDT', 'kline.5.AVAXUSDT', 'kline.5.UNIUSDT', 'kline.5.SUSDT', 'kline.5.NEARUSDT', 'kline.5.ICPUSDT', 'kline.60.BTCUSDT', 'kline.60.ETHUSDT', 'kline.60.SOLUSDT', 'kline.60.ADAUSDT', 'kline.60.DOTUSDT', 'kline.60.DOGEUSDT', 'kline.60.XRPUSDT', 'kline.60.BNBUSDT', 'kline.60.LTCUSDT', 'kline.60.LINKUSDT', 'kline.60.TRXUSDT', 'kline.60.XLMUSDT', 'kline.60.ATOMUSDT', 'kline.60.ALGOUSDT', 'kline.60.PEPEUSDT', 'kline.60.AVAXUSDT', 'kline.60.UNIUSDT', 'kline.60.SUSDT', 'kline.60.NEARUSDT', 'kline.60.ICPUSDT', 'kline.D.BTCUSDT', 'kline.D.ETHUSDT', 'kline.D.SOLUSDT', 'kline.D.ADAUSDT', 'kline.D.DOTUSDT', 'kline.D.DOGEUSDT', 'kline.D.XRPUSDT', 'kline.D.BNBUSDT', 'kline.D.LTCUSDT', 'kline.D.LINKUSDT', 'kline.D.TRXUSDT', 'kline.D.XLMUSDT', 'kline.D.ATOMUSDT', 'kline.D.ALGOUSDT', 'kline.D.PEPEUSDT', 'kline.D.AVAXUSDT', 'kline.D.UNIUSDT', 'kline.D.SUSDT', 'kline.D.NEARUSDT', 'kline.D.ICPUSDT']}
2025-03-09 16:48:01,832 [INFO] - ✅ =-=-=-=-=-=-=-=-=-=-=-=-=-=-=-=-=-=-=- Subscribed to Bybit Spot WebSocket feeds! =-=-=-=-=-=-=-=-=-=-=-=-=-=-=-=-=-=-=-
2025-03-09 16:48:27,983 [INFO] - Refreshing snapshot for BTCUSDT
2025-03-09 16:48:28,160 [INFO] - ✅ Full Order Book Snapshot Loaded for BTCUSDT
2025-03-09 16:48:28,187 [INFO] - Refreshing snapshot for ETHUSDT
2025-03-09 16:48:28,367 [INFO] - ✅ Full Order Book Snapshot Loaded for ETHUSDT
2025-03-09 16:48:28,564 [INFO] - Refreshing snapshot for ADAUSDT
2025-03-09 16:48:28,746 [INFO] - ✅ Full Order Book Snapshot Loaded for ADAUSDT
2025-03-09 16:48:28,757 [INFO] - Refreshing snapshot for DOTUSDT
2025-03-09 16:48:28,937 [INFO] - ✅ Full Order Book Snapshot Loaded for DOTUSDT
2025-03-09 16:48:28,955 [INFO] - Refreshing snapshot for SOLUSDT
2025-03-09 16:48:29,130 [INFO] - ✅ Full Order Book Snapshot Loaded for SOLUSDT
2025-03-09 16:48:29,139 [INFO] - Refreshing snapshot for DOGEUSDT
2025-03-09 16:48:29,315 [INFO] - ✅ Full Order Book Snapshot Loaded for DOGEUSDT
2025-03-09 16:48:29,355 [INFO] - Refreshing snapshot for BNBUSDT
2025-03-09 16:48:29,729 [INFO] - ✅ Full Order Book Snapshot Loaded for BNBUSDT
2025-03-09 16:48:29,738 [INFO] - Refreshing snapshot for LINKUSDT
2025-03-09 16:48:29,920 [INFO] - ✅ Full Order Book Snapshot Loaded for LINKUSDT
2025-03-09 16:48:29,994 [INFO] - Refreshing snapshot for LTCUSDT
2025-03-09 16:48:30,179 [INFO] - ✅ Full Order Book Snapshot Loaded for LTCUSDT
2025-03-09 16:48:30,214 [INFO] - Refreshing snapshot for XRPUSDT
2025-03-09 16:48:30,397 [INFO] - ✅ Full Order Book Snapshot Loaded for XRPUSDT
2025-03-09 16:48:30,466 [INFO] - Refreshing snapshot for XLMUSDT
2025-03-09 16:48:30,648 [INFO] - ✅ Full Order Book Snapshot Loaded for XLMUSDT
2025-03-09 16:48:30,802 [INFO] - Refreshing snapshot for ATOMUSDT
2025-03-09 16:48:30,976 [INFO] - ✅ Full Order Book Snapshot Loaded for ATOMUSDT
2025-03-09 16:48:30,993 [INFO] - Refreshing snapshot for SUSDT
2025-03-09 16:48:31,177 [INFO] - ✅ Full Order Book Snapshot Loaded for SUSDT
2025-03-09 16:48:31,186 [INFO] - Refreshing snapshot for UNIUSDT
2025-03-09 16:48:31,378 [INFO] - ✅ Full Order Book Snapshot Loaded for UNIUSDT
2025-03-09 16:48:31,472 [INFO] - Refreshing snapshot for ALGOUSDT
2025-03-09 16:48:31,652 [INFO] - ✅ Full Order Book Snapshot Loaded for ALGOUSDT
2025-03-09 16:48:31,747 [INFO] - Refreshing snapshot for NEARUSDT
2025-03-09 16:48:31,922 [INFO] - ✅ Full Order Book Snapshot Loaded for NEARUSDT
2025-03-09 16:48:32,229 [INFO] - Refreshing snapshot for ICPUSDT
2025-03-09 16:48:32,411 [INFO] - ✅ Full Order Book Snapshot Loaded for ICPUSDT
2025-03-09 16:48:32,431 [INFO] - Refreshing snapshot for PEPEUSDT
2025-03-09 16:48:32,609 [INFO] - ✅ Full Order Book Snapshot Loaded for PEPEUSDT
2025-03-09 16:48:32,702 [INFO] - 🟢 BNBUSDT Trade | Price: 586.53 | Delay: 0.91s
2025-03-09 16:48:32,703 [INFO] - 🟢 DOGEUSDT Trade | Price: 0.19 | Delay: 0.90s
2025-03-09 16:48:32,734 [INFO] - 🟢 SUSDT Trade | Price: 0.50 | Delay: 0.80s
2025-03-09 16:48:34,405 [INFO] - 🟢 TRXUSDT Trade | Price: 0.24 | Delay: 0.00s
2025-03-09 16:48:34,509 [INFO] - Refreshing snapshot for TRXUSDT
2025-03-09 16:48:34,681 [INFO] - ✅ Full Order Book Snapshot Loaded for TRXUSDT
2025-03-09 16:48:36,587 [INFO] - Refreshing snapshot for AVAXUSDT
2025-03-09 16:48:36,771 [INFO] - ✅ Full Order Book Snapshot Loaded for AVAXUSDT
2025-03-09 16:48:58,176 [INFO] - Refreshing snapshot for BTCUSDT
2025-03-09 16:48:58,401 [INFO] - ✅ Full Order Book Snapshot Loaded for BTCUSDT
2025-03-09 16:48:58,558 [INFO] - Refreshing snapshot for ETHUSDT
2025-03-09 16:48:58,733 [INFO] - ✅ Full Order Book Snapshot Loaded for ETHUSDT
2025-03-09 16:48:58,789 [INFO] - Refreshing snapshot for ADAUSDT
2025-03-09 16:48:58,967 [INFO] - ✅ Full Order Book Snapshot Loaded for ADAUSDT
2025-03-09 16:48:59,190 [INFO] - Refreshing snapshot for SOLUSDT
2025-03-09 16:48:59,372 [INFO] - ✅ Full Order Book Snapshot Loaded for SOLUSDT
2025-03-09 16:48:59,392 [INFO] - Refreshing snapshot for DOGEUSDT
2025-03-09 16:48:59,586 [INFO] - ✅ Full Order Book Snapshot Loaded for DOGEUSDT
2025-03-09 16:49:00,118 [INFO] - Refreshing snapshot for BNBUSDT
2025-03-09 16:49:00,297 [INFO] - ✅ Full Order Book Snapshot Loaded for BNBUSDT
2025-03-09 16:49:00,320 [INFO] - Refreshing snapshot for DOTUSDT
2025-03-09 16:49:00,519 [INFO] - ✅ Full Order Book Snapshot Loaded for DOTUSDT
2025-03-09 16:49:00,614 [INFO] - Refreshing snapshot for XRPUSDT
2025-03-09 16:49:00,802 [INFO] - ✅ Full Order Book Snapshot Loaded for XRPUSDT
2025-03-09 16:49:00,841 [INFO] - Refreshing snapshot for LTCUSDT
2025-03-09 16:49:01,022 [INFO] - ✅ Full Order Book Snapshot Loaded for LTCUSDT
2025-03-09 16:49:01,120 [INFO] - Refreshing snapshot for LINKUSDT
2025-03-09 16:49:01,301 [INFO] - ✅ Full Order Book Snapshot Loaded for LINKUSDT
2025-03-09 16:49:01,448 [INFO] - Refreshing snapshot for SUSDT
2025-03-09 16:49:01,646 [INFO] - ✅ Full Order Book Snapshot Loaded for SUSDT
2025-03-09 16:49:01,720 [INFO] - Refreshing snapshot for UNIUSDT
2025-03-09 16:49:01,900 [INFO] - ✅ Full Order Book Snapshot Loaded for UNIUSDT
2025-03-09 16:49:01,978 [INFO] - Refreshing snapshot for ATOMUSDT
2025-03-09 16:49:02,156 [INFO] - ✅ Full Order Book Snapshot Loaded for ATOMUSDT
2025-03-09 16:49:02,167 [INFO] - Refreshing snapshot for NEARUSDT
2025-03-09 16:49:02,346 [INFO] - ✅ Full Order Book Snapshot Loaded for NEARUSDT
2025-03-09 16:49:02,931 [INFO] - Refreshing snapshot for ICPUSDT
2025-03-09 16:49:03,103 [INFO] - ✅ Full Order Book Snapshot Loaded for ICPUSDT
2025-03-09 16:49:04,050 [INFO] - 🟢 XLMUSDT Trade | Price: 0.28 | Delay: 0.00s
2025-03-09 16:49:04,143 [INFO] - Refreshing snapshot for XLMUSDT
2025-03-09 16:49:04,323 [INFO] - ✅ Full Order Book Snapshot Loaded for XLMUSDT
2025-03-09 16:49:04,352 [INFO] - Refreshing snapshot for PEPEUSDT
2025-03-09 16:49:04,524 [INFO] - ✅ Full Order Book Snapshot Loaded for PEPEUSDT
2025-03-09 16:49:04,594 [INFO] - Refreshing snapshot for ALGOUSDT
2025-03-09 16:49:04,770 [INFO] - ✅ Full Order Book Snapshot Loaded for ALGOUSDT
2025-03-09 16:49:05,400 [INFO] - 🟢 NEARUSDT Trade | Price: 2.86 | Delay: 0.00s
2025-03-09 16:49:07,390 [INFO] - Refreshing snapshot for AVAXUSDT
2025-03-09 16:49:07,565 [INFO] - ✅ Full Order Book Snapshot Loaded for AVAXUSDT
2025-03-09 16:49:08,112 [INFO] - Refreshing snapshot for TRXUSDT
2025-03-09 16:49:08,297 [INFO] - ✅ Full Order Book Snapshot Loaded for TRXUSDT
2025-03-09 16:49:08,444 [INFO] - 🟢 ALGOUSDT Trade | Price: 0.22 | Delay: 0.02s
2025-03-09 16:49:28,582 [INFO] - Refreshing snapshot for BTCUSDT
2025-03-09 16:49:28,765 [INFO] - ✅ Full Order Book Snapshot Loaded for BTCUSDT
2025-03-09 16:49:28,819 [INFO] - Refreshing snapshot for ETHUSDT
2025-03-09 16:49:29,193 [INFO] - ✅ Full Order Book Snapshot Loaded for ETHUSDT
2025-03-09 16:49:29,336 [INFO] - Refreshing snapshot for ADAUSDT
2025-03-09 16:49:29,524 [INFO] - ✅ Full Order Book Snapshot Loaded for ADAUSDT
2025-03-09 16:49:29,603 [INFO] - Refreshing snapshot for SOLUSDT
2025-03-09 16:49:29,780 [INFO] - ✅ Full Order Book Snapshot Loaded for SOLUSDT
2025-03-09 16:49:30,318 [INFO] - Refreshing snapshot for DOGEUSDT
2025-03-09 16:49:30,496 [INFO] - ✅ Full Order Book Snapshot Loaded for DOGEUSDT
2025-03-09 16:49:30,715 [INFO] - Refreshing snapshot for BNBUSDT
2025-03-09 16:49:30,901 [INFO] - ✅ Full Order Book Snapshot Loaded for BNBUSDT
2025-03-09 16:49:31,387 [INFO] - Refreshing snapshot for DOTUSDT
2025-03-09 16:49:31,579 [INFO] - ✅ Full Order Book Snapshot Loaded for DOTUSDT
2025-03-09 16:49:31,611 [INFO] - Refreshing snapshot for XRPUSDT
2025-03-09 16:49:31,791 [INFO] - ✅ Full Order Book Snapshot Loaded for XRPUSDT
2025-03-09 16:49:31,831 [INFO] - Refreshing snapshot for LTCUSDT
2025-03-09 16:49:32,005 [INFO] - ✅ Full Order Book Snapshot Loaded for LTCUSDT
2025-03-09 16:49:32,232 [INFO] - Refreshing snapshot for ATOMUSDT
2025-03-09 16:49:32,415 [INFO] - ✅ Full Order Book Snapshot Loaded for ATOMUSDT
2025-03-09 16:49:32,434 [INFO] - Refreshing snapshot for UNIUSDT
2025-03-09 16:49:32,624 [INFO] - ✅ Full Order Book Snapshot Loaded for UNIUSDT
2025-03-09 16:49:32,634 [INFO] - Refreshing snapshot for NEARUSDT
2025-03-09 16:49:32,812 [INFO] - ✅ Full Order Book Snapshot Loaded for NEARUSDT
2025-03-09 16:49:32,829 [INFO] - Refreshing snapshot for LINKUSDT
2025-03-09 16:49:33,004 [INFO] - ✅ Full Order Book Snapshot Loaded for LINKUSDT
2025-03-09 16:49:33,120 [INFO] - Refreshing snapshot for SUSDT
2025-03-09 16:49:33,309 [INFO] - ✅ Full Order Book Snapshot Loaded for SUSDT
2025-03-09 16:49:33,536 [INFO] - Refreshing snapshot for ICPUSDT
2025-03-09 16:49:33,725 [INFO] - ✅ Full Order Book Snapshot Loaded for ICPUSDT
2025-03-09 16:49:34,561 [INFO] - 🟢 PEPEUSDT Trade | Price: 0.00 | Delay: 0.00s
2025-03-09 16:49:34,755 [INFO] - Refreshing snapshot for PEPEUSDT
2025-03-09 16:49:34,936 [INFO] - ✅ Full Order Book Snapshot Loaded for PEPEUSDT
2025-03-09 16:49:35,598 [INFO] - Refreshing snapshot for ALGOUSDT
2025-03-09 16:49:35,771 [INFO] - ✅ Full Order Book Snapshot Loaded for ALGOUSDT
2025-03-09 16:49:38,138 [INFO] - Refreshing snapshot for XLMUSDT
2025-03-09 16:49:38,312 [INFO] - ✅ Full Order Book Snapshot Loaded for XLMUSDT
2025-03-09 16:49:38,471 [INFO] - Refreshing snapshot for AVAXUSDT
2025-03-09 16:49:38,647 [INFO] - ✅ Full Order Book Snapshot Loaded for AVAXUSDT
2025-03-09 16:49:42,846 [INFO] - 🟢 TRXUSDT Trade | Price: 0.24 | Delay: 0.00s
2025-03-09 16:49:42,908 [INFO] - Refreshing snapshot for TRXUSDT
2025-03-09 16:49:43,090 [INFO] - ✅ Full Order Book Snapshot Loaded for TRXUSDT
2025-03-09 16:49:58,777 [INFO] - Refreshing snapshot for BTCUSDT
2025-03-09 16:49:59,098 [INFO] - ✅ Full Order Book Snapshot Loaded for BTCUSDT
2025-03-09 16:49:59,362 [INFO] - Refreshing snapshot for ETHUSDT
2025-03-09 16:49:59,541 [INFO] - ✅ Full Order Book Snapshot Loaded for ETHUSDT
2025-03-09 16:49:59,557 [INFO] - Refreshing snapshot for ADAUSDT
2025-03-09 16:49:59,741 [INFO] - ✅ Full Order Book Snapshot Loaded for ADAUSDT
2025-03-09 16:49:59,903 [INFO] - Refreshing snapshot for SOLUSDT
2025-03-09 16:50:00,091 [INFO] - ✅ Full Order Book Snapshot Loaded for SOLUSDT
2025-03-09 16:50:00,918 [INFO] - Refreshing snapshot for BNBUSDT
2025-03-09 16:50:01,278 [INFO] - ✅ Full Order Book Snapshot Loaded for BNBUSDT
2025-03-09 16:50:01,517 [INFO] - Refreshing snapshot for DOGEUSDT
2025-03-09 16:50:01,696 [INFO] - ✅ Full Order Book Snapshot Loaded for DOGEUSDT
2025-03-09 16:50:01,714 [INFO] - Refreshing snapshot for DOTUSDT
2025-03-09 16:50:01,900 [INFO] - ✅ Full Order Book Snapshot Loaded for DOTUSDT
2025-03-09 16:50:01,929 [INFO] - Refreshing snapshot for XRPUSDT
2025-03-09 16:50:02,119 [INFO] - ✅ Full Order Book Snapshot Loaded for XRPUSDT
2025-03-09 16:50:02,151 [INFO] - Refreshing snapshot for LTCUSDT
2025-03-09 16:50:02,344 [INFO] - ✅ Full Order Book Snapshot Loaded for LTCUSDT
2025-03-09 16:50:02,560 [INFO] - Refreshing snapshot for ATOMUSDT
2025-03-09 16:50:02,744 [INFO] - ✅ Full Order Book Snapshot Loaded for ATOMUSDT
2025-03-09 16:50:02,892 [INFO] - Refreshing snapshot for NEARUSDT
2025-03-09 16:50:03,074 [INFO] - ✅ Full Order Book Snapshot Loaded for NEARUSDT
2025-03-09 16:50:03,918 [INFO] - Refreshing snapshot for ICPUSDT
2025-03-09 16:50:04,103 [INFO] - ✅ Full Order Book Snapshot Loaded for ICPUSDT
2025-03-09 16:50:04,178 [INFO] - 🟢 SUSDT Trade | Price: 0.50 | Delay: 0.00s
2025-03-09 16:50:04,309 [INFO] - Refreshing snapshot for SUSDT
2025-03-09 16:50:04,484 [INFO] - ✅ Full Order Book Snapshot Loaded for SUSDT
2025-03-09 16:50:05,149 [INFO] - Refreshing snapshot for PEPEUSDT
2025-03-09 16:50:05,317 [INFO] - ✅ Full Order Book Snapshot Loaded for PEPEUSDT
2025-03-09 16:50:05,518 [INFO] - Refreshing snapshot for UNIUSDT
2025-03-09 16:50:05,690 [INFO] - ✅ Full Order Book Snapshot Loaded for UNIUSDT
2025-03-09 16:50:05,785 [INFO] - Refreshing snapshot for LINKUSDT
2025-03-09 16:50:05,964 [INFO] - ✅ Full Order Book Snapshot Loaded for LINKUSDT
2025-03-09 16:50:09,726 [INFO] - Refreshing snapshot for XLMUSDT
2025-03-09 16:50:09,904 [INFO] - ✅ Full Order Book Snapshot Loaded for XLMUSDT
2025-03-09 16:50:09,947 [INFO] - Refreshing snapshot for AVAXUSDT
2025-03-09 16:50:10,119 [INFO] - ✅ Full Order Book Snapshot Loaded for AVAXUSDT
2025-03-09 16:50:13,635 [INFO] - Refreshing snapshot for ALGOUSDT
2025-03-09 16:50:13,819 [INFO] - ✅ Full Order Book Snapshot Loaded for ALGOUSDT
2025-03-09 16:50:16,309 [INFO] - Refreshing snapshot for TRXUSDT
2025-03-09 16:50:16,481 [INFO] - ✅ Full Order Book Snapshot Loaded for TRXUSDT
2025-03-09 16:50:29,186 [INFO] - Refreshing snapshot for BTCUSDT
2025-03-09 16:50:29,362 [INFO] - ✅ Full Order Book Snapshot Loaded for BTCUSDT
2025-03-09 16:50:29,550 [INFO] - Refreshing snapshot for ETHUSDT
2025-03-09 16:50:29,729 [INFO] - ✅ Full Order Book Snapshot Loaded for ETHUSDT
2025-03-09 16:50:29,743 [INFO] - Refreshing snapshot for ADAUSDT
2025-03-09 16:50:29,918 [INFO] - ✅ Full Order Book Snapshot Loaded for ADAUSDT
2025-03-09 16:50:30,195 [INFO] - Refreshing snapshot for SOLUSDT
2025-03-09 16:50:30,372 [INFO] - ✅ Full Order Book Snapshot Loaded for SOLUSDT
2025-03-09 16:50:31,331 [INFO] - Refreshing snapshot for BNBUSDT
2025-03-09 16:50:31,510 [INFO] - ✅ Full Order Book Snapshot Loaded for BNBUSDT
2025-03-09 16:50:31,774 [INFO] - Refreshing snapshot for DOGEUSDT
2025-03-09 16:50:31,954 [INFO] - ✅ Full Order Book Snapshot Loaded for DOGEUSDT
2025-03-09 16:50:32,005 [INFO] - Refreshing snapshot for DOTUSDT
2025-03-09 16:50:32,176 [INFO] - ✅ Full Order Book Snapshot Loaded for DOTUSDT
2025-03-09 16:50:32,216 [INFO] - Refreshing snapshot for XRPUSDT
2025-03-09 16:50:32,397 [INFO] - ✅ Full Order Book Snapshot Loaded for XRPUSDT
2025-03-09 16:50:32,440 [INFO] - Refreshing snapshot for LTCUSDT
2025-03-09 16:50:32,621 [INFO] - ✅ Full Order Book Snapshot Loaded for LTCUSDT
2025-03-09 16:50:33,198 [INFO] - Refreshing snapshot for ATOMUSDT
2025-03-09 16:50:33,374 [INFO] - ✅ Full Order Book Snapshot Loaded for ATOMUSDT
2025-03-09 16:50:35,108 [INFO] - Refreshing snapshot for SUSDT
2025-03-09 16:50:35,293 [INFO] - ✅ Full Order Book Snapshot Loaded for SUSDT
2025-03-09 16:50:35,303 [INFO] - Refreshing snapshot for NEARUSDT
2025-03-09 16:50:35,475 [INFO] - ✅ Full Order Book Snapshot Loaded for NEARUSDT
2025-03-09 16:50:36,913 [INFO] - Refreshing snapshot for UNIUSDT
2025-03-09 16:50:37,090 [INFO] - ✅ Full Order Book Snapshot Loaded for UNIUSDT
2025-03-09 16:50:37,818 [INFO] - 🟢 LINKUSDT Trade | Price: 15.23 | Delay: 0.00s
2025-03-09 16:50:38,349 [INFO] - Refreshing snapshot for PEPEUSDT
2025-03-09 16:50:38,525 [INFO] - ✅ Full Order Book Snapshot Loaded for PEPEUSDT
2025-03-09 16:50:41,754 [INFO] - Refreshing snapshot for LINKUSDT
2025-03-09 16:50:41,958 [INFO] - ✅ Full Order Book Snapshot Loaded for LINKUSDT
2025-03-09 16:50:41,968 [INFO] - Refreshing snapshot for XLMUSDT
2025-03-09 16:50:42,149 [INFO] - ✅ Full Order Book Snapshot Loaded for XLMUSDT
2025-03-09 16:50:42,160 [INFO] - Refreshing snapshot for ICPUSDT
2025-03-09 16:50:42,333 [INFO] - ✅ Full Order Book Snapshot Loaded for ICPUSDT
2025-03-09 16:50:42,406 [INFO] - Refreshing snapshot for AVAXUSDT
2025-03-09 16:50:42,583 [INFO] - ✅ Full Order Book Snapshot Loaded for AVAXUSDT
2025-03-09 16:50:44,207 [INFO] - Refreshing snapshot for ALGOUSDT
2025-03-09 16:50:44,568 [INFO] - ✅ Full Order Book Snapshot Loaded for ALGOUSDT
2025-03-09 16:50:51,758 [INFO] - 🟢 TRXUSDT Trade | Price: 0.24 | Delay: 0.00s
2025-03-09 16:50:52,908 [INFO] - Refreshing snapshot for TRXUSDT
2025-03-09 16:50:53,092 [INFO] - ✅ Full Order Book Snapshot Loaded for TRXUSDT
2025-03-09 16:50:58,903 [INFO] - 🛑 WebSocket Bot Stopped.
2025-03-09 16:50:59,189 [INFO] - Discord Message sent successfully!
2025-03-09 16:52:18,700 [INFO] - Discord Message sent successfully!
2025-03-09 16:52:18,923 [INFO] - ✅ Full Order Book Snapshot Loaded for BTCUSDT
2025-03-09 16:52:19,104 [INFO] - ✅ Full Order Book Snapshot Loaded for ETHUSDT
2025-03-09 16:52:19,290 [INFO] - ✅ Full Order Book Snapshot Loaded for SOLUSDT
2025-03-09 16:52:19,474 [INFO] - ✅ Full Order Book Snapshot Loaded for ADAUSDT
2025-03-09 16:52:19,659 [INFO] - ✅ Full Order Book Snapshot Loaded for DOTUSDT
2025-03-09 16:52:19,839 [INFO] - ✅ Full Order Book Snapshot Loaded for DOGEUSDT
2025-03-09 16:52:20,027 [INFO] - ✅ Full Order Book Snapshot Loaded for XRPUSDT
2025-03-09 16:52:20,215 [INFO] - ✅ Full Order Book Snapshot Loaded for BNBUSDT
2025-03-09 16:52:20,391 [INFO] - ✅ Full Order Book Snapshot Loaded for LTCUSDT
2025-03-09 16:52:20,566 [INFO] - ✅ Full Order Book Snapshot Loaded for LINKUSDT
2025-03-09 16:52:20,751 [INFO] - ✅ Full Order Book Snapshot Loaded for TRXUSDT
2025-03-09 16:52:41,961 [INFO] - ✅ Full Order Book Snapshot Loaded for XLMUSDT
2025-03-09 16:52:42,149 [INFO] - ✅ Full Order Book Snapshot Loaded for ATOMUSDT
2025-03-09 16:52:42,338 [INFO] - ✅ Full Order Book Snapshot Loaded for ALGOUSDT
2025-03-09 16:52:42,518 [INFO] - ✅ Full Order Book Snapshot Loaded for PEPEUSDT
2025-03-09 16:52:42,713 [INFO] - ✅ Full Order Book Snapshot Loaded for AVAXUSDT
2025-03-09 16:52:42,971 [INFO] - ✅ Full Order Book Snapshot Loaded for UNIUSDT
2025-03-09 16:52:43,157 [INFO] - ✅ Full Order Book Snapshot Loaded for SUSDT
2025-03-09 16:52:43,341 [INFO] - ✅ Full Order Book Snapshot Loaded for NEARUSDT
2025-03-09 16:52:43,524 [INFO] - ✅ Full Order Book Snapshot Loaded for ICPUSDT
2025-03-09 16:52:44,047 [INFO] - ✅ subscribe_in_batches execution 1 {'trades': ['publicTrade.BTCUSDT', 'publicTrade.ETHUSDT', 'publicTrade.SOLUSDT', 'publicTrade.ADAUSDT', 'publicTrade.DOTUSDT', 'publicTrade.DOGEUSDT', 'publicTrade.XRPUSDT', 'publicTrade.BNBUSDT', 'publicTrade.LTCUSDT', 'publicTrade.LINKUSDT', 'publicTrade.TRXUSDT', 'publicTrade.XLMUSDT', 'publicTrade.ATOMUSDT', 'publicTrade.ALGOUSDT', 'publicTrade.PEPEUSDT', 'publicTrade.AVAXUSDT', 'publicTrade.UNIUSDT', 'publicTrade.SUSDT', 'publicTrade.NEARUSDT', 'publicTrade.ICPUSDT'], 'orderbook': ['orderbook.200.BTCUSDT', 'orderbook.200.ETHUSDT', 'orderbook.200.SOLUSDT', 'orderbook.200.ADAUSDT', 'orderbook.200.DOTUSDT', 'orderbook.200.DOGEUSDT', 'orderbook.200.XRPUSDT', 'orderbook.200.BNBUSDT', 'orderbook.200.LTCUSDT', 'orderbook.200.LINKUSDT', 'orderbook.200.TRXUSDT', 'orderbook.200.XLMUSDT', 'orderbook.200.ATOMUSDT', 'orderbook.200.ALGOUSDT', 'orderbook.200.PEPEUSDT', 'orderbook.200.AVAXUSDT', 'orderbook.200.UNIUSDT', 'orderbook.200.SUSDT', 'orderbook.200.NEARUSDT', 'orderbook.200.ICPUSDT'], 'kline': ['kline.1.BTCUSDT', 'kline.1.ETHUSDT', 'kline.1.SOLUSDT', 'kline.1.ADAUSDT', 'kline.1.DOTUSDT', 'kline.1.DOGEUSDT', 'kline.1.XRPUSDT', 'kline.1.BNBUSDT', 'kline.1.LTCUSDT', 'kline.1.LINKUSDT', 'kline.1.TRXUSDT', 'kline.1.XLMUSDT', 'kline.1.ATOMUSDT', 'kline.1.ALGOUSDT', 'kline.1.PEPEUSDT', 'kline.1.AVAXUSDT', 'kline.1.UNIUSDT', 'kline.1.SUSDT', 'kline.1.NEARUSDT', 'kline.1.ICPUSDT', 'kline.5.BTCUSDT', 'kline.5.ETHUSDT', 'kline.5.SOLUSDT', 'kline.5.ADAUSDT', 'kline.5.DOTUSDT', 'kline.5.DOGEUSDT', 'kline.5.XRPUSDT', 'kline.5.BNBUSDT', 'kline.5.LTCUSDT', 'kline.5.LINKUSDT', 'kline.5.TRXUSDT', 'kline.5.XLMUSDT', 'kline.5.ATOMUSDT', 'kline.5.ALGOUSDT', 'kline.5.PEPEUSDT', 'kline.5.AVAXUSDT', 'kline.5.UNIUSDT', 'kline.5.SUSDT', 'kline.5.NEARUSDT', 'kline.5.ICPUSDT', 'kline.60.BTCUSDT', 'kline.60.ETHUSDT', 'kline.60.SOLUSDT', 'kline.60.ADAUSDT', 'kline.60.DOTUSDT', 'kline.60.DOGEUSDT', 'kline.60.XRPUSDT', 'kline.60.BNBUSDT', 'kline.60.LTCUSDT', 'kline.60.LINKUSDT', 'kline.60.TRXUSDT', 'kline.60.XLMUSDT', 'kline.60.ATOMUSDT', 'kline.60.ALGOUSDT', 'kline.60.PEPEUSDT', 'kline.60.AVAXUSDT', 'kline.60.UNIUSDT', 'kline.60.SUSDT', 'kline.60.NEARUSDT', 'kline.60.ICPUSDT', 'kline.D.BTCUSDT', 'kline.D.ETHUSDT', 'kline.D.SOLUSDT', 'kline.D.ADAUSDT', 'kline.D.DOTUSDT', 'kline.D.DOGEUSDT', 'kline.D.XRPUSDT', 'kline.D.BNBUSDT', 'kline.D.LTCUSDT', 'kline.D.LINKUSDT', 'kline.D.TRXUSDT', 'kline.D.XLMUSDT', 'kline.D.ATOMUSDT', 'kline.D.ALGOUSDT', 'kline.D.PEPEUSDT', 'kline.D.AVAXUSDT', 'kline.D.UNIUSDT', 'kline.D.SUSDT', 'kline.D.NEARUSDT', 'kline.D.ICPUSDT']}
2025-03-09 16:52:44,074 [INFO] - ✅ =-=-=-=-=-=-=-=-=-=-=-=-=-=-=-=-=-=-=- Subscribed to Bybit Spot WebSocket feeds! =-=-=-=-=-=-=-=-=-=-=-=-=-=-=-=-=-=-=-
2025-03-09 16:52:48,979 [INFO] - Refreshing snapshot for BTCUSDT
2025-03-09 16:52:49,156 [INFO] - ✅ Full Order Book Snapshot Loaded for BTCUSDT
2025-03-09 16:52:49,188 [INFO] - Refreshing snapshot for ETHUSDT
2025-03-09 16:52:49,363 [INFO] - ✅ Full Order Book Snapshot Loaded for ETHUSDT
2025-03-09 16:52:49,429 [INFO] - Refreshing snapshot for SOLUSDT
2025-03-09 16:52:49,610 [INFO] - ✅ Full Order Book Snapshot Loaded for SOLUSDT
2025-03-09 16:52:49,671 [INFO] - Refreshing snapshot for ADAUSDT
2025-03-09 16:52:49,844 [INFO] - ✅ Full Order Book Snapshot Loaded for ADAUSDT
2025-03-09 16:52:49,874 [INFO] - Refreshing snapshot for DOGEUSDT
2025-03-09 16:52:50,235 [INFO] - ✅ Full Order Book Snapshot Loaded for DOGEUSDT
2025-03-09 16:52:50,279 [INFO] - Refreshing snapshot for XRPUSDT
2025-03-09 16:52:50,456 [INFO] - ✅ Full Order Book Snapshot Loaded for XRPUSDT
2025-03-09 16:52:50,469 [INFO] - Refreshing snapshot for LTCUSDT
2025-03-09 16:52:50,644 [INFO] - ✅ Full Order Book Snapshot Loaded for LTCUSDT
2025-03-09 16:52:50,661 [INFO] - Refreshing snapshot for DOTUSDT
2025-03-09 16:52:50,834 [INFO] - ✅ Full Order Book Snapshot Loaded for DOTUSDT
2025-03-09 16:52:50,898 [INFO] - Refreshing snapshot for BNBUSDT
2025-03-09 16:52:51,078 [INFO] - ✅ Full Order Book Snapshot Loaded for BNBUSDT
2025-03-09 16:52:55,109 [INFO] - Refreshing snapshot for TRXUSDT
2025-03-09 16:52:55,286 [INFO] - ✅ Full Order Book Snapshot Loaded for TRXUSDT
2025-03-09 16:53:12,198 [INFO] - Refreshing snapshot for ATOMUSDT
2025-03-09 16:53:12,375 [INFO] - ✅ Full Order Book Snapshot Loaded for ATOMUSDT
2025-03-09 16:53:12,787 [INFO] - Refreshing snapshot for AVAXUSDT
2025-03-09 16:53:12,972 [INFO] - ✅ Full Order Book Snapshot Loaded for AVAXUSDT
2025-03-09 16:53:13,310 [INFO] - Refreshing snapshot for SUSDT
2025-03-09 16:53:13,489 [INFO] - ✅ Full Order Book Snapshot Loaded for SUSDT
2025-03-09 16:53:13,514 [INFO] - Refreshing snapshot for PEPEUSDT
2025-03-09 16:53:13,887 [INFO] - ✅ Full Order Book Snapshot Loaded for PEPEUSDT
2025-03-09 16:53:13,957 [INFO] - Refreshing snapshot for NEARUSDT
2025-03-09 16:53:14,141 [INFO] - ✅ Full Order Book Snapshot Loaded for NEARUSDT
2025-03-09 16:53:14,153 [INFO] - Refreshing snapshot for UNIUSDT
2025-03-09 16:53:14,335 [INFO] - ✅ Full Order Book Snapshot Loaded for UNIUSDT
2025-03-09 16:53:14,358 [INFO] - Refreshing snapshot for LINKUSDT
2025-03-09 16:53:14,532 [INFO] - ✅ Full Order Book Snapshot Loaded for LINKUSDT
2025-03-09 16:53:14,550 [INFO] - Refreshing snapshot for XLMUSDT
2025-03-09 16:53:14,730 [INFO] - ✅ Full Order Book Snapshot Loaded for XLMUSDT
2025-03-09 16:53:14,812 [INFO] - Refreshing snapshot for ALGOUSDT
2025-03-09 16:53:15,004 [INFO] - ✅ Full Order Book Snapshot Loaded for ALGOUSDT
2025-03-09 16:53:15,015 [INFO] - 🟢 XRPUSDT Trade | Price: 2.33 | Delay: 1.09s
2025-03-09 16:53:15,079 [INFO] - Refreshing snapshot for ICPUSDT
2025-03-09 16:53:15,264 [INFO] - ✅ Full Order Book Snapshot Loaded for ICPUSDT
2025-03-09 16:53:15,289 [INFO] - 🟢 SUSDT Trade | Price: 0.50 | Delay: 1.30s
2025-03-09 16:53:16,578 [INFO] - 🟢 TRXUSDT Trade | Price: 0.24 | Delay: 0.00s
2025-03-09 16:53:19,178 [INFO] - Refreshing snapshot for BTCUSDT
2025-03-09 16:53:19,394 [INFO] - ✅ Full Order Book Snapshot Loaded for BTCUSDT
2025-03-09 16:53:19,416 [INFO] - Refreshing snapshot for ETHUSDT
2025-03-09 16:53:19,594 [INFO] - ✅ Full Order Book Snapshot Loaded for ETHUSDT
2025-03-09 16:53:19,621 [INFO] - Refreshing snapshot for SOLUSDT
2025-03-09 16:53:19,803 [INFO] - ✅ Full Order Book Snapshot Loaded for SOLUSDT
2025-03-09 16:53:19,888 [INFO] - Refreshing snapshot for ADAUSDT
2025-03-09 16:53:20,076 [INFO] - ✅ Full Order Book Snapshot Loaded for ADAUSDT
2025-03-09 16:53:20,318 [INFO] - Refreshing snapshot for DOGEUSDT
2025-03-09 16:53:20,493 [INFO] - ✅ Full Order Book Snapshot Loaded for DOGEUSDT
2025-03-09 16:53:20,533 [INFO] - Refreshing snapshot for XRPUSDT
2025-03-09 16:53:20,710 [INFO] - ✅ Full Order Book Snapshot Loaded for XRPUSDT
2025-03-09 16:53:20,752 [INFO] - Refreshing snapshot for LTCUSDT
2025-03-09 16:53:20,931 [INFO] - ✅ Full Order Book Snapshot Loaded for LTCUSDT
2025-03-09 16:53:20,969 [INFO] - Refreshing snapshot for DOTUSDT
2025-03-09 16:53:21,150 [INFO] - ✅ Full Order Book Snapshot Loaded for DOTUSDT
2025-03-09 16:53:22,923 [INFO] - Refreshing snapshot for BNBUSDT
2025-03-09 16:53:23,097 [INFO] - ✅ Full Order Book Snapshot Loaded for BNBUSDT
2025-03-09 16:53:26,709 [INFO] - Refreshing snapshot for TRXUSDT
2025-03-09 16:53:26,893 [INFO] - ✅ Full Order Book Snapshot Loaded for TRXUSDT
2025-03-09 16:53:43,823 [INFO] - Refreshing snapshot for AVAXUSDT
2025-03-09 16:53:44,001 [INFO] - ✅ Full Order Book Snapshot Loaded for AVAXUSDT
2025-03-09 16:53:44,029 [INFO] - Refreshing snapshot for ATOMUSDT
2025-03-09 16:53:44,215 [INFO] - ✅ Full Order Book Snapshot Loaded for ATOMUSDT
2025-03-09 16:53:44,234 [INFO] - Refreshing snapshot for NEARUSDT
2025-03-09 16:53:44,408 [INFO] - ✅ Full Order Book Snapshot Loaded for NEARUSDT
2025-03-09 16:53:44,418 [INFO] - Refreshing snapshot for UNIUSDT
2025-03-09 16:53:44,597 [INFO] - ✅ Full Order Book Snapshot Loaded for UNIUSDT
2025-03-09 16:53:44,642 [INFO] - Refreshing snapshot for PEPEUSDT
2025-03-09 16:53:44,826 [INFO] - ✅ Full Order Book Snapshot Loaded for PEPEUSDT
2025-03-09 16:53:44,845 [INFO] - 🟢 BTCUSDT Trade | Price: 86023.99 | Delay: 0.64s
2025-03-09 16:53:44,943 [INFO] - Refreshing snapshot for SUSDT
2025-03-09 16:53:45,134 [INFO] - ✅ Full Order Book Snapshot Loaded for SUSDT
2025-03-09 16:53:45,448 [INFO] - Refreshing snapshot for LINKUSDT
2025-03-09 16:53:45,629 [INFO] - ✅ Full Order Book Snapshot Loaded for LINKUSDT
2025-03-09 16:53:46,402 [INFO] - Refreshing snapshot for ALGOUSDT
2025-03-09 16:53:46,777 [INFO] - ✅ Full Order Book Snapshot Loaded for ALGOUSDT
2025-03-09 16:53:46,916 [INFO] - Refreshing snapshot for XLMUSDT
2025-03-09 16:53:47,099 [INFO] - ✅ Full Order Book Snapshot Loaded for XLMUSDT
2025-03-09 16:53:47,319 [INFO] - 🟢 PEPEUSDT Trade | Price: 0.00 | Delay: 0.00s
2025-03-09 16:53:47,591 [INFO] - 🟢 TRXUSDT Trade | Price: 0.24 | Delay: 0.00s
2025-03-09 16:53:47,938 [INFO] - Refreshing snapshot for ICPUSDT
2025-03-09 16:53:48,114 [INFO] - ✅ Full Order Book Snapshot Loaded for ICPUSDT
2025-03-09 16:53:49,579 [INFO] - Refreshing snapshot for BTCUSDT
2025-03-09 16:53:49,769 [INFO] - ✅ Full Order Book Snapshot Loaded for BTCUSDT
2025-03-09 16:53:49,838 [INFO] - Refreshing snapshot for ETHUSDT
2025-03-09 16:53:50,019 [INFO] - ✅ Full Order Book Snapshot Loaded for ETHUSDT
2025-03-09 16:53:50,044 [INFO] - Refreshing snapshot for SOLUSDT
2025-03-09 16:53:50,228 [INFO] - ✅ Full Order Book Snapshot Loaded for SOLUSDT
2025-03-09 16:53:50,284 [INFO] - Refreshing snapshot for ADAUSDT
2025-03-09 16:53:50,460 [INFO] - ✅ Full Order Book Snapshot Loaded for ADAUSDT
2025-03-09 16:53:50,583 [INFO] - Refreshing snapshot for DOGEUSDT
2025-03-09 16:53:50,948 [INFO] - ✅ Full Order Book Snapshot Loaded for DOGEUSDT
2025-03-09 16:53:51,054 [INFO] - Refreshing snapshot for XRPUSDT
2025-03-09 16:53:51,228 [INFO] - ✅ Full Order Book Snapshot Loaded for XRPUSDT
2025-03-09 16:53:51,443 [INFO] - Refreshing snapshot for LTCUSDT
2025-03-09 16:53:51,615 [INFO] - ✅ Full Order Book Snapshot Loaded for LTCUSDT
2025-03-09 16:53:53,319 [INFO] - Refreshing snapshot for BNBUSDT
2025-03-09 16:53:53,507 [INFO] - ✅ Full Order Book Snapshot Loaded for BNBUSDT
2025-03-09 16:53:54,869 [INFO] - 🟢 XLMUSDT Trade | Price: 0.28 | Delay: 0.00s
2025-03-09 16:53:57,368 [INFO] - Refreshing snapshot for DOTUSDT
2025-03-09 16:53:57,548 [INFO] - ✅ Full Order Book Snapshot Loaded for DOTUSDT
2025-03-09 16:54:05,511 [INFO] - Refreshing snapshot for TRXUSDT
2025-03-09 16:54:05,684 [INFO] - ✅ Full Order Book Snapshot Loaded for TRXUSDT
2025-03-09 16:54:14,861 [INFO] - 🟢 DOGEUSDT Trade | Price: 0.19 | Delay: 0.00s
2025-03-09 16:54:14,915 [INFO] - Refreshing snapshot for NEARUSDT
2025-03-09 16:54:15,095 [INFO] - ✅ Full Order Book Snapshot Loaded for NEARUSDT
2025-03-09 16:54:15,105 [INFO] - Refreshing snapshot for UNIUSDT
2025-03-09 16:54:15,300 [INFO] - ✅ Full Order Book Snapshot Loaded for UNIUSDT
2025-03-09 16:54:15,377 [INFO] - Refreshing snapshot for PEPEUSDT
2025-03-09 16:54:15,557 [INFO] - ✅ Full Order Book Snapshot Loaded for PEPEUSDT
2025-03-09 16:54:15,604 [INFO] - Refreshing snapshot for AVAXUSDT
2025-03-09 16:54:15,780 [INFO] - ✅ Full Order Book Snapshot Loaded for AVAXUSDT
2025-03-09 16:54:15,821 [INFO] - Refreshing snapshot for SUSDT
2025-03-09 16:54:15,998 [INFO] - ✅ Full Order Book Snapshot Loaded for SUSDT
2025-03-09 16:54:16,103 [INFO] - Refreshing snapshot for ATOMUSDT
2025-03-09 16:54:16,278 [INFO] - ✅ Full Order Book Snapshot Loaded for ATOMUSDT
2025-03-09 16:54:16,467 [INFO] - Refreshing snapshot for LINKUSDT
2025-03-09 16:54:16,660 [INFO] - ✅ Full Order Book Snapshot Loaded for LINKUSDT
2025-03-09 16:54:17,033 [INFO] - Refreshing snapshot for ALGOUSDT
2025-03-09 16:54:17,213 [INFO] - ✅ Full Order Book Snapshot Loaded for ALGOUSDT
2025-03-09 16:54:17,273 [INFO] - Refreshing snapshot for XLMUSDT
2025-03-09 16:54:17,448 [INFO] - ✅ Full Order Book Snapshot Loaded for XLMUSDT
2025-03-09 16:54:18,688 [INFO] - 🟢 TRXUSDT Trade | Price: 0.24 | Delay: 0.00s
2025-03-09 16:54:19,779 [INFO] - Refreshing snapshot for BTCUSDT
2025-03-09 16:54:20,001 [INFO] - ✅ Full Order Book Snapshot Loaded for BTCUSDT
2025-03-09 16:54:20,083 [INFO] - Refreshing snapshot for ETHUSDT
2025-03-09 16:54:20,281 [INFO] - ✅ Full Order Book Snapshot Loaded for ETHUSDT
2025-03-09 16:54:20,318 [INFO] - Refreshing snapshot for SOLUSDT
2025-03-09 16:54:20,508 [INFO] - ✅ Full Order Book Snapshot Loaded for SOLUSDT
2025-03-09 16:54:20,547 [INFO] - Refreshing snapshot for ICPUSDT
2025-03-09 16:54:20,726 [INFO] - ✅ Full Order Book Snapshot Loaded for ICPUSDT
2025-03-09 16:54:20,753 [INFO] - Refreshing snapshot for ADAUSDT
2025-03-09 16:54:20,940 [INFO] - ✅ Full Order Book Snapshot Loaded for ADAUSDT
2025-03-09 16:54:20,977 [INFO] - Refreshing snapshot for DOGEUSDT
2025-03-09 16:54:21,160 [INFO] - ✅ Full Order Book Snapshot Loaded for DOGEUSDT
2025-03-09 16:54:21,284 [INFO] - Refreshing snapshot for XRPUSDT
2025-03-09 16:54:21,459 [INFO] - ✅ Full Order Book Snapshot Loaded for XRPUSDT
2025-03-09 16:54:21,709 [INFO] - Refreshing snapshot for LTCUSDT
2025-03-09 16:54:21,896 [INFO] - ✅ Full Order Book Snapshot Loaded for LTCUSDT
2025-03-09 16:54:23,525 [INFO] - Refreshing snapshot for BNBUSDT
2025-03-09 16:54:23,701 [INFO] - ✅ Full Order Book Snapshot Loaded for BNBUSDT
2025-03-09 16:54:27,768 [INFO] - Refreshing snapshot for DOTUSDT
2025-03-09 16:54:27,945 [INFO] - ✅ Full Order Book Snapshot Loaded for DOTUSDT
2025-03-09 16:54:40,708 [INFO] - Refreshing snapshot for TRXUSDT
2025-03-09 16:54:40,890 [INFO] - ✅ Full Order Book Snapshot Loaded for TRXUSDT
2025-03-09 16:54:45,513 [INFO] - Refreshing snapshot for NEARUSDT
2025-03-09 16:54:45,684 [INFO] - ✅ Full Order Book Snapshot Loaded for NEARUSDT
2025-03-09 16:54:45,693 [INFO] - Refreshing snapshot for UNIUSDT
2025-03-09 16:54:45,867 [INFO] - ✅ Full Order Book Snapshot Loaded for UNIUSDT
2025-03-09 16:54:46,015 [INFO] - Refreshing snapshot for AVAXUSDT
2025-03-09 16:54:46,189 [INFO] - ✅ Full Order Book Snapshot Loaded for AVAXUSDT
2025-03-09 16:54:46,208 [INFO] - Refreshing snapshot for SUSDT
2025-03-09 16:54:46,387 [INFO] - ✅ Full Order Book Snapshot Loaded for SUSDT
2025-03-09 16:54:46,918 [INFO] - Refreshing snapshot for LINKUSDT
2025-03-09 16:54:47,098 [INFO] - ✅ Full Order Book Snapshot Loaded for LINKUSDT
2025-03-09 16:54:47,165 [INFO] - 🟢 LTCUSDT Trade | Price: 100.85 | Delay: 0.00s
2025-03-09 16:54:47,226 [INFO] - Refreshing snapshot for ALGOUSDT
2025-03-09 16:54:47,401 [INFO] - ✅ Full Order Book Snapshot Loaded for ALGOUSDT
2025-03-09 16:54:47,410 [INFO] - Refreshing snapshot for ATOMUSDT
2025-03-09 16:54:47,583 [INFO] - ✅ Full Order Book Snapshot Loaded for ATOMUSDT
2025-03-09 16:54:47,656 [INFO] - Refreshing snapshot for XLMUSDT
2025-03-09 16:54:47,828 [INFO] - ✅ Full Order Book Snapshot Loaded for XLMUSDT
2025-03-09 16:54:47,861 [INFO] - Refreshing snapshot for PEPEUSDT
2025-03-09 16:54:48,032 [INFO] - ✅ Full Order Book Snapshot Loaded for PEPEUSDT
2025-03-09 16:54:50,177 [INFO] - Refreshing snapshot for BTCUSDT
2025-03-09 16:54:50,356 [INFO] - ✅ Full Order Book Snapshot Loaded for BTCUSDT
2025-03-09 16:54:50,420 [INFO] - Refreshing snapshot for ETHUSDT
2025-03-09 16:54:50,596 [INFO] - ✅ Full Order Book Snapshot Loaded for ETHUSDT
2025-03-09 16:54:50,630 [INFO] - Refreshing snapshot for SOLUSDT
2025-03-09 16:54:50,814 [INFO] - ✅ Full Order Book Snapshot Loaded for SOLUSDT
2025-03-09 16:54:51,327 [INFO] - Refreshing snapshot for DOGEUSDT
2025-03-09 16:54:51,502 [INFO] - ✅ Full Order Book Snapshot Loaded for DOGEUSDT
2025-03-09 16:54:51,535 [INFO] - Refreshing snapshot for ADAUSDT
2025-03-09 16:54:51,716 [INFO] - ✅ Full Order Book Snapshot Loaded for ADAUSDT
2025-03-09 16:54:51,752 [INFO] - 🟢 TRXUSDT Trade | Price: 0.24 | Delay: 0.00s
2025-03-09 16:54:52,208 [INFO] - Refreshing snapshot for XRPUSDT
2025-03-09 16:54:52,391 [INFO] - ✅ Full Order Book Snapshot Loaded for XRPUSDT
2025-03-09 16:54:52,932 [INFO] - Refreshing snapshot for LTCUSDT
2025-03-09 16:54:53,110 [INFO] - ✅ Full Order Book Snapshot Loaded for LTCUSDT
2025-03-09 16:54:53,537 [INFO] - Refreshing snapshot for ICPUSDT
2025-03-09 16:54:53,712 [INFO] - ✅ Full Order Book Snapshot Loaded for ICPUSDT
2025-03-09 16:54:53,916 [INFO] - Refreshing snapshot for BNBUSDT
2025-03-09 16:54:54,093 [INFO] - ✅ Full Order Book Snapshot Loaded for BNBUSDT
2025-03-09 16:54:58,575 [INFO] - Refreshing snapshot for DOTUSDT
2025-03-09 16:54:58,752 [INFO] - ✅ Full Order Book Snapshot Loaded for DOTUSDT
2025-03-09 16:55:15,713 [INFO] - Refreshing snapshot for NEARUSDT
2025-03-09 16:55:15,902 [INFO] - ✅ Full Order Book Snapshot Loaded for NEARUSDT
2025-03-09 16:55:15,955 [INFO] - 🟢 XRPUSDT Trade | Price: 2.33 | Delay: 0.00s
2025-03-09 16:55:15,991 [INFO] - Refreshing snapshot for UNIUSDT
2025-03-09 16:55:16,174 [INFO] - ✅ Full Order Book Snapshot Loaded for UNIUSDT
2025-03-09 16:55:16,258 [INFO] - Refreshing snapshot for AVAXUSDT
2025-03-09 16:55:16,432 [INFO] - ✅ Full Order Book Snapshot Loaded for AVAXUSDT
2025-03-09 16:55:16,471 [INFO] - Refreshing snapshot for SUSDT
2025-03-09 16:55:16,646 [INFO] - ✅ Full Order Book Snapshot Loaded for SUSDT
2025-03-09 16:55:17,710 [INFO] - Refreshing snapshot for TRXUSDT
2025-03-09 16:55:17,886 [INFO] - ✅ Full Order Book Snapshot Loaded for TRXUSDT
2025-03-09 16:55:18,035 [INFO] - Refreshing snapshot for ALGOUSDT
2025-03-09 16:55:18,214 [INFO] - ✅ Full Order Book Snapshot Loaded for ALGOUSDT
2025-03-09 16:55:18,225 [INFO] - Refreshing snapshot for ATOMUSDT
2025-03-09 16:55:18,411 [INFO] - ✅ Full Order Book Snapshot Loaded for ATOMUSDT
2025-03-09 16:55:18,422 [INFO] - 🟢 LTCUSDT Trade | Price: 100.81 | Delay: 0.15s
2025-03-09 16:55:18,424 [INFO] - 🟢 PEPEUSDT Trade | Price: 0.00 | Delay: 0.10s
2025-03-09 16:55:18,480 [INFO] - Refreshing snapshot for XLMUSDT
2025-03-09 16:55:18,666 [INFO] - ✅ Full Order Book Snapshot Loaded for XLMUSDT
2025-03-09 16:55:18,706 [INFO] - Refreshing snapshot for PEPEUSDT
2025-03-09 16:55:18,895 [INFO] - ✅ Full Order Book Snapshot Loaded for PEPEUSDT
2025-03-09 16:55:19,036 [INFO] - Refreshing snapshot for LINKUSDT
2025-03-09 16:55:19,215 [INFO] - ✅ Full Order Book Snapshot Loaded for LINKUSDT
2025-03-09 16:55:20,384 [INFO] - Refreshing snapshot for BTCUSDT
2025-03-09 16:55:20,618 [INFO] - ✅ Full Order Book Snapshot Loaded for BTCUSDT
2025-03-09 16:55:20,660 [INFO] - Refreshing snapshot for ETHUSDT
2025-03-09 16:55:20,844 [INFO] - ✅ Full Order Book Snapshot Loaded for ETHUSDT
2025-03-09 16:55:20,876 [INFO] - Refreshing snapshot for SOLUSDT
2025-03-09 16:55:21,069 [INFO] - ✅ Full Order Book Snapshot Loaded for SOLUSDT
